2020-03-26 11:35:51 [main] INFO  DataBaseTestConfig:14 - Create DB connection
2020-03-26 11:35:53 [main] INFO  DataBaseTestConfig:24 - Closing DB connection
2020-03-26 11:35:53 [main] INFO  DataBaseTestConfig:14 - Create DB connection
2020-03-26 11:35:53 [main] INFO  DataBaseTestConfig:46 - Closing Result Set
2020-03-26 11:35:53 [main] INFO  DataBaseTestConfig:35 - Closing Prepared Statement
2020-03-26 11:35:53 [main] INFO  DataBaseTestConfig:24 - Closing DB connection
2020-03-26 11:35:53 [main] INFO  DataBaseTestConfig:14 - Create DB connection
2020-03-26 11:35:53 [main] INFO  DataBaseTestConfig:35 - Closing Prepared Statement
2020-03-26 11:35:53 [main] INFO  DataBaseTestConfig:24 - Closing DB connection
2020-03-26 11:35:53 [main] INFO  DataBaseTestConfig:14 - Create DB connection
2020-03-26 11:35:53 [main] INFO  DataBaseTestConfig:46 - Closing Result Set
2020-03-26 11:35:53 [main] INFO  DataBaseTestConfig:35 - Closing Prepared Statement
2020-03-26 11:35:53 [main] INFO  DataBaseTestConfig:24 - Closing DB connection
2020-03-26 11:35:53 [main] INFO  DataBaseTestConfig:14 - Create DB connection
2020-03-26 11:35:53 [main] INFO  DataBaseTestConfig:24 - Closing DB connection
2020-03-26 11:35:53 [main] INFO  DataBaseTestConfig:14 - Create DB connection
2020-03-26 11:35:53 [main] INFO  DataBaseTestConfig:46 - Closing Result Set
2020-03-26 11:35:53 [main] INFO  DataBaseTestConfig:35 - Closing Prepared Statement
2020-03-26 11:35:53 [main] INFO  DataBaseTestConfig:24 - Closing DB connection
2020-03-26 11:35:53 [main] INFO  DataBaseTestConfig:14 - Create DB connection
2020-03-26 11:35:53 [main] INFO  DataBaseTestConfig:46 - Closing Result Set
2020-03-26 11:35:53 [main] INFO  DataBaseTestConfig:35 - Closing Prepared Statement
2020-03-26 11:35:53 [main] INFO  DataBaseTestConfig:24 - Closing DB connection
2020-03-26 11:35:54 [main] INFO  DataBaseTestConfig:14 - Create DB connection
2020-03-26 11:35:54 [main] INFO  DataBaseTestConfig:46 - Closing Result Set
2020-03-26 11:35:54 [main] INFO  DataBaseTestConfig:35 - Closing Prepared Statement
2020-03-26 11:35:54 [main] INFO  DataBaseTestConfig:24 - Closing DB connection
2020-03-26 11:35:54 [main] INFO  DataBaseTestConfig:14 - Create DB connection
2020-03-26 11:35:54 [main] INFO  DataBaseTestConfig:24 - Closing DB connection
2020-03-26 11:35:54 [main] INFO  DataBaseTestConfig:14 - Create DB connection
2020-03-26 11:35:54 [main] INFO  DataBaseTestConfig:35 - Closing Prepared Statement
2020-03-26 11:35:54 [main] INFO  DataBaseTestConfig:24 - Closing DB connection
2020-03-26 11:35:54 [main] INFO  DataBaseTestConfig:14 - Create DB connection
2020-03-26 11:35:54 [main] INFO  DataBaseTestConfig:46 - Closing Result Set
2020-03-26 11:35:54 [main] INFO  DataBaseTestConfig:35 - Closing Prepared Statement
2020-03-26 11:35:54 [main] INFO  DataBaseTestConfig:24 - Closing DB connection
2020-03-26 11:35:54 [main] INFO  DataBaseTestConfig:14 - Create DB connection
2020-03-26 11:35:54 [main] INFO  DataBaseTestConfig:24 - Closing DB connection
2020-03-26 11:35:54 [main] INFO  DataBaseTestConfig:14 - Create DB connection
2020-03-26 11:35:54 [main] INFO  DataBaseTestConfig:46 - Closing Result Set
2020-03-26 11:35:54 [main] INFO  DataBaseTestConfig:35 - Closing Prepared Statement
2020-03-26 11:35:54 [main] INFO  DataBaseTestConfig:24 - Closing DB connection
2020-03-26 11:35:54 [main] INFO  DataBaseTestConfig:14 - Create DB connection
2020-03-26 11:35:54 [main] INFO  DataBaseTestConfig:35 - Closing Prepared Statement
2020-03-26 11:35:54 [main] INFO  DataBaseTestConfig:24 - Closing DB connection
2020-03-26 11:35:54 [main] INFO  DataBaseTestConfig:14 - Create DB connection
2020-03-26 11:35:54 [main] INFO  DataBaseTestConfig:46 - Closing Result Set
2020-03-26 11:35:54 [main] INFO  DataBaseTestConfig:35 - Closing Prepared Statement
2020-03-26 11:35:54 [main] INFO  DataBaseTestConfig:24 - Closing DB connection
2020-03-26 11:35:54 [main] INFO  DataBaseTestConfig:14 - Create DB connection
2020-03-26 11:35:54 [main] INFO  DataBaseTestConfig:24 - Closing DB connection
2020-03-26 11:35:54 [main] INFO  DataBaseTestConfig:14 - Create DB connection
2020-03-26 11:35:54 [main] INFO  DataBaseTestConfig:46 - Closing Result Set
2020-03-26 11:35:54 [main] INFO  DataBaseTestConfig:35 - Closing Prepared Statement
2020-03-26 11:35:54 [main] INFO  DataBaseTestConfig:24 - Closing DB connection
2020-03-26 11:54:48 [main] INFO  DataBaseTestConfig:14 - Create DB connection
2020-03-26 11:54:49 [main] INFO  DataBaseTestConfig:24 - Closing DB connection
2020-03-26 11:54:49 [main] INFO  DataBaseTestConfig:14 - Create DB connection
2020-03-26 11:54:49 [main] INFO  DataBaseTestConfig:46 - Closing Result Set
2020-03-26 11:54:49 [main] INFO  DataBaseTestConfig:35 - Closing Prepared Statement
2020-03-26 11:54:49 [main] INFO  DataBaseTestConfig:24 - Closing DB connection
2020-03-26 11:54:49 [main] INFO  DataBaseTestConfig:14 - Create DB connection
2020-03-26 11:54:49 [main] INFO  DataBaseTestConfig:35 - Closing Prepared Statement
2020-03-26 11:54:49 [main] INFO  DataBaseTestConfig:24 - Closing DB connection
2020-03-26 11:54:49 [main] INFO  DataBaseTestConfig:14 - Create DB connection
2020-03-26 11:54:49 [main] INFO  DataBaseTestConfig:46 - Closing Result Set
2020-03-26 11:54:49 [main] INFO  DataBaseTestConfig:35 - Closing Prepared Statement
2020-03-26 11:54:49 [main] INFO  DataBaseTestConfig:24 - Closing DB connection
2020-03-26 11:54:49 [main] INFO  DataBaseTestConfig:14 - Create DB connection
2020-03-26 11:54:49 [main] INFO  DataBaseTestConfig:24 - Closing DB connection
2020-03-26 11:54:49 [main] INFO  DataBaseTestConfig:14 - Create DB connection
2020-03-26 11:54:49 [main] INFO  DataBaseTestConfig:46 - Closing Result Set
2020-03-26 11:54:49 [main] INFO  DataBaseTestConfig:35 - Closing Prepared Statement
2020-03-26 11:54:49 [main] INFO  DataBaseTestConfig:24 - Closing DB connection
2020-03-26 11:54:50 [main] INFO  DataBaseTestConfig:14 - Create DB connection
2020-03-26 11:54:50 [main] INFO  DataBaseTestConfig:46 - Closing Result Set
2020-03-26 11:54:50 [main] INFO  DataBaseTestConfig:35 - Closing Prepared Statement
2020-03-26 11:54:50 [main] INFO  DataBaseTestConfig:24 - Closing DB connection
2020-03-26 11:54:50 [main] INFO  DataBaseTestConfig:14 - Create DB connection
2020-03-26 11:54:50 [main] INFO  DataBaseTestConfig:46 - Closing Result Set
2020-03-26 11:54:50 [main] INFO  DataBaseTestConfig:35 - Closing Prepared Statement
2020-03-26 11:54:50 [main] INFO  DataBaseTestConfig:24 - Closing DB connection
2020-03-26 11:54:50 [main] INFO  DataBaseTestConfig:14 - Create DB connection
2020-03-26 11:54:50 [main] INFO  DataBaseTestConfig:24 - Closing DB connection
2020-03-26 11:54:50 [main] INFO  DataBaseTestConfig:14 - Create DB connection
2020-03-26 11:54:50 [main] INFO  DataBaseTestConfig:35 - Closing Prepared Statement
2020-03-26 11:54:50 [main] INFO  DataBaseTestConfig:24 - Closing DB connection
2020-03-26 11:54:50 [main] INFO  DataBaseTestConfig:14 - Create DB connection
2020-03-26 11:54:50 [main] INFO  DataBaseTestConfig:46 - Closing Result Set
2020-03-26 11:54:50 [main] INFO  DataBaseTestConfig:35 - Closing Prepared Statement
2020-03-26 11:54:50 [main] INFO  DataBaseTestConfig:24 - Closing DB connection
2020-03-26 11:54:50 [main] INFO  DataBaseTestConfig:14 - Create DB connection
2020-03-26 11:54:50 [main] INFO  DataBaseTestConfig:24 - Closing DB connection
2020-03-26 11:54:50 [main] INFO  DataBaseTestConfig:14 - Create DB connection
2020-03-26 11:54:50 [main] INFO  DataBaseTestConfig:46 - Closing Result Set
2020-03-26 11:54:50 [main] INFO  DataBaseTestConfig:35 - Closing Prepared Statement
2020-03-26 11:54:50 [main] INFO  DataBaseTestConfig:24 - Closing DB connection
2020-03-26 11:54:50 [main] INFO  DataBaseTestConfig:14 - Create DB connection
2020-03-26 11:54:50 [main] INFO  DataBaseTestConfig:35 - Closing Prepared Statement
2020-03-26 11:54:50 [main] INFO  DataBaseTestConfig:24 - Closing DB connection
2020-03-26 11:54:50 [main] INFO  DataBaseTestConfig:14 - Create DB connection
2020-03-26 11:54:51 [main] INFO  DataBaseTestConfig:46 - Closing Result Set
2020-03-26 11:54:51 [main] INFO  DataBaseTestConfig:35 - Closing Prepared Statement
2020-03-26 11:54:51 [main] INFO  DataBaseTestConfig:24 - Closing DB connection
2020-03-26 11:54:51 [main] INFO  DataBaseTestConfig:14 - Create DB connection
2020-03-26 11:54:51 [main] INFO  DataBaseTestConfig:24 - Closing DB connection
2020-03-26 11:54:51 [main] INFO  DataBaseTestConfig:14 - Create DB connection
2020-03-26 11:54:51 [main] INFO  DataBaseTestConfig:46 - Closing Result Set
2020-03-26 11:54:51 [main] INFO  DataBaseTestConfig:35 - Closing Prepared Statement
2020-03-26 11:54:51 [main] INFO  DataBaseTestConfig:24 - Closing DB connection
2020-03-26 12:19:01 [main] INFO  DataBaseTestConfig:14 - Create DB connection
2020-03-26 12:19:03 [main] INFO  DataBaseTestConfig:24 - Closing DB connection
2020-03-26 12:19:03 [main] INFO  DataBaseTestConfig:14 - Create DB connection
2020-03-26 12:19:03 [main] INFO  DataBaseTestConfig:46 - Closing Result Set
2020-03-26 12:19:03 [main] INFO  DataBaseTestConfig:35 - Closing Prepared Statement
2020-03-26 12:19:03 [main] INFO  DataBaseTestConfig:24 - Closing DB connection
2020-03-26 12:19:03 [main] INFO  DataBaseTestConfig:14 - Create DB connection
2020-03-26 12:19:03 [main] INFO  DataBaseTestConfig:35 - Closing Prepared Statement
2020-03-26 12:19:03 [main] INFO  DataBaseTestConfig:24 - Closing DB connection
2020-03-26 12:19:03 [main] INFO  DataBaseTestConfig:14 - Create DB connection
2020-03-26 12:19:03 [main] INFO  DataBaseTestConfig:46 - Closing Result Set
2020-03-26 12:19:03 [main] INFO  DataBaseTestConfig:35 - Closing Prepared Statement
2020-03-26 12:19:03 [main] INFO  DataBaseTestConfig:24 - Closing DB connection
2020-03-26 12:19:03 [main] INFO  DataBaseTestConfig:14 - Create DB connection
2020-03-26 12:19:03 [main] INFO  DataBaseTestConfig:24 - Closing DB connection
2020-03-26 12:19:03 [main] INFO  DataBaseTestConfig:14 - Create DB connection
2020-03-26 12:19:03 [main] INFO  DataBaseTestConfig:46 - Closing Result Set
2020-03-26 12:19:03 [main] INFO  DataBaseTestConfig:35 - Closing Prepared Statement
2020-03-26 12:19:03 [main] INFO  DataBaseTestConfig:24 - Closing DB connection
2020-03-26 12:19:03 [main] INFO  DataBaseTestConfig:14 - Create DB connection
2020-03-26 12:19:03 [main] INFO  DataBaseTestConfig:46 - Closing Result Set
2020-03-26 12:19:03 [main] INFO  DataBaseTestConfig:35 - Closing Prepared Statement
2020-03-26 12:19:03 [main] INFO  DataBaseTestConfig:24 - Closing DB connection
2020-03-26 12:19:04 [main] INFO  DataBaseTestConfig:14 - Create DB connection
2020-03-26 12:19:04 [main] INFO  DataBaseTestConfig:46 - Closing Result Set
2020-03-26 12:19:04 [main] INFO  DataBaseTestConfig:35 - Closing Prepared Statement
2020-03-26 12:19:04 [main] INFO  DataBaseTestConfig:24 - Closing DB connection
2020-03-26 12:19:04 [main] INFO  DataBaseTestConfig:14 - Create DB connection
2020-03-26 12:19:04 [main] INFO  DataBaseTestConfig:24 - Closing DB connection
2020-03-26 12:19:04 [main] INFO  DataBaseTestConfig:14 - Create DB connection
2020-03-26 12:19:04 [main] INFO  DataBaseTestConfig:35 - Closing Prepared Statement
2020-03-26 12:19:04 [main] INFO  DataBaseTestConfig:24 - Closing DB connection
2020-03-26 12:19:04 [main] INFO  DataBaseTestConfig:14 - Create DB connection
2020-03-26 12:19:04 [main] INFO  DataBaseTestConfig:46 - Closing Result Set
2020-03-26 12:19:04 [main] INFO  DataBaseTestConfig:35 - Closing Prepared Statement
2020-03-26 12:19:04 [main] INFO  DataBaseTestConfig:24 - Closing DB connection
2020-03-26 12:19:04 [main] INFO  DataBaseTestConfig:14 - Create DB connection
2020-03-26 12:19:04 [main] INFO  DataBaseTestConfig:24 - Closing DB connection
2020-03-26 12:19:04 [main] INFO  DataBaseTestConfig:14 - Create DB connection
2020-03-26 12:19:04 [main] INFO  DataBaseTestConfig:46 - Closing Result Set
2020-03-26 12:19:04 [main] INFO  DataBaseTestConfig:35 - Closing Prepared Statement
2020-03-26 12:19:04 [main] INFO  DataBaseTestConfig:24 - Closing DB connection
2020-03-26 12:19:04 [main] INFO  DataBaseTestConfig:14 - Create DB connection
2020-03-26 12:19:04 [main] INFO  DataBaseTestConfig:35 - Closing Prepared Statement
2020-03-26 12:19:04 [main] INFO  DataBaseTestConfig:24 - Closing DB connection
2020-03-26 12:19:04 [main] INFO  DataBaseTestConfig:14 - Create DB connection
2020-03-26 12:19:04 [main] INFO  DataBaseTestConfig:46 - Closing Result Set
2020-03-26 12:19:04 [main] INFO  DataBaseTestConfig:35 - Closing Prepared Statement
2020-03-26 12:19:04 [main] INFO  DataBaseTestConfig:24 - Closing DB connection
2020-03-26 12:19:04 [main] INFO  DataBaseTestConfig:14 - Create DB connection
2020-03-26 12:19:04 [main] INFO  DataBaseTestConfig:24 - Closing DB connection
2020-03-26 12:19:04 [main] INFO  DataBaseTestConfig:14 - Create DB connection
2020-03-26 12:19:04 [main] INFO  DataBaseTestConfig:46 - Closing Result Set
2020-03-26 12:19:04 [main] INFO  DataBaseTestConfig:35 - Closing Prepared Statement
2020-03-26 12:19:04 [main] INFO  DataBaseTestConfig:24 - Closing DB connection
2020-03-26 18:02:55 [main] INFO  DataBaseTestConfig:14 - Create DB connection
2020-03-26 18:02:55 [main] INFO  DataBaseTestConfig:24 - Closing DB connection
2020-03-26 18:02:55 [main] INFO  DataBaseTestConfig:14 - Create DB connection
2020-03-26 18:02:55 [main] INFO  DataBaseTestConfig:46 - Closing Result Set
2020-03-26 18:02:55 [main] INFO  DataBaseTestConfig:35 - Closing Prepared Statement
2020-03-26 18:02:55 [main] INFO  DataBaseTestConfig:24 - Closing DB connection
2020-03-26 18:02:55 [main] INFO  DataBaseTestConfig:14 - Create DB connection
2020-03-26 18:02:55 [main] INFO  DataBaseTestConfig:35 - Closing Prepared Statement
2020-03-26 18:02:55 [main] INFO  DataBaseTestConfig:24 - Closing DB connection
2020-03-26 18:02:55 [main] INFO  DataBaseTestConfig:14 - Create DB connection
2020-03-26 18:02:55 [main] INFO  DataBaseTestConfig:24 - Closing DB connection
2020-03-26 18:02:55 [main] INFO  DataBaseTestConfig:14 - Create DB connection
2020-03-26 18:02:55 [main] INFO  DataBaseTestConfig:46 - Closing Result Set
2020-03-26 18:02:55 [main] INFO  DataBaseTestConfig:35 - Closing Prepared Statement
2020-03-26 18:02:55 [main] INFO  DataBaseTestConfig:24 - Closing DB connection
2020-03-26 18:02:55 [main] INFO  DataBaseTestConfig:14 - Create DB connection
2020-03-26 18:02:55 [main] INFO  DataBaseTestConfig:46 - Closing Result Set
2020-03-26 18:02:55 [main] INFO  DataBaseTestConfig:35 - Closing Prepared Statement
2020-03-26 18:02:55 [main] INFO  DataBaseTestConfig:24 - Closing DB connection
2020-03-26 18:02:56 [main] INFO  DataBaseTestConfig:14 - Create DB connection
2020-03-26 18:02:56 [main] INFO  DataBaseTestConfig:46 - Closing Result Set
2020-03-26 18:02:56 [main] INFO  DataBaseTestConfig:35 - Closing Prepared Statement
2020-03-26 18:02:56 [main] INFO  DataBaseTestConfig:24 - Closing DB connection
2020-03-26 18:02:56 [main] INFO  DataBaseTestConfig:14 - Create DB connection
2020-03-26 18:02:56 [main] INFO  DataBaseTestConfig:46 - Closing Result Set
2020-03-26 18:02:56 [main] INFO  DataBaseTestConfig:35 - Closing Prepared Statement
2020-03-26 18:02:56 [main] INFO  DataBaseTestConfig:24 - Closing DB connection
2020-03-26 18:02:56 [main] INFO  DataBaseTestConfig:14 - Create DB connection
2020-03-26 18:02:56 [main] INFO  DataBaseTestConfig:24 - Closing DB connection
2020-03-26 18:02:56 [main] INFO  DataBaseTestConfig:14 - Create DB connection
2020-03-26 18:02:56 [main] INFO  DataBaseTestConfig:35 - Closing Prepared Statement
2020-03-26 18:02:56 [main] INFO  DataBaseTestConfig:24 - Closing DB connection
2020-03-26 18:02:56 [main] INFO  DataBaseTestConfig:14 - Create DB connection
2020-03-26 18:02:56 [main] INFO  DataBaseTestConfig:46 - Closing Result Set
2020-03-26 18:02:56 [main] INFO  DataBaseTestConfig:35 - Closing Prepared Statement
2020-03-26 18:02:56 [main] INFO  DataBaseTestConfig:24 - Closing DB connection
2020-03-26 18:02:56 [main] INFO  DataBaseTestConfig:14 - Create DB connection
2020-03-26 18:02:56 [main] INFO  DataBaseTestConfig:24 - Closing DB connection
2020-03-26 18:02:56 [main] INFO  DataBaseTestConfig:14 - Create DB connection
2020-03-26 18:02:56 [main] INFO  DataBaseTestConfig:46 - Closing Result Set
2020-03-26 18:02:56 [main] INFO  DataBaseTestConfig:35 - Closing Prepared Statement
2020-03-26 18:02:56 [main] INFO  DataBaseTestConfig:24 - Closing DB connection
2020-03-26 18:02:56 [main] INFO  DataBaseTestConfig:14 - Create DB connection
2020-03-26 18:02:56 [main] INFO  DataBaseTestConfig:35 - Closing Prepared Statement
2020-03-26 18:02:56 [main] INFO  DataBaseTestConfig:24 - Closing DB connection
2020-03-26 18:02:56 [main] INFO  DataBaseTestConfig:14 - Create DB connection
2020-03-26 18:02:56 [main] INFO  DataBaseTestConfig:24 - Closing DB connection
2020-03-26 18:02:56 [main] INFO  DataBaseTestConfig:14 - Create DB connection
2020-03-26 18:02:56 [main] INFO  DataBaseTestConfig:46 - Closing Result Set
2020-03-26 18:02:56 [main] INFO  DataBaseTestConfig:35 - Closing Prepared Statement
2020-03-26 18:02:56 [main] INFO  DataBaseTestConfig:24 - Closing DB connection
2020-03-26 18:02:56 [main] INFO  DataBaseTestConfig:14 - Create DB connection
2020-03-26 18:02:56 [main] INFO  DataBaseTestConfig:46 - Closing Result Set
2020-03-26 18:02:56 [main] INFO  DataBaseTestConfig:35 - Closing Prepared Statement
2020-03-26 18:02:56 [main] INFO  DataBaseTestConfig:24 - Closing DB connection
2020-03-27 08:50:00 [main] INFO  App:10 - Initializing Parking System
2020-03-27 08:50:00 [main] INFO  InteractiveShell:14 - App initialized!!!
2020-03-27 08:50:07 [main] INFO  DataBaseConfig:14 - Create DB connection
2020-03-27 08:50:07 [main] INFO  DataBaseConfig:52 - Closing Result Set
2020-03-27 08:50:07 [main] INFO  DataBaseConfig:41 - Closing Prepared Statement
2020-03-27 08:50:07 [main] INFO  DataBaseConfig:30 - Closing DB connection
2020-03-27 08:50:07 [main] ERROR ParkingService:79 - Error fetching next available parking slot
java.lang.Exception: Error fetching parking number from DB. Parking slots might be full
	at com.parkit.parkingsystem.service.ParkingService.getNextParkingNumberIfAvailable(ParkingService.java:74) [classes/:?]
	at com.parkit.parkingsystem.service.ParkingService.processIncomingVehicle(ParkingService.java:32) [classes/:?]
	at com.parkit.parkingsystem.service.InteractiveShell.loadInterface(InteractiveShell.java:28) [classes/:?]
	at com.parkit.parkingsystem.App.main(App.java:11) [classes/:?]
2020-03-27 08:53:00 [main] INFO  DataBaseConfig:14 - Create DB connection
2020-03-27 08:53:00 [main] INFO  DataBaseConfig:52 - Closing Result Set
2020-03-27 08:53:00 [main] INFO  DataBaseConfig:41 - Closing Prepared Statement
2020-03-27 08:53:00 [main] INFO  DataBaseConfig:30 - Closing DB connection
2020-03-27 08:53:00 [main] INFO  DataBaseConfig:14 - Create DB connection
2020-03-27 08:53:00 [main] INFO  DataBaseConfig:30 - Closing DB connection
2020-03-27 08:53:00 [main] INFO  DataBaseConfig:14 - Create DB connection
2020-03-27 08:53:00 [main] INFO  DataBaseConfig:41 - Closing Prepared Statement
2020-03-27 08:53:00 [main] INFO  DataBaseConfig:30 - Closing DB connection
2020-03-27 10:35:34 [main] ERROR InputReaderUtil:18 - Error while reading user input from Shell
java.util.NoSuchElementException: No line found
	at java.util.Scanner.nextLine(Scanner.java:1540) ~[?:1.8.0_242]
	at com.parkit.parkingsystem.util.InputReaderUtil.readSelection(InputReaderUtil.java:15) ~[classes/:?]
	at com.parkit.parkingsystem.InuptReaderUtilTest.readSelectionTest(InuptReaderUtilTest.java:32) ~[test-classes/:?]
	at sun.reflect.NativeMethodAccessorImpl.invoke0(Native Method) ~[?:1.8.0_242]
	at sun.reflect.NativeMethodAccessorImpl.invoke(NativeMethodAccessorImpl.java:62) ~[?:1.8.0_242]
	at sun.reflect.DelegatingMethodAccessorImpl.invoke(DelegatingMethodAccessorImpl.java:43) ~[?:1.8.0_242]
	at java.lang.reflect.Method.invoke(Method.java:498) ~[?:1.8.0_242]
	at org.junit.platform.commons.util.ReflectionUtils.invokeMethod(ReflectionUtils.java:675) ~[org.junit.platform.commons_1.5.1.v20190826-0900.jar:1.5.1]
	at org.junit.jupiter.engine.execution.MethodInvocation.proceed(MethodInvocation.java:60) ~[org.junit.jupiter.engine_5.5.1.v20190826-0900.jar:5.5.1]
	at org.junit.jupiter.engine.execution.InvocationInterceptorChain$ValidatingInvocation.proceed(InvocationInterceptorChain.java:125) ~[org.junit.jupiter.engine_5.5.1.v20190826-0900.jar:5.5.1]
	at org.junit.jupiter.engine.extension.TimeoutExtension.intercept(TimeoutExtension.java:132) ~[org.junit.jupiter.engine_5.5.1.v20190826-0900.jar:5.5.1]
	at org.junit.jupiter.engine.extension.TimeoutExtension.interceptTestableMethod(TimeoutExtension.java:124) ~[org.junit.jupiter.engine_5.5.1.v20190826-0900.jar:5.5.1]
	at org.junit.jupiter.engine.extension.TimeoutExtension.interceptTestMethod(TimeoutExtension.java:74) ~[org.junit.jupiter.engine_5.5.1.v20190826-0900.jar:5.5.1]
	at org.junit.jupiter.engine.execution.ExecutableInvoker$ReflectiveInterceptorCall.lambda$ofVoidMethod$0(ExecutableInvoker.java:115) ~[org.junit.jupiter.engine_5.5.1.v20190826-0900.jar:5.5.1]
	at org.junit.jupiter.engine.execution.ExecutableInvoker.lambda$invoke$0(ExecutableInvoker.java:105) ~[org.junit.jupiter.engine_5.5.1.v20190826-0900.jar:5.5.1]
	at org.junit.jupiter.engine.execution.InvocationInterceptorChain$InterceptedInvocation.proceed(InvocationInterceptorChain.java:104) ~[org.junit.jupiter.engine_5.5.1.v20190826-0900.jar:5.5.1]
	at org.junit.jupiter.engine.execution.InvocationInterceptorChain.proceed(InvocationInterceptorChain.java:62) ~[org.junit.jupiter.engine_5.5.1.v20190826-0900.jar:5.5.1]
	at org.junit.jupiter.engine.execution.InvocationInterceptorChain.chainAndInvoke(InvocationInterceptorChain.java:43) ~[org.junit.jupiter.engine_5.5.1.v20190826-0900.jar:5.5.1]
	at org.junit.jupiter.engine.execution.InvocationInterceptorChain.invoke(InvocationInterceptorChain.java:35) ~[org.junit.jupiter.engine_5.5.1.v20190826-0900.jar:5.5.1]
	at org.junit.jupiter.engine.execution.ExecutableInvoker.invoke(ExecutableInvoker.java:104) ~[org.junit.jupiter.engine_5.5.1.v20190826-0900.jar:5.5.1]
	at org.junit.jupiter.engine.execution.ExecutableInvoker.invoke(ExecutableInvoker.java:98) ~[org.junit.jupiter.engine_5.5.1.v20190826-0900.jar:5.5.1]
	at org.junit.jupiter.engine.descriptor.TestMethodTestDescriptor.lambda$invokeTestMethod$6(TestMethodTestDescriptor.java:202) ~[org.junit.jupiter.engine_5.5.1.v20190826-0900.jar:5.5.1]
	at org.junit.platform.engine.support.hierarchical.ThrowableCollector.execute(ThrowableCollector.java:73) ~[org.junit.platform.engine_1.5.1.v20190826-0900.jar:1.5.1]
	at org.junit.jupiter.engine.descriptor.TestMethodTestDescriptor.invokeTestMethod(TestMethodTestDescriptor.java:198) ~[org.junit.jupiter.engine_5.5.1.v20190826-0900.jar:5.5.1]
	at org.junit.jupiter.engine.descriptor.TestMethodTestDescriptor.execute(TestMethodTestDescriptor.java:135) ~[org.junit.jupiter.engine_5.5.1.v20190826-0900.jar:5.5.1]
	at org.junit.jupiter.engine.descriptor.TestMethodTestDescriptor.execute(TestMethodTestDescriptor.java:69) ~[org.junit.jupiter.engine_5.5.1.v20190826-0900.jar:5.5.1]
	at org.junit.platform.engine.support.hierarchical.NodeTestTask.lambda$executeRecursively$5(NodeTestTask.java:135) ~[org.junit.platform.engine_1.5.1.v20190826-0900.jar:1.5.1]
	at org.junit.platform.engine.support.hierarchical.ThrowableCollector.execute(ThrowableCollector.java:73) ~[org.junit.platform.engine_1.5.1.v20190826-0900.jar:1.5.1]
	at org.junit.platform.engine.support.hierarchical.NodeTestTask.lambda$executeRecursively$7(NodeTestTask.java:125) ~[org.junit.platform.engine_1.5.1.v20190826-0900.jar:1.5.1]
	at org.junit.platform.engine.support.hierarchical.Node.around(Node.java:135) ~[org.junit.platform.engine_1.5.1.v20190826-0900.jar:1.5.1]
	at org.junit.platform.engine.support.hierarchical.NodeTestTask.lambda$executeRecursively$8(NodeTestTask.java:123) ~[org.junit.platform.engine_1.5.1.v20190826-0900.jar:1.5.1]
	at org.junit.platform.engine.support.hierarchical.ThrowableCollector.execute(ThrowableCollector.java:73) ~[org.junit.platform.engine_1.5.1.v20190826-0900.jar:1.5.1]
	at org.junit.platform.engine.support.hierarchical.NodeTestTask.executeRecursively(NodeTestTask.java:122) ~[org.junit.platform.engine_1.5.1.v20190826-0900.jar:1.5.1]
	at org.junit.platform.engine.support.hierarchical.NodeTestTask.execute(NodeTestTask.java:80) ~[org.junit.platform.engine_1.5.1.v20190826-0900.jar:1.5.1]
	at java.util.ArrayList.forEach(ArrayList.java:1257) ~[?:1.8.0_242]
	at org.junit.platform.engine.support.hierarchical.SameThreadHierarchicalTestExecutorService.invokeAll(SameThreadHierarchicalTestExecutorService.java:38) ~[org.junit.platform.engine_1.5.1.v20190826-0900.jar:1.5.1]
	at org.junit.platform.engine.support.hierarchical.NodeTestTask.lambda$executeRecursively$5(NodeTestTask.java:139) ~[org.junit.platform.engine_1.5.1.v20190826-0900.jar:1.5.1]
	at org.junit.platform.engine.support.hierarchical.ThrowableCollector.execute(ThrowableCollector.java:73) ~[org.junit.platform.engine_1.5.1.v20190826-0900.jar:1.5.1]
	at org.junit.platform.engine.support.hierarchical.NodeTestTask.lambda$executeRecursively$7(NodeTestTask.java:125) ~[org.junit.platform.engine_1.5.1.v20190826-0900.jar:1.5.1]
	at org.junit.platform.engine.support.hierarchical.Node.around(Node.java:135) ~[org.junit.platform.engine_1.5.1.v20190826-0900.jar:1.5.1]
	at org.junit.platform.engine.support.hierarchical.NodeTestTask.lambda$executeRecursively$8(NodeTestTask.java:123) ~[org.junit.platform.engine_1.5.1.v20190826-0900.jar:1.5.1]
	at org.junit.platform.engine.support.hierarchical.ThrowableCollector.execute(ThrowableCollector.java:73) ~[org.junit.platform.engine_1.5.1.v20190826-0900.jar:1.5.1]
	at org.junit.platform.engine.support.hierarchical.NodeTestTask.executeRecursively(NodeTestTask.java:122) ~[org.junit.platform.engine_1.5.1.v20190826-0900.jar:1.5.1]
	at org.junit.platform.engine.support.hierarchical.NodeTestTask.execute(NodeTestTask.java:80) ~[org.junit.platform.engine_1.5.1.v20190826-0900.jar:1.5.1]
	at java.util.ArrayList.forEach(ArrayList.java:1257) ~[?:1.8.0_242]
	at org.junit.platform.engine.support.hierarchical.SameThreadHierarchicalTestExecutorService.invokeAll(SameThreadHierarchicalTestExecutorService.java:38) ~[org.junit.platform.engine_1.5.1.v20190826-0900.jar:1.5.1]
	at org.junit.platform.engine.support.hierarchical.NodeTestTask.lambda$executeRecursively$5(NodeTestTask.java:139) ~[org.junit.platform.engine_1.5.1.v20190826-0900.jar:1.5.1]
	at org.junit.platform.engine.support.hierarchical.ThrowableCollector.execute(ThrowableCollector.java:73) ~[org.junit.platform.engine_1.5.1.v20190826-0900.jar:1.5.1]
	at org.junit.platform.engine.support.hierarchical.NodeTestTask.lambda$executeRecursively$7(NodeTestTask.java:125) ~[org.junit.platform.engine_1.5.1.v20190826-0900.jar:1.5.1]
	at org.junit.platform.engine.support.hierarchical.Node.around(Node.java:135) ~[org.junit.platform.engine_1.5.1.v20190826-0900.jar:1.5.1]
	at org.junit.platform.engine.support.hierarchical.NodeTestTask.lambda$executeRecursively$8(NodeTestTask.java:123) ~[org.junit.platform.engine_1.5.1.v20190826-0900.jar:1.5.1]
	at org.junit.platform.engine.support.hierarchical.ThrowableCollector.execute(ThrowableCollector.java:73) ~[org.junit.platform.engine_1.5.1.v20190826-0900.jar:1.5.1]
	at org.junit.platform.engine.support.hierarchical.NodeTestTask.executeRecursively(NodeTestTask.java:122) ~[org.junit.platform.engine_1.5.1.v20190826-0900.jar:1.5.1]
	at org.junit.platform.engine.support.hierarchical.NodeTestTask.execute(NodeTestTask.java:80) ~[org.junit.platform.engine_1.5.1.v20190826-0900.jar:1.5.1]
	at org.junit.platform.engine.support.hierarchical.SameThreadHierarchicalTestExecutorService.submit(SameThreadHierarchicalTestExecutorService.java:32) ~[org.junit.platform.engine_1.5.1.v20190826-0900.jar:1.5.1]
	at org.junit.platform.engine.support.hierarchical.HierarchicalTestExecutor.execute(HierarchicalTestExecutor.java:57) ~[org.junit.platform.engine_1.5.1.v20190826-0900.jar:1.5.1]
	at org.junit.platform.engine.support.hierarchical.HierarchicalTestEngine.execute(HierarchicalTestEngine.java:51) ~[org.junit.platform.engine_1.5.1.v20190826-0900.jar:1.5.1]
	at org.junit.platform.launcher.core.DefaultLauncher.execute(DefaultLauncher.java:229) ~[org.junit.platform.launcher_1.5.1.v20190826-0900.jar:1.5.1]
	at org.junit.platform.launcher.core.DefaultLauncher.lambda$execute$6(DefaultLauncher.java:197) ~[org.junit.platform.launcher_1.5.1.v20190826-0900.jar:1.5.1]
	at org.junit.platform.launcher.core.DefaultLauncher.withInterceptedStreams(DefaultLauncher.java:211) [org.junit.platform.launcher_1.5.1.v20190826-0900.jar:1.5.1]
	at org.junit.platform.launcher.core.DefaultLauncher.execute(DefaultLauncher.java:191) [org.junit.platform.launcher_1.5.1.v20190826-0900.jar:1.5.1]
	at org.junit.platform.launcher.core.DefaultLauncher.execute(DefaultLauncher.java:137) [org.junit.platform.launcher_1.5.1.v20190826-0900.jar:1.5.1]
	at org.eclipse.jdt.internal.junit5.runner.JUnit5TestReference.run(JUnit5TestReference.java:89) [.cp/:?]
	at org.eclipse.jdt.internal.junit.runner.TestExecution.run(TestExecution.java:41) [.cp/:?]
	at org.eclipse.jdt.internal.junit.runner.RemoteTestRunner.runTests(RemoteTestRunner.java:542) [.cp/:?]
	at org.eclipse.jdt.internal.junit.runner.RemoteTestRunner.runTests(RemoteTestRunner.java:770) [.cp/:?]
	at org.eclipse.jdt.internal.junit.runner.RemoteTestRunner.run(RemoteTestRunner.java:464) [.cp/:?]
	at org.eclipse.jdt.internal.junit.runner.RemoteTestRunner.main(RemoteTestRunner.java:210) [.cp/:?]
2020-03-27 11:05:45 [main] ERROR InputReaderUtil:18 - Error while reading user input from Shell
java.lang.NumberFormatException: For input string: ""
	at java.lang.NumberFormatException.forInputString(NumberFormatException.java:65) ~[?:1.8.0_242]
	at java.lang.Integer.parseInt(Integer.java:592) ~[?:1.8.0_242]
	at java.lang.Integer.parseInt(Integer.java:615) ~[?:1.8.0_242]
	at com.parkit.parkingsystem.util.InputReaderUtil.readSelection(InputReaderUtil.java:15) ~[classes/:?]
	at com.parkit.parkingsystem.InuptReaderUtilTest.readSelectionTest(InuptReaderUtilTest.java:40) ~[test-classes/:?]
	at sun.reflect.NativeMethodAccessorImpl.invoke0(Native Method) ~[?:1.8.0_242]
	at sun.reflect.NativeMethodAccessorImpl.invoke(NativeMethodAccessorImpl.java:62) ~[?:1.8.0_242]
	at sun.reflect.DelegatingMethodAccessorImpl.invoke(DelegatingMethodAccessorImpl.java:43) ~[?:1.8.0_242]
	at java.lang.reflect.Method.invoke(Method.java:498) ~[?:1.8.0_242]
	at org.junit.platform.commons.util.ReflectionUtils.invokeMethod(ReflectionUtils.java:675) ~[org.junit.platform.commons_1.5.1.v20190826-0900.jar:1.5.1]
	at org.junit.jupiter.engine.execution.MethodInvocation.proceed(MethodInvocation.java:60) ~[org.junit.jupiter.engine_5.5.1.v20190826-0900.jar:5.5.1]
	at org.junit.jupiter.engine.execution.InvocationInterceptorChain$ValidatingInvocation.proceed(InvocationInterceptorChain.java:125) ~[org.junit.jupiter.engine_5.5.1.v20190826-0900.jar:5.5.1]
	at org.junit.jupiter.engine.extension.TimeoutExtension.intercept(TimeoutExtension.java:132) ~[org.junit.jupiter.engine_5.5.1.v20190826-0900.jar:5.5.1]
	at org.junit.jupiter.engine.extension.TimeoutExtension.interceptTestableMethod(TimeoutExtension.java:124) ~[org.junit.jupiter.engine_5.5.1.v20190826-0900.jar:5.5.1]
	at org.junit.jupiter.engine.extension.TimeoutExtension.interceptTestMethod(TimeoutExtension.java:74) ~[org.junit.jupiter.engine_5.5.1.v20190826-0900.jar:5.5.1]
	at org.junit.jupiter.engine.execution.ExecutableInvoker$ReflectiveInterceptorCall.lambda$ofVoidMethod$0(ExecutableInvoker.java:115) ~[org.junit.jupiter.engine_5.5.1.v20190826-0900.jar:5.5.1]
	at org.junit.jupiter.engine.execution.ExecutableInvoker.lambda$invoke$0(ExecutableInvoker.java:105) ~[org.junit.jupiter.engine_5.5.1.v20190826-0900.jar:5.5.1]
	at org.junit.jupiter.engine.execution.InvocationInterceptorChain$InterceptedInvocation.proceed(InvocationInterceptorChain.java:104) ~[org.junit.jupiter.engine_5.5.1.v20190826-0900.jar:5.5.1]
	at org.junit.jupiter.engine.execution.InvocationInterceptorChain.proceed(InvocationInterceptorChain.java:62) ~[org.junit.jupiter.engine_5.5.1.v20190826-0900.jar:5.5.1]
	at org.junit.jupiter.engine.execution.InvocationInterceptorChain.chainAndInvoke(InvocationInterceptorChain.java:43) ~[org.junit.jupiter.engine_5.5.1.v20190826-0900.jar:5.5.1]
	at org.junit.jupiter.engine.execution.InvocationInterceptorChain.invoke(InvocationInterceptorChain.java:35) ~[org.junit.jupiter.engine_5.5.1.v20190826-0900.jar:5.5.1]
	at org.junit.jupiter.engine.execution.ExecutableInvoker.invoke(ExecutableInvoker.java:104) ~[org.junit.jupiter.engine_5.5.1.v20190826-0900.jar:5.5.1]
	at org.junit.jupiter.engine.execution.ExecutableInvoker.invoke(ExecutableInvoker.java:98) ~[org.junit.jupiter.engine_5.5.1.v20190826-0900.jar:5.5.1]
	at org.junit.jupiter.engine.descriptor.TestMethodTestDescriptor.lambda$invokeTestMethod$6(TestMethodTestDescriptor.java:202) ~[org.junit.jupiter.engine_5.5.1.v20190826-0900.jar:5.5.1]
	at org.junit.platform.engine.support.hierarchical.ThrowableCollector.execute(ThrowableCollector.java:73) ~[org.junit.platform.engine_1.5.1.v20190826-0900.jar:1.5.1]
	at org.junit.jupiter.engine.descriptor.TestMethodTestDescriptor.invokeTestMethod(TestMethodTestDescriptor.java:198) ~[org.junit.jupiter.engine_5.5.1.v20190826-0900.jar:5.5.1]
	at org.junit.jupiter.engine.descriptor.TestMethodTestDescriptor.execute(TestMethodTestDescriptor.java:135) ~[org.junit.jupiter.engine_5.5.1.v20190826-0900.jar:5.5.1]
	at org.junit.jupiter.engine.descriptor.TestMethodTestDescriptor.execute(TestMethodTestDescriptor.java:69) ~[org.junit.jupiter.engine_5.5.1.v20190826-0900.jar:5.5.1]
	at org.junit.platform.engine.support.hierarchical.NodeTestTask.lambda$executeRecursively$5(NodeTestTask.java:135) ~[org.junit.platform.engine_1.5.1.v20190826-0900.jar:1.5.1]
	at org.junit.platform.engine.support.hierarchical.ThrowableCollector.execute(ThrowableCollector.java:73) ~[org.junit.platform.engine_1.5.1.v20190826-0900.jar:1.5.1]
	at org.junit.platform.engine.support.hierarchical.NodeTestTask.lambda$executeRecursively$7(NodeTestTask.java:125) ~[org.junit.platform.engine_1.5.1.v20190826-0900.jar:1.5.1]
	at org.junit.platform.engine.support.hierarchical.Node.around(Node.java:135) ~[org.junit.platform.engine_1.5.1.v20190826-0900.jar:1.5.1]
	at org.junit.platform.engine.support.hierarchical.NodeTestTask.lambda$executeRecursively$8(NodeTestTask.java:123) ~[org.junit.platform.engine_1.5.1.v20190826-0900.jar:1.5.1]
	at org.junit.platform.engine.support.hierarchical.ThrowableCollector.execute(ThrowableCollector.java:73) ~[org.junit.platform.engine_1.5.1.v20190826-0900.jar:1.5.1]
	at org.junit.platform.engine.support.hierarchical.NodeTestTask.executeRecursively(NodeTestTask.java:122) ~[org.junit.platform.engine_1.5.1.v20190826-0900.jar:1.5.1]
	at org.junit.platform.engine.support.hierarchical.NodeTestTask.execute(NodeTestTask.java:80) ~[org.junit.platform.engine_1.5.1.v20190826-0900.jar:1.5.1]
	at java.util.ArrayList.forEach(ArrayList.java:1257) ~[?:1.8.0_242]
	at org.junit.platform.engine.support.hierarchical.SameThreadHierarchicalTestExecutorService.invokeAll(SameThreadHierarchicalTestExecutorService.java:38) ~[org.junit.platform.engine_1.5.1.v20190826-0900.jar:1.5.1]
	at org.junit.platform.engine.support.hierarchical.NodeTestTask.lambda$executeRecursively$5(NodeTestTask.java:139) ~[org.junit.platform.engine_1.5.1.v20190826-0900.jar:1.5.1]
	at org.junit.platform.engine.support.hierarchical.ThrowableCollector.execute(ThrowableCollector.java:73) ~[org.junit.platform.engine_1.5.1.v20190826-0900.jar:1.5.1]
	at org.junit.platform.engine.support.hierarchical.NodeTestTask.lambda$executeRecursively$7(NodeTestTask.java:125) ~[org.junit.platform.engine_1.5.1.v20190826-0900.jar:1.5.1]
	at org.junit.platform.engine.support.hierarchical.Node.around(Node.java:135) ~[org.junit.platform.engine_1.5.1.v20190826-0900.jar:1.5.1]
	at org.junit.platform.engine.support.hierarchical.NodeTestTask.lambda$executeRecursively$8(NodeTestTask.java:123) ~[org.junit.platform.engine_1.5.1.v20190826-0900.jar:1.5.1]
	at org.junit.platform.engine.support.hierarchical.ThrowableCollector.execute(ThrowableCollector.java:73) ~[org.junit.platform.engine_1.5.1.v20190826-0900.jar:1.5.1]
	at org.junit.platform.engine.support.hierarchical.NodeTestTask.executeRecursively(NodeTestTask.java:122) ~[org.junit.platform.engine_1.5.1.v20190826-0900.jar:1.5.1]
	at org.junit.platform.engine.support.hierarchical.NodeTestTask.execute(NodeTestTask.java:80) ~[org.junit.platform.engine_1.5.1.v20190826-0900.jar:1.5.1]
	at java.util.ArrayList.forEach(ArrayList.java:1257) ~[?:1.8.0_242]
	at org.junit.platform.engine.support.hierarchical.SameThreadHierarchicalTestExecutorService.invokeAll(SameThreadHierarchicalTestExecutorService.java:38) ~[org.junit.platform.engine_1.5.1.v20190826-0900.jar:1.5.1]
	at org.junit.platform.engine.support.hierarchical.NodeTestTask.lambda$executeRecursively$5(NodeTestTask.java:139) ~[org.junit.platform.engine_1.5.1.v20190826-0900.jar:1.5.1]
	at org.junit.platform.engine.support.hierarchical.ThrowableCollector.execute(ThrowableCollector.java:73) ~[org.junit.platform.engine_1.5.1.v20190826-0900.jar:1.5.1]
	at org.junit.platform.engine.support.hierarchical.NodeTestTask.lambda$executeRecursively$7(NodeTestTask.java:125) ~[org.junit.platform.engine_1.5.1.v20190826-0900.jar:1.5.1]
	at org.junit.platform.engine.support.hierarchical.Node.around(Node.java:135) ~[org.junit.platform.engine_1.5.1.v20190826-0900.jar:1.5.1]
	at org.junit.platform.engine.support.hierarchical.NodeTestTask.lambda$executeRecursively$8(NodeTestTask.java:123) ~[org.junit.platform.engine_1.5.1.v20190826-0900.jar:1.5.1]
	at org.junit.platform.engine.support.hierarchical.ThrowableCollector.execute(ThrowableCollector.java:73) ~[org.junit.platform.engine_1.5.1.v20190826-0900.jar:1.5.1]
	at org.junit.platform.engine.support.hierarchical.NodeTestTask.executeRecursively(NodeTestTask.java:122) ~[org.junit.platform.engine_1.5.1.v20190826-0900.jar:1.5.1]
	at org.junit.platform.engine.support.hierarchical.NodeTestTask.execute(NodeTestTask.java:80) ~[org.junit.platform.engine_1.5.1.v20190826-0900.jar:1.5.1]
	at org.junit.platform.engine.support.hierarchical.SameThreadHierarchicalTestExecutorService.submit(SameThreadHierarchicalTestExecutorService.java:32) ~[org.junit.platform.engine_1.5.1.v20190826-0900.jar:1.5.1]
	at org.junit.platform.engine.support.hierarchical.HierarchicalTestExecutor.execute(HierarchicalTestExecutor.java:57) ~[org.junit.platform.engine_1.5.1.v20190826-0900.jar:1.5.1]
	at org.junit.platform.engine.support.hierarchical.HierarchicalTestEngine.execute(HierarchicalTestEngine.java:51) ~[org.junit.platform.engine_1.5.1.v20190826-0900.jar:1.5.1]
	at org.junit.platform.launcher.core.DefaultLauncher.execute(DefaultLauncher.java:229) ~[org.junit.platform.launcher_1.5.1.v20190826-0900.jar:1.5.1]
	at org.junit.platform.launcher.core.DefaultLauncher.lambda$execute$6(DefaultLauncher.java:197) ~[org.junit.platform.launcher_1.5.1.v20190826-0900.jar:1.5.1]
	at org.junit.platform.launcher.core.DefaultLauncher.withInterceptedStreams(DefaultLauncher.java:211) [org.junit.platform.launcher_1.5.1.v20190826-0900.jar:1.5.1]
	at org.junit.platform.launcher.core.DefaultLauncher.execute(DefaultLauncher.java:191) [org.junit.platform.launcher_1.5.1.v20190826-0900.jar:1.5.1]
	at org.junit.platform.launcher.core.DefaultLauncher.execute(DefaultLauncher.java:137) [org.junit.platform.launcher_1.5.1.v20190826-0900.jar:1.5.1]
	at org.eclipse.jdt.internal.junit5.runner.JUnit5TestReference.run(JUnit5TestReference.java:89) [.cp/:?]
	at org.eclipse.jdt.internal.junit.runner.TestExecution.run(TestExecution.java:41) [.cp/:?]
	at org.eclipse.jdt.internal.junit.runner.RemoteTestRunner.runTests(RemoteTestRunner.java:542) [.cp/:?]
	at org.eclipse.jdt.internal.junit.runner.RemoteTestRunner.runTests(RemoteTestRunner.java:770) [.cp/:?]
	at org.eclipse.jdt.internal.junit.runner.RemoteTestRunner.run(RemoteTestRunner.java:464) [.cp/:?]
	at org.eclipse.jdt.internal.junit.runner.RemoteTestRunner.main(RemoteTestRunner.java:210) [.cp/:?]
2020-03-27 11:15:04 [main] INFO  App:10 - Initializing Parking System
2020-03-27 11:15:04 [main] INFO  InteractiveShell:14 - App initialized!!!
2020-03-27 11:15:12 [main] INFO  DataBaseConfig:14 - Create DB connection
2020-03-27 11:15:13 [main] INFO  DataBaseConfig:52 - Closing Result Set
2020-03-27 11:15:13 [main] INFO  DataBaseConfig:41 - Closing Prepared Statement
2020-03-27 11:15:13 [main] INFO  DataBaseConfig:30 - Closing DB connection
2020-03-27 11:15:13 [main] ERROR ParkingService:79 - Error fetching next available parking slot
java.lang.Exception: Error fetching parking number from DB. Parking slots might be full
	at com.parkit.parkingsystem.service.ParkingService.getNextParkingNumberIfAvailable(ParkingService.java:74) [classes/:?]
	at com.parkit.parkingsystem.service.ParkingService.processIncomingVehicle(ParkingService.java:32) [classes/:?]
	at com.parkit.parkingsystem.service.InteractiveShell.loadInterface(InteractiveShell.java:28) [classes/:?]
	at com.parkit.parkingsystem.App.main(App.java:11) [classes/:?]
2020-03-27 11:15:35 [main] INFO  App:10 - Initializing Parking System
2020-03-27 11:15:35 [main] INFO  InteractiveShell:14 - App initialized!!!
2020-03-27 11:18:14 [main] ERROR InputReaderUtil:18 - Error while reading user input from Shell
java.util.NoSuchElementException: No line found
	at java.util.Scanner.nextLine(Scanner.java:1540) ~[?:1.8.0_242]
	at com.parkit.parkingsystem.util.InputReaderUtil.readSelection(InputReaderUtil.java:15) ~[classes/:?]
	at com.parkit.parkingsystem.InuptReaderUtilTest.readSelectionTest(InuptReaderUtilTest.java:32) ~[test-classes/:?]
	at sun.reflect.NativeMethodAccessorImpl.invoke0(Native Method) ~[?:1.8.0_242]
	at sun.reflect.NativeMethodAccessorImpl.invoke(NativeMethodAccessorImpl.java:62) ~[?:1.8.0_242]
	at sun.reflect.DelegatingMethodAccessorImpl.invoke(DelegatingMethodAccessorImpl.java:43) ~[?:1.8.0_242]
	at java.lang.reflect.Method.invoke(Method.java:498) ~[?:1.8.0_242]
	at org.junit.platform.commons.util.ReflectionUtils.invokeMethod(ReflectionUtils.java:675) ~[org.junit.platform.commons_1.5.1.v20190826-0900.jar:1.5.1]
	at org.junit.jupiter.engine.execution.MethodInvocation.proceed(MethodInvocation.java:60) ~[org.junit.jupiter.engine_5.5.1.v20190826-0900.jar:5.5.1]
	at org.junit.jupiter.engine.execution.InvocationInterceptorChain$ValidatingInvocation.proceed(InvocationInterceptorChain.java:125) ~[org.junit.jupiter.engine_5.5.1.v20190826-0900.jar:5.5.1]
	at org.junit.jupiter.engine.extension.TimeoutExtension.intercept(TimeoutExtension.java:132) ~[org.junit.jupiter.engine_5.5.1.v20190826-0900.jar:5.5.1]
	at org.junit.jupiter.engine.extension.TimeoutExtension.interceptTestableMethod(TimeoutExtension.java:124) ~[org.junit.jupiter.engine_5.5.1.v20190826-0900.jar:5.5.1]
	at org.junit.jupiter.engine.extension.TimeoutExtension.interceptTestMethod(TimeoutExtension.java:74) ~[org.junit.jupiter.engine_5.5.1.v20190826-0900.jar:5.5.1]
	at org.junit.jupiter.engine.execution.ExecutableInvoker$ReflectiveInterceptorCall.lambda$ofVoidMethod$0(ExecutableInvoker.java:115) ~[org.junit.jupiter.engine_5.5.1.v20190826-0900.jar:5.5.1]
	at org.junit.jupiter.engine.execution.ExecutableInvoker.lambda$invoke$0(ExecutableInvoker.java:105) ~[org.junit.jupiter.engine_5.5.1.v20190826-0900.jar:5.5.1]
	at org.junit.jupiter.engine.execution.InvocationInterceptorChain$InterceptedInvocation.proceed(InvocationInterceptorChain.java:104) ~[org.junit.jupiter.engine_5.5.1.v20190826-0900.jar:5.5.1]
	at org.junit.jupiter.engine.execution.InvocationInterceptorChain.proceed(InvocationInterceptorChain.java:62) ~[org.junit.jupiter.engine_5.5.1.v20190826-0900.jar:5.5.1]
	at org.junit.jupiter.engine.execution.InvocationInterceptorChain.chainAndInvoke(InvocationInterceptorChain.java:43) ~[org.junit.jupiter.engine_5.5.1.v20190826-0900.jar:5.5.1]
	at org.junit.jupiter.engine.execution.InvocationInterceptorChain.invoke(InvocationInterceptorChain.java:35) ~[org.junit.jupiter.engine_5.5.1.v20190826-0900.jar:5.5.1]
	at org.junit.jupiter.engine.execution.ExecutableInvoker.invoke(ExecutableInvoker.java:104) ~[org.junit.jupiter.engine_5.5.1.v20190826-0900.jar:5.5.1]
	at org.junit.jupiter.engine.execution.ExecutableInvoker.invoke(ExecutableInvoker.java:98) ~[org.junit.jupiter.engine_5.5.1.v20190826-0900.jar:5.5.1]
	at org.junit.jupiter.engine.descriptor.TestMethodTestDescriptor.lambda$invokeTestMethod$6(TestMethodTestDescriptor.java:202) ~[org.junit.jupiter.engine_5.5.1.v20190826-0900.jar:5.5.1]
	at org.junit.platform.engine.support.hierarchical.ThrowableCollector.execute(ThrowableCollector.java:73) ~[org.junit.platform.engine_1.5.1.v20190826-0900.jar:1.5.1]
	at org.junit.jupiter.engine.descriptor.TestMethodTestDescriptor.invokeTestMethod(TestMethodTestDescriptor.java:198) ~[org.junit.jupiter.engine_5.5.1.v20190826-0900.jar:5.5.1]
	at org.junit.jupiter.engine.descriptor.TestMethodTestDescriptor.execute(TestMethodTestDescriptor.java:135) ~[org.junit.jupiter.engine_5.5.1.v20190826-0900.jar:5.5.1]
	at org.junit.jupiter.engine.descriptor.TestMethodTestDescriptor.execute(TestMethodTestDescriptor.java:69) ~[org.junit.jupiter.engine_5.5.1.v20190826-0900.jar:5.5.1]
	at org.junit.platform.engine.support.hierarchical.NodeTestTask.lambda$executeRecursively$5(NodeTestTask.java:135) ~[org.junit.platform.engine_1.5.1.v20190826-0900.jar:1.5.1]
	at org.junit.platform.engine.support.hierarchical.ThrowableCollector.execute(ThrowableCollector.java:73) ~[org.junit.platform.engine_1.5.1.v20190826-0900.jar:1.5.1]
	at org.junit.platform.engine.support.hierarchical.NodeTestTask.lambda$executeRecursively$7(NodeTestTask.java:125) ~[org.junit.platform.engine_1.5.1.v20190826-0900.jar:1.5.1]
	at org.junit.platform.engine.support.hierarchical.Node.around(Node.java:135) ~[org.junit.platform.engine_1.5.1.v20190826-0900.jar:1.5.1]
	at org.junit.platform.engine.support.hierarchical.NodeTestTask.lambda$executeRecursively$8(NodeTestTask.java:123) ~[org.junit.platform.engine_1.5.1.v20190826-0900.jar:1.5.1]
	at org.junit.platform.engine.support.hierarchical.ThrowableCollector.execute(ThrowableCollector.java:73) ~[org.junit.platform.engine_1.5.1.v20190826-0900.jar:1.5.1]
	at org.junit.platform.engine.support.hierarchical.NodeTestTask.executeRecursively(NodeTestTask.java:122) ~[org.junit.platform.engine_1.5.1.v20190826-0900.jar:1.5.1]
	at org.junit.platform.engine.support.hierarchical.NodeTestTask.execute(NodeTestTask.java:80) ~[org.junit.platform.engine_1.5.1.v20190826-0900.jar:1.5.1]
	at java.util.ArrayList.forEach(ArrayList.java:1257) ~[?:1.8.0_242]
	at org.junit.platform.engine.support.hierarchical.SameThreadHierarchicalTestExecutorService.invokeAll(SameThreadHierarchicalTestExecutorService.java:38) ~[org.junit.platform.engine_1.5.1.v20190826-0900.jar:1.5.1]
	at org.junit.platform.engine.support.hierarchical.NodeTestTask.lambda$executeRecursively$5(NodeTestTask.java:139) ~[org.junit.platform.engine_1.5.1.v20190826-0900.jar:1.5.1]
	at org.junit.platform.engine.support.hierarchical.ThrowableCollector.execute(ThrowableCollector.java:73) ~[org.junit.platform.engine_1.5.1.v20190826-0900.jar:1.5.1]
	at org.junit.platform.engine.support.hierarchical.NodeTestTask.lambda$executeRecursively$7(NodeTestTask.java:125) ~[org.junit.platform.engine_1.5.1.v20190826-0900.jar:1.5.1]
	at org.junit.platform.engine.support.hierarchical.Node.around(Node.java:135) ~[org.junit.platform.engine_1.5.1.v20190826-0900.jar:1.5.1]
	at org.junit.platform.engine.support.hierarchical.NodeTestTask.lambda$executeRecursively$8(NodeTestTask.java:123) ~[org.junit.platform.engine_1.5.1.v20190826-0900.jar:1.5.1]
	at org.junit.platform.engine.support.hierarchical.ThrowableCollector.execute(ThrowableCollector.java:73) ~[org.junit.platform.engine_1.5.1.v20190826-0900.jar:1.5.1]
	at org.junit.platform.engine.support.hierarchical.NodeTestTask.executeRecursively(NodeTestTask.java:122) ~[org.junit.platform.engine_1.5.1.v20190826-0900.jar:1.5.1]
	at org.junit.platform.engine.support.hierarchical.NodeTestTask.execute(NodeTestTask.java:80) ~[org.junit.platform.engine_1.5.1.v20190826-0900.jar:1.5.1]
	at java.util.ArrayList.forEach(ArrayList.java:1257) ~[?:1.8.0_242]
	at org.junit.platform.engine.support.hierarchical.SameThreadHierarchicalTestExecutorService.invokeAll(SameThreadHierarchicalTestExecutorService.java:38) ~[org.junit.platform.engine_1.5.1.v20190826-0900.jar:1.5.1]
	at org.junit.platform.engine.support.hierarchical.NodeTestTask.lambda$executeRecursively$5(NodeTestTask.java:139) ~[org.junit.platform.engine_1.5.1.v20190826-0900.jar:1.5.1]
	at org.junit.platform.engine.support.hierarchical.ThrowableCollector.execute(ThrowableCollector.java:73) ~[org.junit.platform.engine_1.5.1.v20190826-0900.jar:1.5.1]
	at org.junit.platform.engine.support.hierarchical.NodeTestTask.lambda$executeRecursively$7(NodeTestTask.java:125) ~[org.junit.platform.engine_1.5.1.v20190826-0900.jar:1.5.1]
	at org.junit.platform.engine.support.hierarchical.Node.around(Node.java:135) ~[org.junit.platform.engine_1.5.1.v20190826-0900.jar:1.5.1]
	at org.junit.platform.engine.support.hierarchical.NodeTestTask.lambda$executeRecursively$8(NodeTestTask.java:123) ~[org.junit.platform.engine_1.5.1.v20190826-0900.jar:1.5.1]
	at org.junit.platform.engine.support.hierarchical.ThrowableCollector.execute(ThrowableCollector.java:73) ~[org.junit.platform.engine_1.5.1.v20190826-0900.jar:1.5.1]
	at org.junit.platform.engine.support.hierarchical.NodeTestTask.executeRecursively(NodeTestTask.java:122) ~[org.junit.platform.engine_1.5.1.v20190826-0900.jar:1.5.1]
	at org.junit.platform.engine.support.hierarchical.NodeTestTask.execute(NodeTestTask.java:80) ~[org.junit.platform.engine_1.5.1.v20190826-0900.jar:1.5.1]
	at org.junit.platform.engine.support.hierarchical.SameThreadHierarchicalTestExecutorService.submit(SameThreadHierarchicalTestExecutorService.java:32) ~[org.junit.platform.engine_1.5.1.v20190826-0900.jar:1.5.1]
	at org.junit.platform.engine.support.hierarchical.HierarchicalTestExecutor.execute(HierarchicalTestExecutor.java:57) ~[org.junit.platform.engine_1.5.1.v20190826-0900.jar:1.5.1]
	at org.junit.platform.engine.support.hierarchical.HierarchicalTestEngine.execute(HierarchicalTestEngine.java:51) ~[org.junit.platform.engine_1.5.1.v20190826-0900.jar:1.5.1]
	at org.junit.platform.launcher.core.DefaultLauncher.execute(DefaultLauncher.java:229) ~[org.junit.platform.launcher_1.5.1.v20190826-0900.jar:1.5.1]
	at org.junit.platform.launcher.core.DefaultLauncher.lambda$execute$6(DefaultLauncher.java:197) ~[org.junit.platform.launcher_1.5.1.v20190826-0900.jar:1.5.1]
	at org.junit.platform.launcher.core.DefaultLauncher.withInterceptedStreams(DefaultLauncher.java:211) [org.junit.platform.launcher_1.5.1.v20190826-0900.jar:1.5.1]
	at org.junit.platform.launcher.core.DefaultLauncher.execute(DefaultLauncher.java:191) [org.junit.platform.launcher_1.5.1.v20190826-0900.jar:1.5.1]
	at org.junit.platform.launcher.core.DefaultLauncher.execute(DefaultLauncher.java:137) [org.junit.platform.launcher_1.5.1.v20190826-0900.jar:1.5.1]
	at org.eclipse.jdt.internal.junit5.runner.JUnit5TestReference.run(JUnit5TestReference.java:89) [.cp/:?]
	at org.eclipse.jdt.internal.junit.runner.TestExecution.run(TestExecution.java:41) [.cp/:?]
	at org.eclipse.jdt.internal.junit.runner.RemoteTestRunner.runTests(RemoteTestRunner.java:542) [.cp/:?]
	at org.eclipse.jdt.internal.junit.runner.RemoteTestRunner.runTests(RemoteTestRunner.java:770) [.cp/:?]
	at org.eclipse.jdt.internal.junit.runner.RemoteTestRunner.run(RemoteTestRunner.java:464) [.cp/:?]
	at org.eclipse.jdt.internal.junit.runner.RemoteTestRunner.main(RemoteTestRunner.java:210) [.cp/:?]
2020-03-27 11:22:34 [main] ERROR InputReaderUtil:18 - Error while reading user input from Shell
java.util.NoSuchElementException: No line found
	at java.util.Scanner.nextLine(Scanner.java:1540) ~[?:1.8.0_242]
	at com.parkit.parkingsystem.util.InputReaderUtil.readSelection(InputReaderUtil.java:15) ~[classes/:?]
	at com.parkit.parkingsystem.InuptReaderUtilTest.readSelectionTest(InuptReaderUtilTest.java:34) ~[test-classes/:?]
	at sun.reflect.NativeMethodAccessorImpl.invoke0(Native Method) ~[?:1.8.0_242]
	at sun.reflect.NativeMethodAccessorImpl.invoke(NativeMethodAccessorImpl.java:62) ~[?:1.8.0_242]
	at sun.reflect.DelegatingMethodAccessorImpl.invoke(DelegatingMethodAccessorImpl.java:43) ~[?:1.8.0_242]
	at java.lang.reflect.Method.invoke(Method.java:498) ~[?:1.8.0_242]
	at org.junit.platform.commons.util.ReflectionUtils.invokeMethod(ReflectionUtils.java:675) ~[org.junit.platform.commons_1.5.1.v20190826-0900.jar:1.5.1]
	at org.junit.jupiter.engine.execution.MethodInvocation.proceed(MethodInvocation.java:60) ~[org.junit.jupiter.engine_5.5.1.v20190826-0900.jar:5.5.1]
	at org.junit.jupiter.engine.execution.InvocationInterceptorChain$ValidatingInvocation.proceed(InvocationInterceptorChain.java:125) ~[org.junit.jupiter.engine_5.5.1.v20190826-0900.jar:5.5.1]
	at org.junit.jupiter.engine.extension.TimeoutExtension.intercept(TimeoutExtension.java:132) ~[org.junit.jupiter.engine_5.5.1.v20190826-0900.jar:5.5.1]
	at org.junit.jupiter.engine.extension.TimeoutExtension.interceptTestableMethod(TimeoutExtension.java:124) ~[org.junit.jupiter.engine_5.5.1.v20190826-0900.jar:5.5.1]
	at org.junit.jupiter.engine.extension.TimeoutExtension.interceptTestMethod(TimeoutExtension.java:74) ~[org.junit.jupiter.engine_5.5.1.v20190826-0900.jar:5.5.1]
	at org.junit.jupiter.engine.execution.ExecutableInvoker$ReflectiveInterceptorCall.lambda$ofVoidMethod$0(ExecutableInvoker.java:115) ~[org.junit.jupiter.engine_5.5.1.v20190826-0900.jar:5.5.1]
	at org.junit.jupiter.engine.execution.ExecutableInvoker.lambda$invoke$0(ExecutableInvoker.java:105) ~[org.junit.jupiter.engine_5.5.1.v20190826-0900.jar:5.5.1]
	at org.junit.jupiter.engine.execution.InvocationInterceptorChain$InterceptedInvocation.proceed(InvocationInterceptorChain.java:104) ~[org.junit.jupiter.engine_5.5.1.v20190826-0900.jar:5.5.1]
	at org.junit.jupiter.engine.execution.InvocationInterceptorChain.proceed(InvocationInterceptorChain.java:62) ~[org.junit.jupiter.engine_5.5.1.v20190826-0900.jar:5.5.1]
	at org.junit.jupiter.engine.execution.InvocationInterceptorChain.chainAndInvoke(InvocationInterceptorChain.java:43) ~[org.junit.jupiter.engine_5.5.1.v20190826-0900.jar:5.5.1]
	at org.junit.jupiter.engine.execution.InvocationInterceptorChain.invoke(InvocationInterceptorChain.java:35) ~[org.junit.jupiter.engine_5.5.1.v20190826-0900.jar:5.5.1]
	at org.junit.jupiter.engine.execution.ExecutableInvoker.invoke(ExecutableInvoker.java:104) ~[org.junit.jupiter.engine_5.5.1.v20190826-0900.jar:5.5.1]
	at org.junit.jupiter.engine.execution.ExecutableInvoker.invoke(ExecutableInvoker.java:98) ~[org.junit.jupiter.engine_5.5.1.v20190826-0900.jar:5.5.1]
	at org.junit.jupiter.engine.descriptor.TestMethodTestDescriptor.lambda$invokeTestMethod$6(TestMethodTestDescriptor.java:202) ~[org.junit.jupiter.engine_5.5.1.v20190826-0900.jar:5.5.1]
	at org.junit.platform.engine.support.hierarchical.ThrowableCollector.execute(ThrowableCollector.java:73) ~[org.junit.platform.engine_1.5.1.v20190826-0900.jar:1.5.1]
	at org.junit.jupiter.engine.descriptor.TestMethodTestDescriptor.invokeTestMethod(TestMethodTestDescriptor.java:198) ~[org.junit.jupiter.engine_5.5.1.v20190826-0900.jar:5.5.1]
	at org.junit.jupiter.engine.descriptor.TestMethodTestDescriptor.execute(TestMethodTestDescriptor.java:135) ~[org.junit.jupiter.engine_5.5.1.v20190826-0900.jar:5.5.1]
	at org.junit.jupiter.engine.descriptor.TestMethodTestDescriptor.execute(TestMethodTestDescriptor.java:69) ~[org.junit.jupiter.engine_5.5.1.v20190826-0900.jar:5.5.1]
	at org.junit.platform.engine.support.hierarchical.NodeTestTask.lambda$executeRecursively$5(NodeTestTask.java:135) ~[org.junit.platform.engine_1.5.1.v20190826-0900.jar:1.5.1]
	at org.junit.platform.engine.support.hierarchical.ThrowableCollector.execute(ThrowableCollector.java:73) ~[org.junit.platform.engine_1.5.1.v20190826-0900.jar:1.5.1]
	at org.junit.platform.engine.support.hierarchical.NodeTestTask.lambda$executeRecursively$7(NodeTestTask.java:125) ~[org.junit.platform.engine_1.5.1.v20190826-0900.jar:1.5.1]
	at org.junit.platform.engine.support.hierarchical.Node.around(Node.java:135) ~[org.junit.platform.engine_1.5.1.v20190826-0900.jar:1.5.1]
	at org.junit.platform.engine.support.hierarchical.NodeTestTask.lambda$executeRecursively$8(NodeTestTask.java:123) ~[org.junit.platform.engine_1.5.1.v20190826-0900.jar:1.5.1]
	at org.junit.platform.engine.support.hierarchical.ThrowableCollector.execute(ThrowableCollector.java:73) ~[org.junit.platform.engine_1.5.1.v20190826-0900.jar:1.5.1]
	at org.junit.platform.engine.support.hierarchical.NodeTestTask.executeRecursively(NodeTestTask.java:122) ~[org.junit.platform.engine_1.5.1.v20190826-0900.jar:1.5.1]
	at org.junit.platform.engine.support.hierarchical.NodeTestTask.execute(NodeTestTask.java:80) ~[org.junit.platform.engine_1.5.1.v20190826-0900.jar:1.5.1]
	at java.util.ArrayList.forEach(ArrayList.java:1257) ~[?:1.8.0_242]
	at org.junit.platform.engine.support.hierarchical.SameThreadHierarchicalTestExecutorService.invokeAll(SameThreadHierarchicalTestExecutorService.java:38) ~[org.junit.platform.engine_1.5.1.v20190826-0900.jar:1.5.1]
	at org.junit.platform.engine.support.hierarchical.NodeTestTask.lambda$executeRecursively$5(NodeTestTask.java:139) ~[org.junit.platform.engine_1.5.1.v20190826-0900.jar:1.5.1]
	at org.junit.platform.engine.support.hierarchical.ThrowableCollector.execute(ThrowableCollector.java:73) ~[org.junit.platform.engine_1.5.1.v20190826-0900.jar:1.5.1]
	at org.junit.platform.engine.support.hierarchical.NodeTestTask.lambda$executeRecursively$7(NodeTestTask.java:125) ~[org.junit.platform.engine_1.5.1.v20190826-0900.jar:1.5.1]
	at org.junit.platform.engine.support.hierarchical.Node.around(Node.java:135) ~[org.junit.platform.engine_1.5.1.v20190826-0900.jar:1.5.1]
	at org.junit.platform.engine.support.hierarchical.NodeTestTask.lambda$executeRecursively$8(NodeTestTask.java:123) ~[org.junit.platform.engine_1.5.1.v20190826-0900.jar:1.5.1]
	at org.junit.platform.engine.support.hierarchical.ThrowableCollector.execute(ThrowableCollector.java:73) ~[org.junit.platform.engine_1.5.1.v20190826-0900.jar:1.5.1]
	at org.junit.platform.engine.support.hierarchical.NodeTestTask.executeRecursively(NodeTestTask.java:122) ~[org.junit.platform.engine_1.5.1.v20190826-0900.jar:1.5.1]
	at org.junit.platform.engine.support.hierarchical.NodeTestTask.execute(NodeTestTask.java:80) ~[org.junit.platform.engine_1.5.1.v20190826-0900.jar:1.5.1]
	at java.util.ArrayList.forEach(ArrayList.java:1257) ~[?:1.8.0_242]
	at org.junit.platform.engine.support.hierarchical.SameThreadHierarchicalTestExecutorService.invokeAll(SameThreadHierarchicalTestExecutorService.java:38) ~[org.junit.platform.engine_1.5.1.v20190826-0900.jar:1.5.1]
	at org.junit.platform.engine.support.hierarchical.NodeTestTask.lambda$executeRecursively$5(NodeTestTask.java:139) ~[org.junit.platform.engine_1.5.1.v20190826-0900.jar:1.5.1]
	at org.junit.platform.engine.support.hierarchical.ThrowableCollector.execute(ThrowableCollector.java:73) ~[org.junit.platform.engine_1.5.1.v20190826-0900.jar:1.5.1]
	at org.junit.platform.engine.support.hierarchical.NodeTestTask.lambda$executeRecursively$7(NodeTestTask.java:125) ~[org.junit.platform.engine_1.5.1.v20190826-0900.jar:1.5.1]
	at org.junit.platform.engine.support.hierarchical.Node.around(Node.java:135) ~[org.junit.platform.engine_1.5.1.v20190826-0900.jar:1.5.1]
	at org.junit.platform.engine.support.hierarchical.NodeTestTask.lambda$executeRecursively$8(NodeTestTask.java:123) ~[org.junit.platform.engine_1.5.1.v20190826-0900.jar:1.5.1]
	at org.junit.platform.engine.support.hierarchical.ThrowableCollector.execute(ThrowableCollector.java:73) ~[org.junit.platform.engine_1.5.1.v20190826-0900.jar:1.5.1]
	at org.junit.platform.engine.support.hierarchical.NodeTestTask.executeRecursively(NodeTestTask.java:122) ~[org.junit.platform.engine_1.5.1.v20190826-0900.jar:1.5.1]
	at org.junit.platform.engine.support.hierarchical.NodeTestTask.execute(NodeTestTask.java:80) ~[org.junit.platform.engine_1.5.1.v20190826-0900.jar:1.5.1]
	at org.junit.platform.engine.support.hierarchical.SameThreadHierarchicalTestExecutorService.submit(SameThreadHierarchicalTestExecutorService.java:32) ~[org.junit.platform.engine_1.5.1.v20190826-0900.jar:1.5.1]
	at org.junit.platform.engine.support.hierarchical.HierarchicalTestExecutor.execute(HierarchicalTestExecutor.java:57) ~[org.junit.platform.engine_1.5.1.v20190826-0900.jar:1.5.1]
	at org.junit.platform.engine.support.hierarchical.HierarchicalTestEngine.execute(HierarchicalTestEngine.java:51) ~[org.junit.platform.engine_1.5.1.v20190826-0900.jar:1.5.1]
	at org.junit.platform.launcher.core.DefaultLauncher.execute(DefaultLauncher.java:229) ~[org.junit.platform.launcher_1.5.1.v20190826-0900.jar:1.5.1]
	at org.junit.platform.launcher.core.DefaultLauncher.lambda$execute$6(DefaultLauncher.java:197) ~[org.junit.platform.launcher_1.5.1.v20190826-0900.jar:1.5.1]
	at org.junit.platform.launcher.core.DefaultLauncher.withInterceptedStreams(DefaultLauncher.java:211) [org.junit.platform.launcher_1.5.1.v20190826-0900.jar:1.5.1]
	at org.junit.platform.launcher.core.DefaultLauncher.execute(DefaultLauncher.java:191) [org.junit.platform.launcher_1.5.1.v20190826-0900.jar:1.5.1]
	at org.junit.platform.launcher.core.DefaultLauncher.execute(DefaultLauncher.java:137) [org.junit.platform.launcher_1.5.1.v20190826-0900.jar:1.5.1]
	at org.eclipse.jdt.internal.junit5.runner.JUnit5TestReference.run(JUnit5TestReference.java:89) [.cp/:?]
	at org.eclipse.jdt.internal.junit.runner.TestExecution.run(TestExecution.java:41) [.cp/:?]
	at org.eclipse.jdt.internal.junit.runner.RemoteTestRunner.runTests(RemoteTestRunner.java:542) [.cp/:?]
	at org.eclipse.jdt.internal.junit.runner.RemoteTestRunner.runTests(RemoteTestRunner.java:770) [.cp/:?]
	at org.eclipse.jdt.internal.junit.runner.RemoteTestRunner.run(RemoteTestRunner.java:464) [.cp/:?]
	at org.eclipse.jdt.internal.junit.runner.RemoteTestRunner.main(RemoteTestRunner.java:210) [.cp/:?]
2020-03-27 11:34:15 [main] ERROR InputReaderUtil:18 - Error while reading user input from Shell
java.util.NoSuchElementException: No line found
	at java.util.Scanner.nextLine(Scanner.java:1540) ~[?:1.8.0_242]
	at com.parkit.parkingsystem.util.InputReaderUtil.readSelection(InputReaderUtil.java:15) ~[classes/:?]
	at com.parkit.parkingsystem.InuptReaderUtilTest.readSelectionTest(InuptReaderUtilTest.java:33) ~[test-classes/:?]
	at sun.reflect.NativeMethodAccessorImpl.invoke0(Native Method) ~[?:1.8.0_242]
	at sun.reflect.NativeMethodAccessorImpl.invoke(NativeMethodAccessorImpl.java:62) ~[?:1.8.0_242]
	at sun.reflect.DelegatingMethodAccessorImpl.invoke(DelegatingMethodAccessorImpl.java:43) ~[?:1.8.0_242]
	at java.lang.reflect.Method.invoke(Method.java:498) ~[?:1.8.0_242]
	at org.junit.platform.commons.util.ReflectionUtils.invokeMethod(ReflectionUtils.java:675) ~[org.junit.platform.commons_1.5.1.v20190826-0900.jar:1.5.1]
	at org.junit.jupiter.engine.execution.MethodInvocation.proceed(MethodInvocation.java:60) ~[org.junit.jupiter.engine_5.5.1.v20190826-0900.jar:5.5.1]
	at org.junit.jupiter.engine.execution.InvocationInterceptorChain$ValidatingInvocation.proceed(InvocationInterceptorChain.java:125) ~[org.junit.jupiter.engine_5.5.1.v20190826-0900.jar:5.5.1]
	at org.junit.jupiter.engine.extension.TimeoutExtension.intercept(TimeoutExtension.java:132) ~[org.junit.jupiter.engine_5.5.1.v20190826-0900.jar:5.5.1]
	at org.junit.jupiter.engine.extension.TimeoutExtension.interceptTestableMethod(TimeoutExtension.java:124) ~[org.junit.jupiter.engine_5.5.1.v20190826-0900.jar:5.5.1]
	at org.junit.jupiter.engine.extension.TimeoutExtension.interceptTestMethod(TimeoutExtension.java:74) ~[org.junit.jupiter.engine_5.5.1.v20190826-0900.jar:5.5.1]
	at org.junit.jupiter.engine.execution.ExecutableInvoker$ReflectiveInterceptorCall.lambda$ofVoidMethod$0(ExecutableInvoker.java:115) ~[org.junit.jupiter.engine_5.5.1.v20190826-0900.jar:5.5.1]
	at org.junit.jupiter.engine.execution.ExecutableInvoker.lambda$invoke$0(ExecutableInvoker.java:105) ~[org.junit.jupiter.engine_5.5.1.v20190826-0900.jar:5.5.1]
	at org.junit.jupiter.engine.execution.InvocationInterceptorChain$InterceptedInvocation.proceed(InvocationInterceptorChain.java:104) ~[org.junit.jupiter.engine_5.5.1.v20190826-0900.jar:5.5.1]
	at org.junit.jupiter.engine.execution.InvocationInterceptorChain.proceed(InvocationInterceptorChain.java:62) ~[org.junit.jupiter.engine_5.5.1.v20190826-0900.jar:5.5.1]
	at org.junit.jupiter.engine.execution.InvocationInterceptorChain.chainAndInvoke(InvocationInterceptorChain.java:43) ~[org.junit.jupiter.engine_5.5.1.v20190826-0900.jar:5.5.1]
	at org.junit.jupiter.engine.execution.InvocationInterceptorChain.invoke(InvocationInterceptorChain.java:35) ~[org.junit.jupiter.engine_5.5.1.v20190826-0900.jar:5.5.1]
	at org.junit.jupiter.engine.execution.ExecutableInvoker.invoke(ExecutableInvoker.java:104) ~[org.junit.jupiter.engine_5.5.1.v20190826-0900.jar:5.5.1]
	at org.junit.jupiter.engine.execution.ExecutableInvoker.invoke(ExecutableInvoker.java:98) ~[org.junit.jupiter.engine_5.5.1.v20190826-0900.jar:5.5.1]
	at org.junit.jupiter.engine.descriptor.TestMethodTestDescriptor.lambda$invokeTestMethod$6(TestMethodTestDescriptor.java:202) ~[org.junit.jupiter.engine_5.5.1.v20190826-0900.jar:5.5.1]
	at org.junit.platform.engine.support.hierarchical.ThrowableCollector.execute(ThrowableCollector.java:73) ~[org.junit.platform.engine_1.5.1.v20190826-0900.jar:1.5.1]
	at org.junit.jupiter.engine.descriptor.TestMethodTestDescriptor.invokeTestMethod(TestMethodTestDescriptor.java:198) ~[org.junit.jupiter.engine_5.5.1.v20190826-0900.jar:5.5.1]
	at org.junit.jupiter.engine.descriptor.TestMethodTestDescriptor.execute(TestMethodTestDescriptor.java:135) ~[org.junit.jupiter.engine_5.5.1.v20190826-0900.jar:5.5.1]
	at org.junit.jupiter.engine.descriptor.TestMethodTestDescriptor.execute(TestMethodTestDescriptor.java:69) ~[org.junit.jupiter.engine_5.5.1.v20190826-0900.jar:5.5.1]
	at org.junit.platform.engine.support.hierarchical.NodeTestTask.lambda$executeRecursively$5(NodeTestTask.java:135) ~[org.junit.platform.engine_1.5.1.v20190826-0900.jar:1.5.1]
	at org.junit.platform.engine.support.hierarchical.ThrowableCollector.execute(ThrowableCollector.java:73) ~[org.junit.platform.engine_1.5.1.v20190826-0900.jar:1.5.1]
	at org.junit.platform.engine.support.hierarchical.NodeTestTask.lambda$executeRecursively$7(NodeTestTask.java:125) ~[org.junit.platform.engine_1.5.1.v20190826-0900.jar:1.5.1]
	at org.junit.platform.engine.support.hierarchical.Node.around(Node.java:135) ~[org.junit.platform.engine_1.5.1.v20190826-0900.jar:1.5.1]
	at org.junit.platform.engine.support.hierarchical.NodeTestTask.lambda$executeRecursively$8(NodeTestTask.java:123) ~[org.junit.platform.engine_1.5.1.v20190826-0900.jar:1.5.1]
	at org.junit.platform.engine.support.hierarchical.ThrowableCollector.execute(ThrowableCollector.java:73) ~[org.junit.platform.engine_1.5.1.v20190826-0900.jar:1.5.1]
	at org.junit.platform.engine.support.hierarchical.NodeTestTask.executeRecursively(NodeTestTask.java:122) ~[org.junit.platform.engine_1.5.1.v20190826-0900.jar:1.5.1]
	at org.junit.platform.engine.support.hierarchical.NodeTestTask.execute(NodeTestTask.java:80) ~[org.junit.platform.engine_1.5.1.v20190826-0900.jar:1.5.1]
	at java.util.ArrayList.forEach(ArrayList.java:1257) ~[?:1.8.0_242]
	at org.junit.platform.engine.support.hierarchical.SameThreadHierarchicalTestExecutorService.invokeAll(SameThreadHierarchicalTestExecutorService.java:38) ~[org.junit.platform.engine_1.5.1.v20190826-0900.jar:1.5.1]
	at org.junit.platform.engine.support.hierarchical.NodeTestTask.lambda$executeRecursively$5(NodeTestTask.java:139) ~[org.junit.platform.engine_1.5.1.v20190826-0900.jar:1.5.1]
	at org.junit.platform.engine.support.hierarchical.ThrowableCollector.execute(ThrowableCollector.java:73) ~[org.junit.platform.engine_1.5.1.v20190826-0900.jar:1.5.1]
	at org.junit.platform.engine.support.hierarchical.NodeTestTask.lambda$executeRecursively$7(NodeTestTask.java:125) ~[org.junit.platform.engine_1.5.1.v20190826-0900.jar:1.5.1]
	at org.junit.platform.engine.support.hierarchical.Node.around(Node.java:135) ~[org.junit.platform.engine_1.5.1.v20190826-0900.jar:1.5.1]
	at org.junit.platform.engine.support.hierarchical.NodeTestTask.lambda$executeRecursively$8(NodeTestTask.java:123) ~[org.junit.platform.engine_1.5.1.v20190826-0900.jar:1.5.1]
	at org.junit.platform.engine.support.hierarchical.ThrowableCollector.execute(ThrowableCollector.java:73) ~[org.junit.platform.engine_1.5.1.v20190826-0900.jar:1.5.1]
	at org.junit.platform.engine.support.hierarchical.NodeTestTask.executeRecursively(NodeTestTask.java:122) ~[org.junit.platform.engine_1.5.1.v20190826-0900.jar:1.5.1]
	at org.junit.platform.engine.support.hierarchical.NodeTestTask.execute(NodeTestTask.java:80) ~[org.junit.platform.engine_1.5.1.v20190826-0900.jar:1.5.1]
	at java.util.ArrayList.forEach(ArrayList.java:1257) ~[?:1.8.0_242]
	at org.junit.platform.engine.support.hierarchical.SameThreadHierarchicalTestExecutorService.invokeAll(SameThreadHierarchicalTestExecutorService.java:38) ~[org.junit.platform.engine_1.5.1.v20190826-0900.jar:1.5.1]
	at org.junit.platform.engine.support.hierarchical.NodeTestTask.lambda$executeRecursively$5(NodeTestTask.java:139) ~[org.junit.platform.engine_1.5.1.v20190826-0900.jar:1.5.1]
	at org.junit.platform.engine.support.hierarchical.ThrowableCollector.execute(ThrowableCollector.java:73) ~[org.junit.platform.engine_1.5.1.v20190826-0900.jar:1.5.1]
	at org.junit.platform.engine.support.hierarchical.NodeTestTask.lambda$executeRecursively$7(NodeTestTask.java:125) ~[org.junit.platform.engine_1.5.1.v20190826-0900.jar:1.5.1]
	at org.junit.platform.engine.support.hierarchical.Node.around(Node.java:135) ~[org.junit.platform.engine_1.5.1.v20190826-0900.jar:1.5.1]
	at org.junit.platform.engine.support.hierarchical.NodeTestTask.lambda$executeRecursively$8(NodeTestTask.java:123) ~[org.junit.platform.engine_1.5.1.v20190826-0900.jar:1.5.1]
	at org.junit.platform.engine.support.hierarchical.ThrowableCollector.execute(ThrowableCollector.java:73) ~[org.junit.platform.engine_1.5.1.v20190826-0900.jar:1.5.1]
	at org.junit.platform.engine.support.hierarchical.NodeTestTask.executeRecursively(NodeTestTask.java:122) ~[org.junit.platform.engine_1.5.1.v20190826-0900.jar:1.5.1]
	at org.junit.platform.engine.support.hierarchical.NodeTestTask.execute(NodeTestTask.java:80) ~[org.junit.platform.engine_1.5.1.v20190826-0900.jar:1.5.1]
	at org.junit.platform.engine.support.hierarchical.SameThreadHierarchicalTestExecutorService.submit(SameThreadHierarchicalTestExecutorService.java:32) ~[org.junit.platform.engine_1.5.1.v20190826-0900.jar:1.5.1]
	at org.junit.platform.engine.support.hierarchical.HierarchicalTestExecutor.execute(HierarchicalTestExecutor.java:57) ~[org.junit.platform.engine_1.5.1.v20190826-0900.jar:1.5.1]
	at org.junit.platform.engine.support.hierarchical.HierarchicalTestEngine.execute(HierarchicalTestEngine.java:51) ~[org.junit.platform.engine_1.5.1.v20190826-0900.jar:1.5.1]
	at org.junit.platform.launcher.core.DefaultLauncher.execute(DefaultLauncher.java:229) ~[org.junit.platform.launcher_1.5.1.v20190826-0900.jar:1.5.1]
	at org.junit.platform.launcher.core.DefaultLauncher.lambda$execute$6(DefaultLauncher.java:197) ~[org.junit.platform.launcher_1.5.1.v20190826-0900.jar:1.5.1]
	at org.junit.platform.launcher.core.DefaultLauncher.withInterceptedStreams(DefaultLauncher.java:211) [org.junit.platform.launcher_1.5.1.v20190826-0900.jar:1.5.1]
	at org.junit.platform.launcher.core.DefaultLauncher.execute(DefaultLauncher.java:191) [org.junit.platform.launcher_1.5.1.v20190826-0900.jar:1.5.1]
	at org.junit.platform.launcher.core.DefaultLauncher.execute(DefaultLauncher.java:137) [org.junit.platform.launcher_1.5.1.v20190826-0900.jar:1.5.1]
	at org.eclipse.jdt.internal.junit5.runner.JUnit5TestReference.run(JUnit5TestReference.java:89) [.cp/:?]
	at org.eclipse.jdt.internal.junit.runner.TestExecution.run(TestExecution.java:41) [.cp/:?]
	at org.eclipse.jdt.internal.junit.runner.RemoteTestRunner.runTests(RemoteTestRunner.java:542) [.cp/:?]
	at org.eclipse.jdt.internal.junit.runner.RemoteTestRunner.runTests(RemoteTestRunner.java:770) [.cp/:?]
	at org.eclipse.jdt.internal.junit.runner.RemoteTestRunner.run(RemoteTestRunner.java:464) [.cp/:?]
	at org.eclipse.jdt.internal.junit.runner.RemoteTestRunner.main(RemoteTestRunner.java:210) [.cp/:?]
2020-03-27 11:41:21 [main] INFO  App:10 - Initializing Parking System
2020-03-27 11:41:21 [main] INFO  InteractiveShell:14 - App initialized!!!
2020-03-27 11:41:43 [main] INFO  App:10 - Initializing Parking System
2020-03-27 11:41:43 [main] INFO  InteractiveShell:14 - App initialized!!!
2020-03-27 11:41:52 [main] INFO  DataBaseConfig:14 - Create DB connection
2020-03-27 11:41:52 [main] INFO  DataBaseConfig:52 - Closing Result Set
2020-03-27 11:41:52 [main] INFO  DataBaseConfig:41 - Closing Prepared Statement
2020-03-27 11:41:52 [main] INFO  DataBaseConfig:30 - Closing DB connection
2020-03-27 11:41:52 [main] INFO  DataBaseConfig:14 - Create DB connection
2020-03-27 11:41:52 [main] INFO  DataBaseConfig:41 - Closing Prepared Statement
2020-03-27 11:41:52 [main] INFO  DataBaseConfig:30 - Closing DB connection
2020-03-27 11:41:52 [main] INFO  DataBaseConfig:14 - Create DB connection
2020-03-27 11:41:53 [main] INFO  DataBaseConfig:41 - Closing Prepared Statement
2020-03-27 11:41:53 [main] INFO  DataBaseConfig:30 - Closing DB connection
2020-03-27 11:42:00 [main] INFO  DataBaseConfig:14 - Create DB connection
2020-03-27 11:42:01 [main] INFO  DataBaseConfig:52 - Closing Result Set
2020-03-27 11:42:01 [main] INFO  DataBaseConfig:41 - Closing Prepared Statement
2020-03-27 11:42:01 [main] INFO  DataBaseConfig:30 - Closing DB connection
2020-03-27 11:42:01 [main] ERROR ParkingService:79 - Error fetching next available parking slot
java.lang.Exception: Error fetching parking number from DB. Parking slots might be full
	at com.parkit.parkingsystem.service.ParkingService.getNextParkingNumberIfAvailable(ParkingService.java:74) [classes/:?]
	at com.parkit.parkingsystem.service.ParkingService.processIncomingVehicle(ParkingService.java:32) [classes/:?]
	at com.parkit.parkingsystem.service.InteractiveShell.loadInterface(InteractiveShell.java:28) [classes/:?]
	at com.parkit.parkingsystem.App.main(App.java:11) [classes/:?]
2020-03-27 11:43:10 [main] INFO  App:10 - Initializing Parking System
2020-03-27 11:43:10 [main] INFO  InteractiveShell:14 - App initialized!!!
2020-03-27 11:43:53 [main] ERROR InputReaderUtil:18 - Error while reading user input from Shell
java.lang.NumberFormatException: For input string: ""
	at java.lang.NumberFormatException.forInputString(NumberFormatException.java:65) ~[?:1.8.0_242]
	at java.lang.Integer.parseInt(Integer.java:592) ~[?:1.8.0_242]
	at java.lang.Integer.parseInt(Integer.java:615) ~[?:1.8.0_242]
	at com.parkit.parkingsystem.util.InputReaderUtil.readSelection(InputReaderUtil.java:15) [classes/:?]
	at com.parkit.parkingsystem.service.ParkingService.getVehichleType(ParkingService.java:88) [classes/:?]
	at com.parkit.parkingsystem.service.ParkingService.getNextParkingNumberIfAvailable(ParkingService.java:69) [classes/:?]
	at com.parkit.parkingsystem.service.ParkingService.processIncomingVehicle(ParkingService.java:32) [classes/:?]
	at com.parkit.parkingsystem.service.InteractiveShell.loadInterface(InteractiveShell.java:28) [classes/:?]
	at com.parkit.parkingsystem.App.main(App.java:11) [classes/:?]
2020-03-27 11:43:54 [main] ERROR ParkingService:77 - Error parsing user input for type of vehicle
java.lang.IllegalArgumentException: Entered input is invalid
	at com.parkit.parkingsystem.service.ParkingService.getVehichleType(ParkingService.java:98) ~[classes/:?]
	at com.parkit.parkingsystem.service.ParkingService.getNextParkingNumberIfAvailable(ParkingService.java:69) [classes/:?]
	at com.parkit.parkingsystem.service.ParkingService.processIncomingVehicle(ParkingService.java:32) [classes/:?]
	at com.parkit.parkingsystem.service.InteractiveShell.loadInterface(InteractiveShell.java:28) [classes/:?]
	at com.parkit.parkingsystem.App.main(App.java:11) [classes/:?]
2020-03-27 11:44:20 [main] INFO  App:10 - Initializing Parking System
2020-03-27 11:44:20 [main] INFO  InteractiveShell:14 - App initialized!!!
2020-03-27 11:46:13 [main] INFO  DataBaseConfig:14 - Create DB connection
2020-03-27 11:46:29 [main] INFO  DataBaseConfig:52 - Closing Result Set
2020-03-27 11:46:29 [main] INFO  DataBaseConfig:41 - Closing Prepared Statement
2020-03-27 11:46:29 [main] INFO  DataBaseConfig:30 - Closing DB connection
2020-03-27 11:49:59 [main] ERROR ParkingService:79 - Error fetching next available parking slot
java.lang.Exception: Error fetching parking number from DB. Parking slots might be full
	at com.parkit.parkingsystem.service.ParkingService.getNextParkingNumberIfAvailable(ParkingService.java:74) [classes/:?]
	at com.parkit.parkingsystem.service.ParkingService.processIncomingVehicle(ParkingService.java:32) [classes/:?]
	at com.parkit.parkingsystem.service.InteractiveShell.loadInterface(InteractiveShell.java:28) [classes/:?]
	at com.parkit.parkingsystem.App.main(App.java:11) [classes/:?]
2020-03-27 11:49:59 [main] ERROR InputReaderUtil:18 - Error while reading user input from Shell
java.lang.NumberFormatException: For input string: ""
	at java.lang.NumberFormatException.forInputString(NumberFormatException.java:65) ~[?:1.8.0_242]
	at java.lang.Integer.parseInt(Integer.java:592) ~[?:1.8.0_242]
	at java.lang.Integer.parseInt(Integer.java:615) ~[?:1.8.0_242]
	at com.parkit.parkingsystem.util.InputReaderUtil.readSelection(InputReaderUtil.java:15) [classes/:?]
	at com.parkit.parkingsystem.service.InteractiveShell.loadInterface(InteractiveShell.java:25) [classes/:?]
	at com.parkit.parkingsystem.App.main(App.java:11) [classes/:?]
2020-03-27 11:50:17 [main] INFO  DataBaseConfig:14 - Create DB connection
2020-03-27 11:50:17 [main] INFO  DataBaseConfig:52 - Closing Result Set
2020-03-27 11:50:17 [main] INFO  DataBaseConfig:41 - Closing Prepared Statement
2020-03-27 11:50:17 [main] INFO  DataBaseConfig:30 - Closing DB connection
2020-03-27 11:50:22 [main] INFO  DataBaseConfig:14 - Create DB connection
2020-03-27 11:50:22 [main] INFO  DataBaseConfig:41 - Closing Prepared Statement
2020-03-27 11:50:22 [main] INFO  DataBaseConfig:30 - Closing DB connection
2020-03-27 11:50:22 [main] INFO  DataBaseConfig:14 - Create DB connection
2020-03-27 11:50:22 [main] INFO  DataBaseConfig:41 - Closing Prepared Statement
2020-03-27 11:50:22 [main] INFO  DataBaseConfig:30 - Closing DB connection
2020-03-27 11:50:22 [main] INFO  DataBaseConfig:14 - Create DB connection
2020-03-27 11:50:23 [main] INFO  DataBaseConfig:52 - Closing Result Set
2020-03-27 11:50:23 [main] INFO  DataBaseConfig:41 - Closing Prepared Statement
2020-03-27 11:50:23 [main] INFO  DataBaseConfig:30 - Closing DB connection
2020-03-27 11:50:34 [main] INFO  DataBaseConfig:14 - Create DB connection
2020-03-27 11:50:34 [main] INFO  DataBaseConfig:52 - Closing Result Set
2020-03-27 11:50:34 [main] INFO  DataBaseConfig:41 - Closing Prepared Statement
2020-03-27 11:50:34 [main] INFO  DataBaseConfig:30 - Closing DB connection
2020-03-27 11:50:34 [main] INFO  DataBaseConfig:14 - Create DB connection
2020-03-27 11:50:34 [main] INFO  DataBaseConfig:41 - Closing Prepared Statement
2020-03-27 11:50:34 [main] INFO  DataBaseConfig:30 - Closing DB connection
2020-03-27 11:50:34 [main] INFO  DataBaseConfig:14 - Create DB connection
2020-03-27 11:50:34 [main] INFO  DataBaseConfig:41 - Closing Prepared Statement
2020-03-27 11:50:34 [main] INFO  DataBaseConfig:30 - Closing DB connection
2020-03-27 11:56:16 [main] INFO  DataBaseTestConfig:14 - Create DB connection
2020-03-27 11:56:18 [main] INFO  DataBaseTestConfig:24 - Closing DB connection
2020-03-27 11:56:18 [main] INFO  DataBaseTestConfig:14 - Create DB connection
2020-03-27 11:56:18 [main] INFO  DataBaseTestConfig:46 - Closing Result Set
2020-03-27 11:56:18 [main] INFO  DataBaseTestConfig:35 - Closing Prepared Statement
2020-03-27 11:56:18 [main] INFO  DataBaseTestConfig:24 - Closing DB connection
2020-03-27 11:56:18 [main] INFO  DataBaseTestConfig:14 - Create DB connection
2020-03-27 11:56:18 [main] INFO  DataBaseTestConfig:35 - Closing Prepared Statement
2020-03-27 11:56:18 [main] INFO  DataBaseTestConfig:24 - Closing DB connection
2020-03-27 11:56:18 [main] INFO  DataBaseTestConfig:14 - Create DB connection
2020-03-27 11:56:18 [main] INFO  DataBaseTestConfig:35 - Closing Prepared Statement
2020-03-27 11:56:18 [main] INFO  DataBaseTestConfig:24 - Closing DB connection
2020-03-27 11:56:18 [main] INFO  DataBaseTestConfig:14 - Create DB connection
2020-03-27 11:56:18 [main] INFO  DataBaseTestConfig:46 - Closing Result Set
2020-03-27 11:56:18 [main] INFO  DataBaseTestConfig:35 - Closing Prepared Statement
2020-03-27 11:56:18 [main] INFO  DataBaseTestConfig:24 - Closing DB connection
2020-03-27 11:56:18 [main] INFO  DataBaseTestConfig:14 - Create DB connection
2020-03-27 11:56:18 [main] INFO  DataBaseTestConfig:46 - Closing Result Set
2020-03-27 11:56:18 [main] INFO  DataBaseTestConfig:35 - Closing Prepared Statement
2020-03-27 11:56:18 [main] INFO  DataBaseTestConfig:24 - Closing DB connection
2020-03-27 11:56:18 [main] INFO  DataBaseTestConfig:14 - Create DB connection
2020-03-27 11:56:18 [main] INFO  DataBaseTestConfig:46 - Closing Result Set
2020-03-27 11:56:18 [main] INFO  DataBaseTestConfig:35 - Closing Prepared Statement
2020-03-27 11:56:18 [main] INFO  DataBaseTestConfig:24 - Closing DB connection
2020-03-27 11:56:19 [main] INFO  DataBaseTestConfig:14 - Create DB connection
2020-03-27 11:56:19 [main] INFO  DataBaseTestConfig:46 - Closing Result Set
2020-03-27 11:56:19 [main] INFO  DataBaseTestConfig:35 - Closing Prepared Statement
2020-03-27 11:56:19 [main] INFO  DataBaseTestConfig:24 - Closing DB connection
2020-03-27 11:56:19 [main] INFO  DataBaseTestConfig:14 - Create DB connection
2020-03-27 11:56:19 [main] INFO  DataBaseTestConfig:35 - Closing Prepared Statement
2020-03-27 11:56:19 [main] INFO  DataBaseTestConfig:24 - Closing DB connection
2020-03-27 11:56:19 [main] INFO  DataBaseTestConfig:14 - Create DB connection
2020-03-27 11:56:19 [main] INFO  DataBaseTestConfig:35 - Closing Prepared Statement
2020-03-27 11:56:19 [main] INFO  DataBaseTestConfig:24 - Closing DB connection
2020-03-27 11:56:19 [main] INFO  DataBaseTestConfig:14 - Create DB connection
2020-03-27 11:56:19 [main] INFO  DataBaseTestConfig:46 - Closing Result Set
2020-03-27 11:56:19 [main] INFO  DataBaseTestConfig:35 - Closing Prepared Statement
2020-03-27 11:56:19 [main] INFO  DataBaseTestConfig:24 - Closing DB connection
2020-03-27 11:56:19 [main] INFO  DataBaseTestConfig:14 - Create DB connection
2020-03-27 11:56:19 [main] INFO  DataBaseTestConfig:24 - Closing DB connection
2020-03-27 11:56:19 [main] INFO  DataBaseTestConfig:14 - Create DB connection
2020-03-27 11:56:19 [main] INFO  DataBaseTestConfig:46 - Closing Result Set
2020-03-27 11:56:19 [main] INFO  DataBaseTestConfig:35 - Closing Prepared Statement
2020-03-27 11:56:19 [main] INFO  DataBaseTestConfig:24 - Closing DB connection
2020-03-27 11:56:19 [main] INFO  DataBaseTestConfig:14 - Create DB connection
2020-03-27 11:56:19 [main] INFO  DataBaseTestConfig:35 - Closing Prepared Statement
2020-03-27 11:56:19 [main] INFO  DataBaseTestConfig:24 - Closing DB connection
2020-03-27 11:56:19 [main] INFO  DataBaseTestConfig:14 - Create DB connection
2020-03-27 11:56:19 [main] INFO  DataBaseTestConfig:35 - Closing Prepared Statement
2020-03-27 11:56:19 [main] INFO  DataBaseTestConfig:24 - Closing DB connection
2020-03-27 11:56:19 [main] INFO  DataBaseTestConfig:14 - Create DB connection
2020-03-27 11:56:19 [main] INFO  DataBaseTestConfig:46 - Closing Result Set
2020-03-27 11:56:19 [main] INFO  DataBaseTestConfig:35 - Closing Prepared Statement
2020-03-27 11:56:19 [main] INFO  DataBaseTestConfig:24 - Closing DB connection
2020-03-27 11:56:19 [main] INFO  DataBaseTestConfig:14 - Create DB connection
2020-03-27 11:56:19 [main] INFO  DataBaseTestConfig:46 - Closing Result Set
2020-03-27 11:56:19 [main] INFO  DataBaseTestConfig:35 - Closing Prepared Statement
2020-03-27 11:56:19 [main] INFO  DataBaseTestConfig:24 - Closing DB connection
2020-03-27 12:16:13 [main] ERROR InputReaderUtil:18 - Error while reading user input from Shell
java.lang.NumberFormatException: For input string: "A"
	at java.lang.NumberFormatException.forInputString(NumberFormatException.java:65) ~[?:1.8.0_242]
	at java.lang.Integer.parseInt(Integer.java:580) ~[?:1.8.0_242]
	at java.lang.Integer.parseInt(Integer.java:615) ~[?:1.8.0_242]
	at com.parkit.parkingsystem.util.InputReaderUtil.readSelection(InputReaderUtil.java:15) ~[classes/:?]
	at com.parkit.parkingsystem.InuptReaderUtilTest.lambda$0(InuptReaderUtilTest.java:52) ~[test-classes/:?]
	at org.junit.jupiter.api.AssertThrows.assertThrows(AssertThrows.java:55) ~[org.junit.jupiter.api_5.5.1.v20190826-0900.jar:5.5.1]
	at org.junit.jupiter.api.AssertThrows.assertThrows(AssertThrows.java:37) ~[org.junit.jupiter.api_5.5.1.v20190826-0900.jar:5.5.1]
	at org.junit.jupiter.api.Assertions.assertThrows(Assertions.java:2952) ~[org.junit.jupiter.api_5.5.1.v20190826-0900.jar:5.5.1]
	at com.parkit.parkingsystem.InuptReaderUtilTest.exceptionTest(InuptReaderUtilTest.java:52) ~[test-classes/:?]
	at sun.reflect.NativeMethodAccessorImpl.invoke0(Native Method) ~[?:1.8.0_242]
	at sun.reflect.NativeMethodAccessorImpl.invoke(NativeMethodAccessorImpl.java:62) ~[?:1.8.0_242]
	at sun.reflect.DelegatingMethodAccessorImpl.invoke(DelegatingMethodAccessorImpl.java:43) ~[?:1.8.0_242]
	at java.lang.reflect.Method.invoke(Method.java:498) ~[?:1.8.0_242]
	at org.junit.platform.commons.util.ReflectionUtils.invokeMethod(ReflectionUtils.java:675) ~[org.junit.platform.commons_1.5.1.v20190826-0900.jar:1.5.1]
	at org.junit.jupiter.engine.execution.MethodInvocation.proceed(MethodInvocation.java:60) ~[org.junit.jupiter.engine_5.5.1.v20190826-0900.jar:5.5.1]
	at org.junit.jupiter.engine.execution.InvocationInterceptorChain$ValidatingInvocation.proceed(InvocationInterceptorChain.java:125) ~[org.junit.jupiter.engine_5.5.1.v20190826-0900.jar:5.5.1]
	at org.junit.jupiter.engine.extension.TimeoutExtension.intercept(TimeoutExtension.java:132) ~[org.junit.jupiter.engine_5.5.1.v20190826-0900.jar:5.5.1]
	at org.junit.jupiter.engine.extension.TimeoutExtension.interceptTestableMethod(TimeoutExtension.java:124) ~[org.junit.jupiter.engine_5.5.1.v20190826-0900.jar:5.5.1]
	at org.junit.jupiter.engine.extension.TimeoutExtension.interceptTestMethod(TimeoutExtension.java:74) ~[org.junit.jupiter.engine_5.5.1.v20190826-0900.jar:5.5.1]
	at org.junit.jupiter.engine.execution.ExecutableInvoker$ReflectiveInterceptorCall.lambda$ofVoidMethod$0(ExecutableInvoker.java:115) ~[org.junit.jupiter.engine_5.5.1.v20190826-0900.jar:5.5.1]
	at org.junit.jupiter.engine.execution.ExecutableInvoker.lambda$invoke$0(ExecutableInvoker.java:105) ~[org.junit.jupiter.engine_5.5.1.v20190826-0900.jar:5.5.1]
	at org.junit.jupiter.engine.execution.InvocationInterceptorChain$InterceptedInvocation.proceed(InvocationInterceptorChain.java:104) ~[org.junit.jupiter.engine_5.5.1.v20190826-0900.jar:5.5.1]
	at org.junit.jupiter.engine.execution.InvocationInterceptorChain.proceed(InvocationInterceptorChain.java:62) ~[org.junit.jupiter.engine_5.5.1.v20190826-0900.jar:5.5.1]
	at org.junit.jupiter.engine.execution.InvocationInterceptorChain.chainAndInvoke(InvocationInterceptorChain.java:43) ~[org.junit.jupiter.engine_5.5.1.v20190826-0900.jar:5.5.1]
	at org.junit.jupiter.engine.execution.InvocationInterceptorChain.invoke(InvocationInterceptorChain.java:35) ~[org.junit.jupiter.engine_5.5.1.v20190826-0900.jar:5.5.1]
	at org.junit.jupiter.engine.execution.ExecutableInvoker.invoke(ExecutableInvoker.java:104) ~[org.junit.jupiter.engine_5.5.1.v20190826-0900.jar:5.5.1]
	at org.junit.jupiter.engine.execution.ExecutableInvoker.invoke(ExecutableInvoker.java:98) ~[org.junit.jupiter.engine_5.5.1.v20190826-0900.jar:5.5.1]
	at org.junit.jupiter.engine.descriptor.TestMethodTestDescriptor.lambda$invokeTestMethod$6(TestMethodTestDescriptor.java:202) ~[org.junit.jupiter.engine_5.5.1.v20190826-0900.jar:5.5.1]
	at org.junit.platform.engine.support.hierarchical.ThrowableCollector.execute(ThrowableCollector.java:73) ~[org.junit.platform.engine_1.5.1.v20190826-0900.jar:1.5.1]
	at org.junit.jupiter.engine.descriptor.TestMethodTestDescriptor.invokeTestMethod(TestMethodTestDescriptor.java:198) ~[org.junit.jupiter.engine_5.5.1.v20190826-0900.jar:5.5.1]
	at org.junit.jupiter.engine.descriptor.TestMethodTestDescriptor.execute(TestMethodTestDescriptor.java:135) ~[org.junit.jupiter.engine_5.5.1.v20190826-0900.jar:5.5.1]
	at org.junit.jupiter.engine.descriptor.TestMethodTestDescriptor.execute(TestMethodTestDescriptor.java:69) ~[org.junit.jupiter.engine_5.5.1.v20190826-0900.jar:5.5.1]
	at org.junit.platform.engine.support.hierarchical.NodeTestTask.lambda$executeRecursively$5(NodeTestTask.java:135) ~[org.junit.platform.engine_1.5.1.v20190826-0900.jar:1.5.1]
	at org.junit.platform.engine.support.hierarchical.ThrowableCollector.execute(ThrowableCollector.java:73) ~[org.junit.platform.engine_1.5.1.v20190826-0900.jar:1.5.1]
	at org.junit.platform.engine.support.hierarchical.NodeTestTask.lambda$executeRecursively$7(NodeTestTask.java:125) ~[org.junit.platform.engine_1.5.1.v20190826-0900.jar:1.5.1]
	at org.junit.platform.engine.support.hierarchical.Node.around(Node.java:135) ~[org.junit.platform.engine_1.5.1.v20190826-0900.jar:1.5.1]
	at org.junit.platform.engine.support.hierarchical.NodeTestTask.lambda$executeRecursively$8(NodeTestTask.java:123) ~[org.junit.platform.engine_1.5.1.v20190826-0900.jar:1.5.1]
	at org.junit.platform.engine.support.hierarchical.ThrowableCollector.execute(ThrowableCollector.java:73) ~[org.junit.platform.engine_1.5.1.v20190826-0900.jar:1.5.1]
	at org.junit.platform.engine.support.hierarchical.NodeTestTask.executeRecursively(NodeTestTask.java:122) ~[org.junit.platform.engine_1.5.1.v20190826-0900.jar:1.5.1]
	at org.junit.platform.engine.support.hierarchical.NodeTestTask.execute(NodeTestTask.java:80) ~[org.junit.platform.engine_1.5.1.v20190826-0900.jar:1.5.1]
	at java.util.ArrayList.forEach(ArrayList.java:1257) ~[?:1.8.0_242]
	at org.junit.platform.engine.support.hierarchical.SameThreadHierarchicalTestExecutorService.invokeAll(SameThreadHierarchicalTestExecutorService.java:38) ~[org.junit.platform.engine_1.5.1.v20190826-0900.jar:1.5.1]
	at org.junit.platform.engine.support.hierarchical.NodeTestTask.lambda$executeRecursively$5(NodeTestTask.java:139) ~[org.junit.platform.engine_1.5.1.v20190826-0900.jar:1.5.1]
	at org.junit.platform.engine.support.hierarchical.ThrowableCollector.execute(ThrowableCollector.java:73) ~[org.junit.platform.engine_1.5.1.v20190826-0900.jar:1.5.1]
	at org.junit.platform.engine.support.hierarchical.NodeTestTask.lambda$executeRecursively$7(NodeTestTask.java:125) ~[org.junit.platform.engine_1.5.1.v20190826-0900.jar:1.5.1]
	at org.junit.platform.engine.support.hierarchical.Node.around(Node.java:135) ~[org.junit.platform.engine_1.5.1.v20190826-0900.jar:1.5.1]
	at org.junit.platform.engine.support.hierarchical.NodeTestTask.lambda$executeRecursively$8(NodeTestTask.java:123) ~[org.junit.platform.engine_1.5.1.v20190826-0900.jar:1.5.1]
	at org.junit.platform.engine.support.hierarchical.ThrowableCollector.execute(ThrowableCollector.java:73) ~[org.junit.platform.engine_1.5.1.v20190826-0900.jar:1.5.1]
	at org.junit.platform.engine.support.hierarchical.NodeTestTask.executeRecursively(NodeTestTask.java:122) ~[org.junit.platform.engine_1.5.1.v20190826-0900.jar:1.5.1]
	at org.junit.platform.engine.support.hierarchical.NodeTestTask.execute(NodeTestTask.java:80) ~[org.junit.platform.engine_1.5.1.v20190826-0900.jar:1.5.1]
	at java.util.ArrayList.forEach(ArrayList.java:1257) ~[?:1.8.0_242]
	at org.junit.platform.engine.support.hierarchical.SameThreadHierarchicalTestExecutorService.invokeAll(SameThreadHierarchicalTestExecutorService.java:38) ~[org.junit.platform.engine_1.5.1.v20190826-0900.jar:1.5.1]
	at org.junit.platform.engine.support.hierarchical.NodeTestTask.lambda$executeRecursively$5(NodeTestTask.java:139) ~[org.junit.platform.engine_1.5.1.v20190826-0900.jar:1.5.1]
	at org.junit.platform.engine.support.hierarchical.ThrowableCollector.execute(ThrowableCollector.java:73) ~[org.junit.platform.engine_1.5.1.v20190826-0900.jar:1.5.1]
	at org.junit.platform.engine.support.hierarchical.NodeTestTask.lambda$executeRecursively$7(NodeTestTask.java:125) ~[org.junit.platform.engine_1.5.1.v20190826-0900.jar:1.5.1]
	at org.junit.platform.engine.support.hierarchical.Node.around(Node.java:135) ~[org.junit.platform.engine_1.5.1.v20190826-0900.jar:1.5.1]
	at org.junit.platform.engine.support.hierarchical.NodeTestTask.lambda$executeRecursively$8(NodeTestTask.java:123) ~[org.junit.platform.engine_1.5.1.v20190826-0900.jar:1.5.1]
	at org.junit.platform.engine.support.hierarchical.ThrowableCollector.execute(ThrowableCollector.java:73) ~[org.junit.platform.engine_1.5.1.v20190826-0900.jar:1.5.1]
	at org.junit.platform.engine.support.hierarchical.NodeTestTask.executeRecursively(NodeTestTask.java:122) ~[org.junit.platform.engine_1.5.1.v20190826-0900.jar:1.5.1]
	at org.junit.platform.engine.support.hierarchical.NodeTestTask.execute(NodeTestTask.java:80) ~[org.junit.platform.engine_1.5.1.v20190826-0900.jar:1.5.1]
	at org.junit.platform.engine.support.hierarchical.SameThreadHierarchicalTestExecutorService.submit(SameThreadHierarchicalTestExecutorService.java:32) ~[org.junit.platform.engine_1.5.1.v20190826-0900.jar:1.5.1]
	at org.junit.platform.engine.support.hierarchical.HierarchicalTestExecutor.execute(HierarchicalTestExecutor.java:57) ~[org.junit.platform.engine_1.5.1.v20190826-0900.jar:1.5.1]
	at org.junit.platform.engine.support.hierarchical.HierarchicalTestEngine.execute(HierarchicalTestEngine.java:51) ~[org.junit.platform.engine_1.5.1.v20190826-0900.jar:1.5.1]
	at org.junit.platform.launcher.core.DefaultLauncher.execute(DefaultLauncher.java:229) ~[org.junit.platform.launcher_1.5.1.v20190826-0900.jar:1.5.1]
	at org.junit.platform.launcher.core.DefaultLauncher.lambda$execute$6(DefaultLauncher.java:197) ~[org.junit.platform.launcher_1.5.1.v20190826-0900.jar:1.5.1]
	at org.junit.platform.launcher.core.DefaultLauncher.withInterceptedStreams(DefaultLauncher.java:211) [org.junit.platform.launcher_1.5.1.v20190826-0900.jar:1.5.1]
	at org.junit.platform.launcher.core.DefaultLauncher.execute(DefaultLauncher.java:191) [org.junit.platform.launcher_1.5.1.v20190826-0900.jar:1.5.1]
	at org.junit.platform.launcher.core.DefaultLauncher.execute(DefaultLauncher.java:137) [org.junit.platform.launcher_1.5.1.v20190826-0900.jar:1.5.1]
	at org.eclipse.jdt.internal.junit5.runner.JUnit5TestReference.run(JUnit5TestReference.java:89) [.cp/:?]
	at org.eclipse.jdt.internal.junit.runner.TestExecution.run(TestExecution.java:41) [.cp/:?]
	at org.eclipse.jdt.internal.junit.runner.RemoteTestRunner.runTests(RemoteTestRunner.java:542) [.cp/:?]
	at org.eclipse.jdt.internal.junit.runner.RemoteTestRunner.runTests(RemoteTestRunner.java:770) [.cp/:?]
	at org.eclipse.jdt.internal.junit.runner.RemoteTestRunner.run(RemoteTestRunner.java:464) [.cp/:?]
	at org.eclipse.jdt.internal.junit.runner.RemoteTestRunner.main(RemoteTestRunner.java:210) [.cp/:?]
2020-03-27 12:18:28 [main] ERROR InputReaderUtil:18 - Error while reading user input from Shell
java.lang.NumberFormatException: For input string: "A"
	at java.lang.NumberFormatException.forInputString(NumberFormatException.java:65) ~[?:1.8.0_242]
	at java.lang.Integer.parseInt(Integer.java:580) ~[?:1.8.0_242]
	at java.lang.Integer.parseInt(Integer.java:615) ~[?:1.8.0_242]
	at com.parkit.parkingsystem.util.InputReaderUtil.readSelection(InputReaderUtil.java:15) ~[classes/:?]
	at com.parkit.parkingsystem.InuptReaderUtilTest.lambda$0(InuptReaderUtilTest.java:52) ~[test-classes/:?]
	at org.junit.jupiter.api.AssertThrows.assertThrows(AssertThrows.java:55) ~[org.junit.jupiter.api_5.5.1.v20190826-0900.jar:5.5.1]
	at org.junit.jupiter.api.AssertThrows.assertThrows(AssertThrows.java:37) ~[org.junit.jupiter.api_5.5.1.v20190826-0900.jar:5.5.1]
	at org.junit.jupiter.api.Assertions.assertThrows(Assertions.java:2952) ~[org.junit.jupiter.api_5.5.1.v20190826-0900.jar:5.5.1]
	at com.parkit.parkingsystem.InuptReaderUtilTest.exceptionTest(InuptReaderUtilTest.java:52) ~[test-classes/:?]
	at sun.reflect.NativeMethodAccessorImpl.invoke0(Native Method) ~[?:1.8.0_242]
	at sun.reflect.NativeMethodAccessorImpl.invoke(NativeMethodAccessorImpl.java:62) ~[?:1.8.0_242]
	at sun.reflect.DelegatingMethodAccessorImpl.invoke(DelegatingMethodAccessorImpl.java:43) ~[?:1.8.0_242]
	at java.lang.reflect.Method.invoke(Method.java:498) ~[?:1.8.0_242]
	at org.junit.platform.commons.util.ReflectionUtils.invokeMethod(ReflectionUtils.java:675) ~[org.junit.platform.commons_1.5.1.v20190826-0900.jar:1.5.1]
	at org.junit.jupiter.engine.execution.MethodInvocation.proceed(MethodInvocation.java:60) ~[org.junit.jupiter.engine_5.5.1.v20190826-0900.jar:5.5.1]
	at org.junit.jupiter.engine.execution.InvocationInterceptorChain$ValidatingInvocation.proceed(InvocationInterceptorChain.java:125) ~[org.junit.jupiter.engine_5.5.1.v20190826-0900.jar:5.5.1]
	at org.junit.jupiter.engine.extension.TimeoutExtension.intercept(TimeoutExtension.java:132) ~[org.junit.jupiter.engine_5.5.1.v20190826-0900.jar:5.5.1]
	at org.junit.jupiter.engine.extension.TimeoutExtension.interceptTestableMethod(TimeoutExtension.java:124) ~[org.junit.jupiter.engine_5.5.1.v20190826-0900.jar:5.5.1]
	at org.junit.jupiter.engine.extension.TimeoutExtension.interceptTestMethod(TimeoutExtension.java:74) ~[org.junit.jupiter.engine_5.5.1.v20190826-0900.jar:5.5.1]
	at org.junit.jupiter.engine.execution.ExecutableInvoker$ReflectiveInterceptorCall.lambda$ofVoidMethod$0(ExecutableInvoker.java:115) ~[org.junit.jupiter.engine_5.5.1.v20190826-0900.jar:5.5.1]
	at org.junit.jupiter.engine.execution.ExecutableInvoker.lambda$invoke$0(ExecutableInvoker.java:105) ~[org.junit.jupiter.engine_5.5.1.v20190826-0900.jar:5.5.1]
	at org.junit.jupiter.engine.execution.InvocationInterceptorChain$InterceptedInvocation.proceed(InvocationInterceptorChain.java:104) ~[org.junit.jupiter.engine_5.5.1.v20190826-0900.jar:5.5.1]
	at org.junit.jupiter.engine.execution.InvocationInterceptorChain.proceed(InvocationInterceptorChain.java:62) ~[org.junit.jupiter.engine_5.5.1.v20190826-0900.jar:5.5.1]
	at org.junit.jupiter.engine.execution.InvocationInterceptorChain.chainAndInvoke(InvocationInterceptorChain.java:43) ~[org.junit.jupiter.engine_5.5.1.v20190826-0900.jar:5.5.1]
	at org.junit.jupiter.engine.execution.InvocationInterceptorChain.invoke(InvocationInterceptorChain.java:35) ~[org.junit.jupiter.engine_5.5.1.v20190826-0900.jar:5.5.1]
	at org.junit.jupiter.engine.execution.ExecutableInvoker.invoke(ExecutableInvoker.java:104) ~[org.junit.jupiter.engine_5.5.1.v20190826-0900.jar:5.5.1]
	at org.junit.jupiter.engine.execution.ExecutableInvoker.invoke(ExecutableInvoker.java:98) ~[org.junit.jupiter.engine_5.5.1.v20190826-0900.jar:5.5.1]
	at org.junit.jupiter.engine.descriptor.TestMethodTestDescriptor.lambda$invokeTestMethod$6(TestMethodTestDescriptor.java:202) ~[org.junit.jupiter.engine_5.5.1.v20190826-0900.jar:5.5.1]
	at org.junit.platform.engine.support.hierarchical.ThrowableCollector.execute(ThrowableCollector.java:73) ~[org.junit.platform.engine_1.5.1.v20190826-0900.jar:1.5.1]
	at org.junit.jupiter.engine.descriptor.TestMethodTestDescriptor.invokeTestMethod(TestMethodTestDescriptor.java:198) ~[org.junit.jupiter.engine_5.5.1.v20190826-0900.jar:5.5.1]
	at org.junit.jupiter.engine.descriptor.TestMethodTestDescriptor.execute(TestMethodTestDescriptor.java:135) ~[org.junit.jupiter.engine_5.5.1.v20190826-0900.jar:5.5.1]
	at org.junit.jupiter.engine.descriptor.TestMethodTestDescriptor.execute(TestMethodTestDescriptor.java:69) ~[org.junit.jupiter.engine_5.5.1.v20190826-0900.jar:5.5.1]
	at org.junit.platform.engine.support.hierarchical.NodeTestTask.lambda$executeRecursively$5(NodeTestTask.java:135) ~[org.junit.platform.engine_1.5.1.v20190826-0900.jar:1.5.1]
	at org.junit.platform.engine.support.hierarchical.ThrowableCollector.execute(ThrowableCollector.java:73) ~[org.junit.platform.engine_1.5.1.v20190826-0900.jar:1.5.1]
	at org.junit.platform.engine.support.hierarchical.NodeTestTask.lambda$executeRecursively$7(NodeTestTask.java:125) ~[org.junit.platform.engine_1.5.1.v20190826-0900.jar:1.5.1]
	at org.junit.platform.engine.support.hierarchical.Node.around(Node.java:135) ~[org.junit.platform.engine_1.5.1.v20190826-0900.jar:1.5.1]
	at org.junit.platform.engine.support.hierarchical.NodeTestTask.lambda$executeRecursively$8(NodeTestTask.java:123) ~[org.junit.platform.engine_1.5.1.v20190826-0900.jar:1.5.1]
	at org.junit.platform.engine.support.hierarchical.ThrowableCollector.execute(ThrowableCollector.java:73) ~[org.junit.platform.engine_1.5.1.v20190826-0900.jar:1.5.1]
	at org.junit.platform.engine.support.hierarchical.NodeTestTask.executeRecursively(NodeTestTask.java:122) ~[org.junit.platform.engine_1.5.1.v20190826-0900.jar:1.5.1]
	at org.junit.platform.engine.support.hierarchical.NodeTestTask.execute(NodeTestTask.java:80) ~[org.junit.platform.engine_1.5.1.v20190826-0900.jar:1.5.1]
	at java.util.ArrayList.forEach(ArrayList.java:1257) ~[?:1.8.0_242]
	at org.junit.platform.engine.support.hierarchical.SameThreadHierarchicalTestExecutorService.invokeAll(SameThreadHierarchicalTestExecutorService.java:38) ~[org.junit.platform.engine_1.5.1.v20190826-0900.jar:1.5.1]
	at org.junit.platform.engine.support.hierarchical.NodeTestTask.lambda$executeRecursively$5(NodeTestTask.java:139) ~[org.junit.platform.engine_1.5.1.v20190826-0900.jar:1.5.1]
	at org.junit.platform.engine.support.hierarchical.ThrowableCollector.execute(ThrowableCollector.java:73) ~[org.junit.platform.engine_1.5.1.v20190826-0900.jar:1.5.1]
	at org.junit.platform.engine.support.hierarchical.NodeTestTask.lambda$executeRecursively$7(NodeTestTask.java:125) ~[org.junit.platform.engine_1.5.1.v20190826-0900.jar:1.5.1]
	at org.junit.platform.engine.support.hierarchical.Node.around(Node.java:135) ~[org.junit.platform.engine_1.5.1.v20190826-0900.jar:1.5.1]
	at org.junit.platform.engine.support.hierarchical.NodeTestTask.lambda$executeRecursively$8(NodeTestTask.java:123) ~[org.junit.platform.engine_1.5.1.v20190826-0900.jar:1.5.1]
	at org.junit.platform.engine.support.hierarchical.ThrowableCollector.execute(ThrowableCollector.java:73) ~[org.junit.platform.engine_1.5.1.v20190826-0900.jar:1.5.1]
	at org.junit.platform.engine.support.hierarchical.NodeTestTask.executeRecursively(NodeTestTask.java:122) ~[org.junit.platform.engine_1.5.1.v20190826-0900.jar:1.5.1]
	at org.junit.platform.engine.support.hierarchical.NodeTestTask.execute(NodeTestTask.java:80) ~[org.junit.platform.engine_1.5.1.v20190826-0900.jar:1.5.1]
	at java.util.ArrayList.forEach(ArrayList.java:1257) ~[?:1.8.0_242]
	at org.junit.platform.engine.support.hierarchical.SameThreadHierarchicalTestExecutorService.invokeAll(SameThreadHierarchicalTestExecutorService.java:38) ~[org.junit.platform.engine_1.5.1.v20190826-0900.jar:1.5.1]
	at org.junit.platform.engine.support.hierarchical.NodeTestTask.lambda$executeRecursively$5(NodeTestTask.java:139) ~[org.junit.platform.engine_1.5.1.v20190826-0900.jar:1.5.1]
	at org.junit.platform.engine.support.hierarchical.ThrowableCollector.execute(ThrowableCollector.java:73) ~[org.junit.platform.engine_1.5.1.v20190826-0900.jar:1.5.1]
	at org.junit.platform.engine.support.hierarchical.NodeTestTask.lambda$executeRecursively$7(NodeTestTask.java:125) ~[org.junit.platform.engine_1.5.1.v20190826-0900.jar:1.5.1]
	at org.junit.platform.engine.support.hierarchical.Node.around(Node.java:135) ~[org.junit.platform.engine_1.5.1.v20190826-0900.jar:1.5.1]
	at org.junit.platform.engine.support.hierarchical.NodeTestTask.lambda$executeRecursively$8(NodeTestTask.java:123) ~[org.junit.platform.engine_1.5.1.v20190826-0900.jar:1.5.1]
	at org.junit.platform.engine.support.hierarchical.ThrowableCollector.execute(ThrowableCollector.java:73) ~[org.junit.platform.engine_1.5.1.v20190826-0900.jar:1.5.1]
	at org.junit.platform.engine.support.hierarchical.NodeTestTask.executeRecursively(NodeTestTask.java:122) ~[org.junit.platform.engine_1.5.1.v20190826-0900.jar:1.5.1]
	at org.junit.platform.engine.support.hierarchical.NodeTestTask.execute(NodeTestTask.java:80) ~[org.junit.platform.engine_1.5.1.v20190826-0900.jar:1.5.1]
	at org.junit.platform.engine.support.hierarchical.SameThreadHierarchicalTestExecutorService.submit(SameThreadHierarchicalTestExecutorService.java:32) ~[org.junit.platform.engine_1.5.1.v20190826-0900.jar:1.5.1]
	at org.junit.platform.engine.support.hierarchical.HierarchicalTestExecutor.execute(HierarchicalTestExecutor.java:57) ~[org.junit.platform.engine_1.5.1.v20190826-0900.jar:1.5.1]
	at org.junit.platform.engine.support.hierarchical.HierarchicalTestEngine.execute(HierarchicalTestEngine.java:51) ~[org.junit.platform.engine_1.5.1.v20190826-0900.jar:1.5.1]
	at org.junit.platform.launcher.core.DefaultLauncher.execute(DefaultLauncher.java:229) ~[org.junit.platform.launcher_1.5.1.v20190826-0900.jar:1.5.1]
	at org.junit.platform.launcher.core.DefaultLauncher.lambda$execute$6(DefaultLauncher.java:197) ~[org.junit.platform.launcher_1.5.1.v20190826-0900.jar:1.5.1]
	at org.junit.platform.launcher.core.DefaultLauncher.withInterceptedStreams(DefaultLauncher.java:211) [org.junit.platform.launcher_1.5.1.v20190826-0900.jar:1.5.1]
	at org.junit.platform.launcher.core.DefaultLauncher.execute(DefaultLauncher.java:191) [org.junit.platform.launcher_1.5.1.v20190826-0900.jar:1.5.1]
	at org.junit.platform.launcher.core.DefaultLauncher.execute(DefaultLauncher.java:137) [org.junit.platform.launcher_1.5.1.v20190826-0900.jar:1.5.1]
	at org.eclipse.jdt.internal.junit5.runner.JUnit5TestReference.run(JUnit5TestReference.java:89) [.cp/:?]
	at org.eclipse.jdt.internal.junit.runner.TestExecution.run(TestExecution.java:41) [.cp/:?]
	at org.eclipse.jdt.internal.junit.runner.RemoteTestRunner.runTests(RemoteTestRunner.java:542) [.cp/:?]
	at org.eclipse.jdt.internal.junit.runner.RemoteTestRunner.runTests(RemoteTestRunner.java:770) [.cp/:?]
	at org.eclipse.jdt.internal.junit.runner.RemoteTestRunner.run(RemoteTestRunner.java:464) [.cp/:?]
	at org.eclipse.jdt.internal.junit.runner.RemoteTestRunner.main(RemoteTestRunner.java:210) [.cp/:?]
2020-03-27 12:20:59 [main] ERROR InputReaderUtil:32 - Error while reading user input from Shell
java.util.NoSuchElementException: No line found
	at java.util.Scanner.nextLine(Scanner.java:1540) ~[?:1.8.0_242]
	at com.parkit.parkingsystem.util.InputReaderUtil.readVehicleRegistrationNumber(InputReaderUtil.java:26) ~[classes/:?]
	at com.parkit.parkingsystem.InuptReaderUtilTest.lambda$0(InuptReaderUtilTest.java:52) ~[test-classes/:?]
	at org.junit.jupiter.api.AssertThrows.assertThrows(AssertThrows.java:55) ~[org.junit.jupiter.api_5.5.1.v20190826-0900.jar:5.5.1]
	at org.junit.jupiter.api.AssertThrows.assertThrows(AssertThrows.java:37) ~[org.junit.jupiter.api_5.5.1.v20190826-0900.jar:5.5.1]
	at org.junit.jupiter.api.Assertions.assertThrows(Assertions.java:2952) ~[org.junit.jupiter.api_5.5.1.v20190826-0900.jar:5.5.1]
	at com.parkit.parkingsystem.InuptReaderUtilTest.exceptionTest(InuptReaderUtilTest.java:52) ~[test-classes/:?]
	at sun.reflect.NativeMethodAccessorImpl.invoke0(Native Method) ~[?:1.8.0_242]
	at sun.reflect.NativeMethodAccessorImpl.invoke(NativeMethodAccessorImpl.java:62) ~[?:1.8.0_242]
	at sun.reflect.DelegatingMethodAccessorImpl.invoke(DelegatingMethodAccessorImpl.java:43) ~[?:1.8.0_242]
	at java.lang.reflect.Method.invoke(Method.java:498) ~[?:1.8.0_242]
	at org.junit.platform.commons.util.ReflectionUtils.invokeMethod(ReflectionUtils.java:675) ~[org.junit.platform.commons_1.5.1.v20190826-0900.jar:1.5.1]
	at org.junit.jupiter.engine.execution.MethodInvocation.proceed(MethodInvocation.java:60) ~[org.junit.jupiter.engine_5.5.1.v20190826-0900.jar:5.5.1]
	at org.junit.jupiter.engine.execution.InvocationInterceptorChain$ValidatingInvocation.proceed(InvocationInterceptorChain.java:125) ~[org.junit.jupiter.engine_5.5.1.v20190826-0900.jar:5.5.1]
	at org.junit.jupiter.engine.extension.TimeoutExtension.intercept(TimeoutExtension.java:132) ~[org.junit.jupiter.engine_5.5.1.v20190826-0900.jar:5.5.1]
	at org.junit.jupiter.engine.extension.TimeoutExtension.interceptTestableMethod(TimeoutExtension.java:124) ~[org.junit.jupiter.engine_5.5.1.v20190826-0900.jar:5.5.1]
	at org.junit.jupiter.engine.extension.TimeoutExtension.interceptTestMethod(TimeoutExtension.java:74) ~[org.junit.jupiter.engine_5.5.1.v20190826-0900.jar:5.5.1]
	at org.junit.jupiter.engine.execution.ExecutableInvoker$ReflectiveInterceptorCall.lambda$ofVoidMethod$0(ExecutableInvoker.java:115) ~[org.junit.jupiter.engine_5.5.1.v20190826-0900.jar:5.5.1]
	at org.junit.jupiter.engine.execution.ExecutableInvoker.lambda$invoke$0(ExecutableInvoker.java:105) ~[org.junit.jupiter.engine_5.5.1.v20190826-0900.jar:5.5.1]
	at org.junit.jupiter.engine.execution.InvocationInterceptorChain$InterceptedInvocation.proceed(InvocationInterceptorChain.java:104) ~[org.junit.jupiter.engine_5.5.1.v20190826-0900.jar:5.5.1]
	at org.junit.jupiter.engine.execution.InvocationInterceptorChain.proceed(InvocationInterceptorChain.java:62) ~[org.junit.jupiter.engine_5.5.1.v20190826-0900.jar:5.5.1]
	at org.junit.jupiter.engine.execution.InvocationInterceptorChain.chainAndInvoke(InvocationInterceptorChain.java:43) ~[org.junit.jupiter.engine_5.5.1.v20190826-0900.jar:5.5.1]
	at org.junit.jupiter.engine.execution.InvocationInterceptorChain.invoke(InvocationInterceptorChain.java:35) ~[org.junit.jupiter.engine_5.5.1.v20190826-0900.jar:5.5.1]
	at org.junit.jupiter.engine.execution.ExecutableInvoker.invoke(ExecutableInvoker.java:104) ~[org.junit.jupiter.engine_5.5.1.v20190826-0900.jar:5.5.1]
	at org.junit.jupiter.engine.execution.ExecutableInvoker.invoke(ExecutableInvoker.java:98) ~[org.junit.jupiter.engine_5.5.1.v20190826-0900.jar:5.5.1]
	at org.junit.jupiter.engine.descriptor.TestMethodTestDescriptor.lambda$invokeTestMethod$6(TestMethodTestDescriptor.java:202) ~[org.junit.jupiter.engine_5.5.1.v20190826-0900.jar:5.5.1]
	at org.junit.platform.engine.support.hierarchical.ThrowableCollector.execute(ThrowableCollector.java:73) ~[org.junit.platform.engine_1.5.1.v20190826-0900.jar:1.5.1]
	at org.junit.jupiter.engine.descriptor.TestMethodTestDescriptor.invokeTestMethod(TestMethodTestDescriptor.java:198) ~[org.junit.jupiter.engine_5.5.1.v20190826-0900.jar:5.5.1]
	at org.junit.jupiter.engine.descriptor.TestMethodTestDescriptor.execute(TestMethodTestDescriptor.java:135) ~[org.junit.jupiter.engine_5.5.1.v20190826-0900.jar:5.5.1]
	at org.junit.jupiter.engine.descriptor.TestMethodTestDescriptor.execute(TestMethodTestDescriptor.java:69) ~[org.junit.jupiter.engine_5.5.1.v20190826-0900.jar:5.5.1]
	at org.junit.platform.engine.support.hierarchical.NodeTestTask.lambda$executeRecursively$5(NodeTestTask.java:135) ~[org.junit.platform.engine_1.5.1.v20190826-0900.jar:1.5.1]
	at org.junit.platform.engine.support.hierarchical.ThrowableCollector.execute(ThrowableCollector.java:73) ~[org.junit.platform.engine_1.5.1.v20190826-0900.jar:1.5.1]
	at org.junit.platform.engine.support.hierarchical.NodeTestTask.lambda$executeRecursively$7(NodeTestTask.java:125) ~[org.junit.platform.engine_1.5.1.v20190826-0900.jar:1.5.1]
	at org.junit.platform.engine.support.hierarchical.Node.around(Node.java:135) ~[org.junit.platform.engine_1.5.1.v20190826-0900.jar:1.5.1]
	at org.junit.platform.engine.support.hierarchical.NodeTestTask.lambda$executeRecursively$8(NodeTestTask.java:123) ~[org.junit.platform.engine_1.5.1.v20190826-0900.jar:1.5.1]
	at org.junit.platform.engine.support.hierarchical.ThrowableCollector.execute(ThrowableCollector.java:73) ~[org.junit.platform.engine_1.5.1.v20190826-0900.jar:1.5.1]
	at org.junit.platform.engine.support.hierarchical.NodeTestTask.executeRecursively(NodeTestTask.java:122) ~[org.junit.platform.engine_1.5.1.v20190826-0900.jar:1.5.1]
	at org.junit.platform.engine.support.hierarchical.NodeTestTask.execute(NodeTestTask.java:80) ~[org.junit.platform.engine_1.5.1.v20190826-0900.jar:1.5.1]
	at java.util.ArrayList.forEach(ArrayList.java:1257) ~[?:1.8.0_242]
	at org.junit.platform.engine.support.hierarchical.SameThreadHierarchicalTestExecutorService.invokeAll(SameThreadHierarchicalTestExecutorService.java:38) ~[org.junit.platform.engine_1.5.1.v20190826-0900.jar:1.5.1]
	at org.junit.platform.engine.support.hierarchical.NodeTestTask.lambda$executeRecursively$5(NodeTestTask.java:139) ~[org.junit.platform.engine_1.5.1.v20190826-0900.jar:1.5.1]
	at org.junit.platform.engine.support.hierarchical.ThrowableCollector.execute(ThrowableCollector.java:73) ~[org.junit.platform.engine_1.5.1.v20190826-0900.jar:1.5.1]
	at org.junit.platform.engine.support.hierarchical.NodeTestTask.lambda$executeRecursively$7(NodeTestTask.java:125) ~[org.junit.platform.engine_1.5.1.v20190826-0900.jar:1.5.1]
	at org.junit.platform.engine.support.hierarchical.Node.around(Node.java:135) ~[org.junit.platform.engine_1.5.1.v20190826-0900.jar:1.5.1]
	at org.junit.platform.engine.support.hierarchical.NodeTestTask.lambda$executeRecursively$8(NodeTestTask.java:123) ~[org.junit.platform.engine_1.5.1.v20190826-0900.jar:1.5.1]
	at org.junit.platform.engine.support.hierarchical.ThrowableCollector.execute(ThrowableCollector.java:73) ~[org.junit.platform.engine_1.5.1.v20190826-0900.jar:1.5.1]
	at org.junit.platform.engine.support.hierarchical.NodeTestTask.executeRecursively(NodeTestTask.java:122) ~[org.junit.platform.engine_1.5.1.v20190826-0900.jar:1.5.1]
	at org.junit.platform.engine.support.hierarchical.NodeTestTask.execute(NodeTestTask.java:80) ~[org.junit.platform.engine_1.5.1.v20190826-0900.jar:1.5.1]
	at java.util.ArrayList.forEach(ArrayList.java:1257) ~[?:1.8.0_242]
	at org.junit.platform.engine.support.hierarchical.SameThreadHierarchicalTestExecutorService.invokeAll(SameThreadHierarchicalTestExecutorService.java:38) ~[org.junit.platform.engine_1.5.1.v20190826-0900.jar:1.5.1]
	at org.junit.platform.engine.support.hierarchical.NodeTestTask.lambda$executeRecursively$5(NodeTestTask.java:139) ~[org.junit.platform.engine_1.5.1.v20190826-0900.jar:1.5.1]
	at org.junit.platform.engine.support.hierarchical.ThrowableCollector.execute(ThrowableCollector.java:73) ~[org.junit.platform.engine_1.5.1.v20190826-0900.jar:1.5.1]
	at org.junit.platform.engine.support.hierarchical.NodeTestTask.lambda$executeRecursively$7(NodeTestTask.java:125) ~[org.junit.platform.engine_1.5.1.v20190826-0900.jar:1.5.1]
	at org.junit.platform.engine.support.hierarchical.Node.around(Node.java:135) ~[org.junit.platform.engine_1.5.1.v20190826-0900.jar:1.5.1]
	at org.junit.platform.engine.support.hierarchical.NodeTestTask.lambda$executeRecursively$8(NodeTestTask.java:123) ~[org.junit.platform.engine_1.5.1.v20190826-0900.jar:1.5.1]
	at org.junit.platform.engine.support.hierarchical.ThrowableCollector.execute(ThrowableCollector.java:73) ~[org.junit.platform.engine_1.5.1.v20190826-0900.jar:1.5.1]
	at org.junit.platform.engine.support.hierarchical.NodeTestTask.executeRecursively(NodeTestTask.java:122) ~[org.junit.platform.engine_1.5.1.v20190826-0900.jar:1.5.1]
	at org.junit.platform.engine.support.hierarchical.NodeTestTask.execute(NodeTestTask.java:80) ~[org.junit.platform.engine_1.5.1.v20190826-0900.jar:1.5.1]
	at org.junit.platform.engine.support.hierarchical.SameThreadHierarchicalTestExecutorService.submit(SameThreadHierarchicalTestExecutorService.java:32) ~[org.junit.platform.engine_1.5.1.v20190826-0900.jar:1.5.1]
	at org.junit.platform.engine.support.hierarchical.HierarchicalTestExecutor.execute(HierarchicalTestExecutor.java:57) ~[org.junit.platform.engine_1.5.1.v20190826-0900.jar:1.5.1]
	at org.junit.platform.engine.support.hierarchical.HierarchicalTestEngine.execute(HierarchicalTestEngine.java:51) ~[org.junit.platform.engine_1.5.1.v20190826-0900.jar:1.5.1]
	at org.junit.platform.launcher.core.DefaultLauncher.execute(DefaultLauncher.java:229) ~[org.junit.platform.launcher_1.5.1.v20190826-0900.jar:1.5.1]
	at org.junit.platform.launcher.core.DefaultLauncher.lambda$execute$6(DefaultLauncher.java:197) ~[org.junit.platform.launcher_1.5.1.v20190826-0900.jar:1.5.1]
	at org.junit.platform.launcher.core.DefaultLauncher.withInterceptedStreams(DefaultLauncher.java:211) [org.junit.platform.launcher_1.5.1.v20190826-0900.jar:1.5.1]
	at org.junit.platform.launcher.core.DefaultLauncher.execute(DefaultLauncher.java:191) [org.junit.platform.launcher_1.5.1.v20190826-0900.jar:1.5.1]
	at org.junit.platform.launcher.core.DefaultLauncher.execute(DefaultLauncher.java:137) [org.junit.platform.launcher_1.5.1.v20190826-0900.jar:1.5.1]
	at org.eclipse.jdt.internal.junit5.runner.JUnit5TestReference.run(JUnit5TestReference.java:89) [.cp/:?]
	at org.eclipse.jdt.internal.junit.runner.TestExecution.run(TestExecution.java:41) [.cp/:?]
	at org.eclipse.jdt.internal.junit.runner.RemoteTestRunner.runTests(RemoteTestRunner.java:542) [.cp/:?]
	at org.eclipse.jdt.internal.junit.runner.RemoteTestRunner.runTests(RemoteTestRunner.java:770) [.cp/:?]
	at org.eclipse.jdt.internal.junit.runner.RemoteTestRunner.run(RemoteTestRunner.java:464) [.cp/:?]
	at org.eclipse.jdt.internal.junit.runner.RemoteTestRunner.main(RemoteTestRunner.java:210) [.cp/:?]
2020-03-27 12:22:55 [main] ERROR InputReaderUtil:32 - Error while reading user input from Shell
java.util.NoSuchElementException: No line found
	at java.util.Scanner.nextLine(Scanner.java:1540) ~[?:1.8.0_242]
	at com.parkit.parkingsystem.util.InputReaderUtil.readVehicleRegistrationNumber(InputReaderUtil.java:26) ~[classes/:?]
	at com.parkit.parkingsystem.InuptReaderUtilTest.lambda$0(InuptReaderUtilTest.java:52) ~[test-classes/:?]
	at org.junit.jupiter.api.AssertThrows.assertThrows(AssertThrows.java:55) ~[org.junit.jupiter.api_5.5.1.v20190826-0900.jar:5.5.1]
	at org.junit.jupiter.api.AssertThrows.assertThrows(AssertThrows.java:37) ~[org.junit.jupiter.api_5.5.1.v20190826-0900.jar:5.5.1]
	at org.junit.jupiter.api.Assertions.assertThrows(Assertions.java:2952) ~[org.junit.jupiter.api_5.5.1.v20190826-0900.jar:5.5.1]
	at com.parkit.parkingsystem.InuptReaderUtilTest.exceptionTest(InuptReaderUtilTest.java:52) ~[test-classes/:?]
	at sun.reflect.NativeMethodAccessorImpl.invoke0(Native Method) ~[?:1.8.0_242]
	at sun.reflect.NativeMethodAccessorImpl.invoke(NativeMethodAccessorImpl.java:62) ~[?:1.8.0_242]
	at sun.reflect.DelegatingMethodAccessorImpl.invoke(DelegatingMethodAccessorImpl.java:43) ~[?:1.8.0_242]
	at java.lang.reflect.Method.invoke(Method.java:498) ~[?:1.8.0_242]
	at org.junit.platform.commons.util.ReflectionUtils.invokeMethod(ReflectionUtils.java:675) ~[org.junit.platform.commons_1.5.1.v20190826-0900.jar:1.5.1]
	at org.junit.jupiter.engine.execution.MethodInvocation.proceed(MethodInvocation.java:60) ~[org.junit.jupiter.engine_5.5.1.v20190826-0900.jar:5.5.1]
	at org.junit.jupiter.engine.execution.InvocationInterceptorChain$ValidatingInvocation.proceed(InvocationInterceptorChain.java:125) ~[org.junit.jupiter.engine_5.5.1.v20190826-0900.jar:5.5.1]
	at org.junit.jupiter.engine.extension.TimeoutExtension.intercept(TimeoutExtension.java:132) ~[org.junit.jupiter.engine_5.5.1.v20190826-0900.jar:5.5.1]
	at org.junit.jupiter.engine.extension.TimeoutExtension.interceptTestableMethod(TimeoutExtension.java:124) ~[org.junit.jupiter.engine_5.5.1.v20190826-0900.jar:5.5.1]
	at org.junit.jupiter.engine.extension.TimeoutExtension.interceptTestMethod(TimeoutExtension.java:74) ~[org.junit.jupiter.engine_5.5.1.v20190826-0900.jar:5.5.1]
	at org.junit.jupiter.engine.execution.ExecutableInvoker$ReflectiveInterceptorCall.lambda$ofVoidMethod$0(ExecutableInvoker.java:115) ~[org.junit.jupiter.engine_5.5.1.v20190826-0900.jar:5.5.1]
	at org.junit.jupiter.engine.execution.ExecutableInvoker.lambda$invoke$0(ExecutableInvoker.java:105) ~[org.junit.jupiter.engine_5.5.1.v20190826-0900.jar:5.5.1]
	at org.junit.jupiter.engine.execution.InvocationInterceptorChain$InterceptedInvocation.proceed(InvocationInterceptorChain.java:104) ~[org.junit.jupiter.engine_5.5.1.v20190826-0900.jar:5.5.1]
	at org.junit.jupiter.engine.execution.InvocationInterceptorChain.proceed(InvocationInterceptorChain.java:62) ~[org.junit.jupiter.engine_5.5.1.v20190826-0900.jar:5.5.1]
	at org.junit.jupiter.engine.execution.InvocationInterceptorChain.chainAndInvoke(InvocationInterceptorChain.java:43) ~[org.junit.jupiter.engine_5.5.1.v20190826-0900.jar:5.5.1]
	at org.junit.jupiter.engine.execution.InvocationInterceptorChain.invoke(InvocationInterceptorChain.java:35) ~[org.junit.jupiter.engine_5.5.1.v20190826-0900.jar:5.5.1]
	at org.junit.jupiter.engine.execution.ExecutableInvoker.invoke(ExecutableInvoker.java:104) ~[org.junit.jupiter.engine_5.5.1.v20190826-0900.jar:5.5.1]
	at org.junit.jupiter.engine.execution.ExecutableInvoker.invoke(ExecutableInvoker.java:98) ~[org.junit.jupiter.engine_5.5.1.v20190826-0900.jar:5.5.1]
	at org.junit.jupiter.engine.descriptor.TestMethodTestDescriptor.lambda$invokeTestMethod$6(TestMethodTestDescriptor.java:202) ~[org.junit.jupiter.engine_5.5.1.v20190826-0900.jar:5.5.1]
	at org.junit.platform.engine.support.hierarchical.ThrowableCollector.execute(ThrowableCollector.java:73) ~[org.junit.platform.engine_1.5.1.v20190826-0900.jar:1.5.1]
	at org.junit.jupiter.engine.descriptor.TestMethodTestDescriptor.invokeTestMethod(TestMethodTestDescriptor.java:198) ~[org.junit.jupiter.engine_5.5.1.v20190826-0900.jar:5.5.1]
	at org.junit.jupiter.engine.descriptor.TestMethodTestDescriptor.execute(TestMethodTestDescriptor.java:135) ~[org.junit.jupiter.engine_5.5.1.v20190826-0900.jar:5.5.1]
	at org.junit.jupiter.engine.descriptor.TestMethodTestDescriptor.execute(TestMethodTestDescriptor.java:69) ~[org.junit.jupiter.engine_5.5.1.v20190826-0900.jar:5.5.1]
	at org.junit.platform.engine.support.hierarchical.NodeTestTask.lambda$executeRecursively$5(NodeTestTask.java:135) ~[org.junit.platform.engine_1.5.1.v20190826-0900.jar:1.5.1]
	at org.junit.platform.engine.support.hierarchical.ThrowableCollector.execute(ThrowableCollector.java:73) ~[org.junit.platform.engine_1.5.1.v20190826-0900.jar:1.5.1]
	at org.junit.platform.engine.support.hierarchical.NodeTestTask.lambda$executeRecursively$7(NodeTestTask.java:125) ~[org.junit.platform.engine_1.5.1.v20190826-0900.jar:1.5.1]
	at org.junit.platform.engine.support.hierarchical.Node.around(Node.java:135) ~[org.junit.platform.engine_1.5.1.v20190826-0900.jar:1.5.1]
	at org.junit.platform.engine.support.hierarchical.NodeTestTask.lambda$executeRecursively$8(NodeTestTask.java:123) ~[org.junit.platform.engine_1.5.1.v20190826-0900.jar:1.5.1]
	at org.junit.platform.engine.support.hierarchical.ThrowableCollector.execute(ThrowableCollector.java:73) ~[org.junit.platform.engine_1.5.1.v20190826-0900.jar:1.5.1]
	at org.junit.platform.engine.support.hierarchical.NodeTestTask.executeRecursively(NodeTestTask.java:122) ~[org.junit.platform.engine_1.5.1.v20190826-0900.jar:1.5.1]
	at org.junit.platform.engine.support.hierarchical.NodeTestTask.execute(NodeTestTask.java:80) ~[org.junit.platform.engine_1.5.1.v20190826-0900.jar:1.5.1]
	at java.util.ArrayList.forEach(ArrayList.java:1257) ~[?:1.8.0_242]
	at org.junit.platform.engine.support.hierarchical.SameThreadHierarchicalTestExecutorService.invokeAll(SameThreadHierarchicalTestExecutorService.java:38) ~[org.junit.platform.engine_1.5.1.v20190826-0900.jar:1.5.1]
	at org.junit.platform.engine.support.hierarchical.NodeTestTask.lambda$executeRecursively$5(NodeTestTask.java:139) ~[org.junit.platform.engine_1.5.1.v20190826-0900.jar:1.5.1]
	at org.junit.platform.engine.support.hierarchical.ThrowableCollector.execute(ThrowableCollector.java:73) ~[org.junit.platform.engine_1.5.1.v20190826-0900.jar:1.5.1]
	at org.junit.platform.engine.support.hierarchical.NodeTestTask.lambda$executeRecursively$7(NodeTestTask.java:125) ~[org.junit.platform.engine_1.5.1.v20190826-0900.jar:1.5.1]
	at org.junit.platform.engine.support.hierarchical.Node.around(Node.java:135) ~[org.junit.platform.engine_1.5.1.v20190826-0900.jar:1.5.1]
	at org.junit.platform.engine.support.hierarchical.NodeTestTask.lambda$executeRecursively$8(NodeTestTask.java:123) ~[org.junit.platform.engine_1.5.1.v20190826-0900.jar:1.5.1]
	at org.junit.platform.engine.support.hierarchical.ThrowableCollector.execute(ThrowableCollector.java:73) ~[org.junit.platform.engine_1.5.1.v20190826-0900.jar:1.5.1]
	at org.junit.platform.engine.support.hierarchical.NodeTestTask.executeRecursively(NodeTestTask.java:122) ~[org.junit.platform.engine_1.5.1.v20190826-0900.jar:1.5.1]
	at org.junit.platform.engine.support.hierarchical.NodeTestTask.execute(NodeTestTask.java:80) ~[org.junit.platform.engine_1.5.1.v20190826-0900.jar:1.5.1]
	at java.util.ArrayList.forEach(ArrayList.java:1257) ~[?:1.8.0_242]
	at org.junit.platform.engine.support.hierarchical.SameThreadHierarchicalTestExecutorService.invokeAll(SameThreadHierarchicalTestExecutorService.java:38) ~[org.junit.platform.engine_1.5.1.v20190826-0900.jar:1.5.1]
	at org.junit.platform.engine.support.hierarchical.NodeTestTask.lambda$executeRecursively$5(NodeTestTask.java:139) ~[org.junit.platform.engine_1.5.1.v20190826-0900.jar:1.5.1]
	at org.junit.platform.engine.support.hierarchical.ThrowableCollector.execute(ThrowableCollector.java:73) ~[org.junit.platform.engine_1.5.1.v20190826-0900.jar:1.5.1]
	at org.junit.platform.engine.support.hierarchical.NodeTestTask.lambda$executeRecursively$7(NodeTestTask.java:125) ~[org.junit.platform.engine_1.5.1.v20190826-0900.jar:1.5.1]
	at org.junit.platform.engine.support.hierarchical.Node.around(Node.java:135) ~[org.junit.platform.engine_1.5.1.v20190826-0900.jar:1.5.1]
	at org.junit.platform.engine.support.hierarchical.NodeTestTask.lambda$executeRecursively$8(NodeTestTask.java:123) ~[org.junit.platform.engine_1.5.1.v20190826-0900.jar:1.5.1]
	at org.junit.platform.engine.support.hierarchical.ThrowableCollector.execute(ThrowableCollector.java:73) ~[org.junit.platform.engine_1.5.1.v20190826-0900.jar:1.5.1]
	at org.junit.platform.engine.support.hierarchical.NodeTestTask.executeRecursively(NodeTestTask.java:122) ~[org.junit.platform.engine_1.5.1.v20190826-0900.jar:1.5.1]
	at org.junit.platform.engine.support.hierarchical.NodeTestTask.execute(NodeTestTask.java:80) ~[org.junit.platform.engine_1.5.1.v20190826-0900.jar:1.5.1]
	at org.junit.platform.engine.support.hierarchical.SameThreadHierarchicalTestExecutorService.submit(SameThreadHierarchicalTestExecutorService.java:32) ~[org.junit.platform.engine_1.5.1.v20190826-0900.jar:1.5.1]
	at org.junit.platform.engine.support.hierarchical.HierarchicalTestExecutor.execute(HierarchicalTestExecutor.java:57) ~[org.junit.platform.engine_1.5.1.v20190826-0900.jar:1.5.1]
	at org.junit.platform.engine.support.hierarchical.HierarchicalTestEngine.execute(HierarchicalTestEngine.java:51) ~[org.junit.platform.engine_1.5.1.v20190826-0900.jar:1.5.1]
	at org.junit.platform.launcher.core.DefaultLauncher.execute(DefaultLauncher.java:229) ~[org.junit.platform.launcher_1.5.1.v20190826-0900.jar:1.5.1]
	at org.junit.platform.launcher.core.DefaultLauncher.lambda$execute$6(DefaultLauncher.java:197) ~[org.junit.platform.launcher_1.5.1.v20190826-0900.jar:1.5.1]
	at org.junit.platform.launcher.core.DefaultLauncher.withInterceptedStreams(DefaultLauncher.java:211) [org.junit.platform.launcher_1.5.1.v20190826-0900.jar:1.5.1]
	at org.junit.platform.launcher.core.DefaultLauncher.execute(DefaultLauncher.java:191) [org.junit.platform.launcher_1.5.1.v20190826-0900.jar:1.5.1]
	at org.junit.platform.launcher.core.DefaultLauncher.execute(DefaultLauncher.java:137) [org.junit.platform.launcher_1.5.1.v20190826-0900.jar:1.5.1]
	at org.eclipse.jdt.internal.junit5.runner.JUnit5TestReference.run(JUnit5TestReference.java:89) [.cp/:?]
	at org.eclipse.jdt.internal.junit.runner.TestExecution.run(TestExecution.java:41) [.cp/:?]
	at org.eclipse.jdt.internal.junit.runner.RemoteTestRunner.runTests(RemoteTestRunner.java:542) [.cp/:?]
	at org.eclipse.jdt.internal.junit.runner.RemoteTestRunner.runTests(RemoteTestRunner.java:770) [.cp/:?]
	at org.eclipse.jdt.internal.junit.runner.RemoteTestRunner.run(RemoteTestRunner.java:464) [.cp/:?]
	at org.eclipse.jdt.internal.junit.runner.RemoteTestRunner.main(RemoteTestRunner.java:210) [.cp/:?]
2020-03-27 12:24:16 [main] ERROR InputReaderUtil:32 - Error while reading user input from Shell
java.util.NoSuchElementException: No line found
	at java.util.Scanner.nextLine(Scanner.java:1540) ~[?:1.8.0_242]
	at com.parkit.parkingsystem.util.InputReaderUtil.readVehicleRegistrationNumber(InputReaderUtil.java:26) ~[classes/:?]
	at com.parkit.parkingsystem.InuptReaderUtilTest.lambda$0(InuptReaderUtilTest.java:52) ~[test-classes/:?]
	at org.junit.jupiter.api.AssertThrows.assertThrows(AssertThrows.java:55) ~[org.junit.jupiter.api_5.5.1.v20190826-0900.jar:5.5.1]
	at org.junit.jupiter.api.AssertThrows.assertThrows(AssertThrows.java:37) ~[org.junit.jupiter.api_5.5.1.v20190826-0900.jar:5.5.1]
	at org.junit.jupiter.api.Assertions.assertThrows(Assertions.java:2952) ~[org.junit.jupiter.api_5.5.1.v20190826-0900.jar:5.5.1]
	at com.parkit.parkingsystem.InuptReaderUtilTest.readVehicleRegistrationNumberExceptionTest(InuptReaderUtilTest.java:52) ~[test-classes/:?]
	at sun.reflect.NativeMethodAccessorImpl.invoke0(Native Method) ~[?:1.8.0_242]
	at sun.reflect.NativeMethodAccessorImpl.invoke(NativeMethodAccessorImpl.java:62) ~[?:1.8.0_242]
	at sun.reflect.DelegatingMethodAccessorImpl.invoke(DelegatingMethodAccessorImpl.java:43) ~[?:1.8.0_242]
	at java.lang.reflect.Method.invoke(Method.java:498) ~[?:1.8.0_242]
	at org.junit.platform.commons.util.ReflectionUtils.invokeMethod(ReflectionUtils.java:675) ~[org.junit.platform.commons_1.5.1.v20190826-0900.jar:1.5.1]
	at org.junit.jupiter.engine.execution.MethodInvocation.proceed(MethodInvocation.java:60) ~[org.junit.jupiter.engine_5.5.1.v20190826-0900.jar:5.5.1]
	at org.junit.jupiter.engine.execution.InvocationInterceptorChain$ValidatingInvocation.proceed(InvocationInterceptorChain.java:125) ~[org.junit.jupiter.engine_5.5.1.v20190826-0900.jar:5.5.1]
	at org.junit.jupiter.engine.extension.TimeoutExtension.intercept(TimeoutExtension.java:132) ~[org.junit.jupiter.engine_5.5.1.v20190826-0900.jar:5.5.1]
	at org.junit.jupiter.engine.extension.TimeoutExtension.interceptTestableMethod(TimeoutExtension.java:124) ~[org.junit.jupiter.engine_5.5.1.v20190826-0900.jar:5.5.1]
	at org.junit.jupiter.engine.extension.TimeoutExtension.interceptTestMethod(TimeoutExtension.java:74) ~[org.junit.jupiter.engine_5.5.1.v20190826-0900.jar:5.5.1]
	at org.junit.jupiter.engine.execution.ExecutableInvoker$ReflectiveInterceptorCall.lambda$ofVoidMethod$0(ExecutableInvoker.java:115) ~[org.junit.jupiter.engine_5.5.1.v20190826-0900.jar:5.5.1]
	at org.junit.jupiter.engine.execution.ExecutableInvoker.lambda$invoke$0(ExecutableInvoker.java:105) ~[org.junit.jupiter.engine_5.5.1.v20190826-0900.jar:5.5.1]
	at org.junit.jupiter.engine.execution.InvocationInterceptorChain$InterceptedInvocation.proceed(InvocationInterceptorChain.java:104) ~[org.junit.jupiter.engine_5.5.1.v20190826-0900.jar:5.5.1]
	at org.junit.jupiter.engine.execution.InvocationInterceptorChain.proceed(InvocationInterceptorChain.java:62) ~[org.junit.jupiter.engine_5.5.1.v20190826-0900.jar:5.5.1]
	at org.junit.jupiter.engine.execution.InvocationInterceptorChain.chainAndInvoke(InvocationInterceptorChain.java:43) ~[org.junit.jupiter.engine_5.5.1.v20190826-0900.jar:5.5.1]
	at org.junit.jupiter.engine.execution.InvocationInterceptorChain.invoke(InvocationInterceptorChain.java:35) ~[org.junit.jupiter.engine_5.5.1.v20190826-0900.jar:5.5.1]
	at org.junit.jupiter.engine.execution.ExecutableInvoker.invoke(ExecutableInvoker.java:104) ~[org.junit.jupiter.engine_5.5.1.v20190826-0900.jar:5.5.1]
	at org.junit.jupiter.engine.execution.ExecutableInvoker.invoke(ExecutableInvoker.java:98) ~[org.junit.jupiter.engine_5.5.1.v20190826-0900.jar:5.5.1]
	at org.junit.jupiter.engine.descriptor.TestMethodTestDescriptor.lambda$invokeTestMethod$6(TestMethodTestDescriptor.java:202) ~[org.junit.jupiter.engine_5.5.1.v20190826-0900.jar:5.5.1]
	at org.junit.platform.engine.support.hierarchical.ThrowableCollector.execute(ThrowableCollector.java:73) ~[org.junit.platform.engine_1.5.1.v20190826-0900.jar:1.5.1]
	at org.junit.jupiter.engine.descriptor.TestMethodTestDescriptor.invokeTestMethod(TestMethodTestDescriptor.java:198) ~[org.junit.jupiter.engine_5.5.1.v20190826-0900.jar:5.5.1]
	at org.junit.jupiter.engine.descriptor.TestMethodTestDescriptor.execute(TestMethodTestDescriptor.java:135) ~[org.junit.jupiter.engine_5.5.1.v20190826-0900.jar:5.5.1]
	at org.junit.jupiter.engine.descriptor.TestMethodTestDescriptor.execute(TestMethodTestDescriptor.java:69) ~[org.junit.jupiter.engine_5.5.1.v20190826-0900.jar:5.5.1]
	at org.junit.platform.engine.support.hierarchical.NodeTestTask.lambda$executeRecursively$5(NodeTestTask.java:135) ~[org.junit.platform.engine_1.5.1.v20190826-0900.jar:1.5.1]
	at org.junit.platform.engine.support.hierarchical.ThrowableCollector.execute(ThrowableCollector.java:73) ~[org.junit.platform.engine_1.5.1.v20190826-0900.jar:1.5.1]
	at org.junit.platform.engine.support.hierarchical.NodeTestTask.lambda$executeRecursively$7(NodeTestTask.java:125) ~[org.junit.platform.engine_1.5.1.v20190826-0900.jar:1.5.1]
	at org.junit.platform.engine.support.hierarchical.Node.around(Node.java:135) ~[org.junit.platform.engine_1.5.1.v20190826-0900.jar:1.5.1]
	at org.junit.platform.engine.support.hierarchical.NodeTestTask.lambda$executeRecursively$8(NodeTestTask.java:123) ~[org.junit.platform.engine_1.5.1.v20190826-0900.jar:1.5.1]
	at org.junit.platform.engine.support.hierarchical.ThrowableCollector.execute(ThrowableCollector.java:73) ~[org.junit.platform.engine_1.5.1.v20190826-0900.jar:1.5.1]
	at org.junit.platform.engine.support.hierarchical.NodeTestTask.executeRecursively(NodeTestTask.java:122) ~[org.junit.platform.engine_1.5.1.v20190826-0900.jar:1.5.1]
	at org.junit.platform.engine.support.hierarchical.NodeTestTask.execute(NodeTestTask.java:80) ~[org.junit.platform.engine_1.5.1.v20190826-0900.jar:1.5.1]
	at java.util.ArrayList.forEach(ArrayList.java:1257) ~[?:1.8.0_242]
	at org.junit.platform.engine.support.hierarchical.SameThreadHierarchicalTestExecutorService.invokeAll(SameThreadHierarchicalTestExecutorService.java:38) ~[org.junit.platform.engine_1.5.1.v20190826-0900.jar:1.5.1]
	at org.junit.platform.engine.support.hierarchical.NodeTestTask.lambda$executeRecursively$5(NodeTestTask.java:139) ~[org.junit.platform.engine_1.5.1.v20190826-0900.jar:1.5.1]
	at org.junit.platform.engine.support.hierarchical.ThrowableCollector.execute(ThrowableCollector.java:73) ~[org.junit.platform.engine_1.5.1.v20190826-0900.jar:1.5.1]
	at org.junit.platform.engine.support.hierarchical.NodeTestTask.lambda$executeRecursively$7(NodeTestTask.java:125) ~[org.junit.platform.engine_1.5.1.v20190826-0900.jar:1.5.1]
	at org.junit.platform.engine.support.hierarchical.Node.around(Node.java:135) ~[org.junit.platform.engine_1.5.1.v20190826-0900.jar:1.5.1]
	at org.junit.platform.engine.support.hierarchical.NodeTestTask.lambda$executeRecursively$8(NodeTestTask.java:123) ~[org.junit.platform.engine_1.5.1.v20190826-0900.jar:1.5.1]
	at org.junit.platform.engine.support.hierarchical.ThrowableCollector.execute(ThrowableCollector.java:73) ~[org.junit.platform.engine_1.5.1.v20190826-0900.jar:1.5.1]
	at org.junit.platform.engine.support.hierarchical.NodeTestTask.executeRecursively(NodeTestTask.java:122) ~[org.junit.platform.engine_1.5.1.v20190826-0900.jar:1.5.1]
	at org.junit.platform.engine.support.hierarchical.NodeTestTask.execute(NodeTestTask.java:80) ~[org.junit.platform.engine_1.5.1.v20190826-0900.jar:1.5.1]
	at java.util.ArrayList.forEach(ArrayList.java:1257) ~[?:1.8.0_242]
	at org.junit.platform.engine.support.hierarchical.SameThreadHierarchicalTestExecutorService.invokeAll(SameThreadHierarchicalTestExecutorService.java:38) ~[org.junit.platform.engine_1.5.1.v20190826-0900.jar:1.5.1]
	at org.junit.platform.engine.support.hierarchical.NodeTestTask.lambda$executeRecursively$5(NodeTestTask.java:139) ~[org.junit.platform.engine_1.5.1.v20190826-0900.jar:1.5.1]
	at org.junit.platform.engine.support.hierarchical.ThrowableCollector.execute(ThrowableCollector.java:73) ~[org.junit.platform.engine_1.5.1.v20190826-0900.jar:1.5.1]
	at org.junit.platform.engine.support.hierarchical.NodeTestTask.lambda$executeRecursively$7(NodeTestTask.java:125) ~[org.junit.platform.engine_1.5.1.v20190826-0900.jar:1.5.1]
	at org.junit.platform.engine.support.hierarchical.Node.around(Node.java:135) ~[org.junit.platform.engine_1.5.1.v20190826-0900.jar:1.5.1]
	at org.junit.platform.engine.support.hierarchical.NodeTestTask.lambda$executeRecursively$8(NodeTestTask.java:123) ~[org.junit.platform.engine_1.5.1.v20190826-0900.jar:1.5.1]
	at org.junit.platform.engine.support.hierarchical.ThrowableCollector.execute(ThrowableCollector.java:73) ~[org.junit.platform.engine_1.5.1.v20190826-0900.jar:1.5.1]
	at org.junit.platform.engine.support.hierarchical.NodeTestTask.executeRecursively(NodeTestTask.java:122) ~[org.junit.platform.engine_1.5.1.v20190826-0900.jar:1.5.1]
	at org.junit.platform.engine.support.hierarchical.NodeTestTask.execute(NodeTestTask.java:80) ~[org.junit.platform.engine_1.5.1.v20190826-0900.jar:1.5.1]
	at org.junit.platform.engine.support.hierarchical.SameThreadHierarchicalTestExecutorService.submit(SameThreadHierarchicalTestExecutorService.java:32) ~[org.junit.platform.engine_1.5.1.v20190826-0900.jar:1.5.1]
	at org.junit.platform.engine.support.hierarchical.HierarchicalTestExecutor.execute(HierarchicalTestExecutor.java:57) ~[org.junit.platform.engine_1.5.1.v20190826-0900.jar:1.5.1]
	at org.junit.platform.engine.support.hierarchical.HierarchicalTestEngine.execute(HierarchicalTestEngine.java:51) ~[org.junit.platform.engine_1.5.1.v20190826-0900.jar:1.5.1]
	at org.junit.platform.launcher.core.DefaultLauncher.execute(DefaultLauncher.java:229) ~[org.junit.platform.launcher_1.5.1.v20190826-0900.jar:1.5.1]
	at org.junit.platform.launcher.core.DefaultLauncher.lambda$execute$6(DefaultLauncher.java:197) ~[org.junit.platform.launcher_1.5.1.v20190826-0900.jar:1.5.1]
	at org.junit.platform.launcher.core.DefaultLauncher.withInterceptedStreams(DefaultLauncher.java:211) [org.junit.platform.launcher_1.5.1.v20190826-0900.jar:1.5.1]
	at org.junit.platform.launcher.core.DefaultLauncher.execute(DefaultLauncher.java:191) [org.junit.platform.launcher_1.5.1.v20190826-0900.jar:1.5.1]
	at org.junit.platform.launcher.core.DefaultLauncher.execute(DefaultLauncher.java:137) [org.junit.platform.launcher_1.5.1.v20190826-0900.jar:1.5.1]
	at org.eclipse.jdt.internal.junit5.runner.JUnit5TestReference.run(JUnit5TestReference.java:89) [.cp/:?]
	at org.eclipse.jdt.internal.junit.runner.TestExecution.run(TestExecution.java:41) [.cp/:?]
	at org.eclipse.jdt.internal.junit.runner.RemoteTestRunner.runTests(RemoteTestRunner.java:542) [.cp/:?]
	at org.eclipse.jdt.internal.junit.runner.RemoteTestRunner.runTests(RemoteTestRunner.java:770) [.cp/:?]
	at org.eclipse.jdt.internal.junit.runner.RemoteTestRunner.run(RemoteTestRunner.java:464) [.cp/:?]
	at org.eclipse.jdt.internal.junit.runner.RemoteTestRunner.main(RemoteTestRunner.java:210) [.cp/:?]
2020-03-27 12:24:16 [main] ERROR InputReaderUtil:18 - Error while reading user input from Shell
java.util.NoSuchElementException: No line found
	at java.util.Scanner.nextLine(Scanner.java:1540) ~[?:1.8.0_242]
	at com.parkit.parkingsystem.util.InputReaderUtil.readSelection(InputReaderUtil.java:15) ~[classes/:?]
	at com.parkit.parkingsystem.InuptReaderUtilTest.lambda$1(InuptReaderUtilTest.java:64) ~[test-classes/:?]
	at org.junit.jupiter.api.AssertThrows.assertThrows(AssertThrows.java:55) ~[org.junit.jupiter.api_5.5.1.v20190826-0900.jar:5.5.1]
	at org.junit.jupiter.api.AssertThrows.assertThrows(AssertThrows.java:37) ~[org.junit.jupiter.api_5.5.1.v20190826-0900.jar:5.5.1]
	at org.junit.jupiter.api.Assertions.assertThrows(Assertions.java:2952) ~[org.junit.jupiter.api_5.5.1.v20190826-0900.jar:5.5.1]
	at com.parkit.parkingsystem.InuptReaderUtilTest.readSelectionExceptionTest(InuptReaderUtilTest.java:64) ~[test-classes/:?]
	at sun.reflect.NativeMethodAccessorImpl.invoke0(Native Method) ~[?:1.8.0_242]
	at sun.reflect.NativeMethodAccessorImpl.invoke(NativeMethodAccessorImpl.java:62) ~[?:1.8.0_242]
	at sun.reflect.DelegatingMethodAccessorImpl.invoke(DelegatingMethodAccessorImpl.java:43) ~[?:1.8.0_242]
	at java.lang.reflect.Method.invoke(Method.java:498) ~[?:1.8.0_242]
	at org.junit.platform.commons.util.ReflectionUtils.invokeMethod(ReflectionUtils.java:675) ~[org.junit.platform.commons_1.5.1.v20190826-0900.jar:1.5.1]
	at org.junit.jupiter.engine.execution.MethodInvocation.proceed(MethodInvocation.java:60) ~[org.junit.jupiter.engine_5.5.1.v20190826-0900.jar:5.5.1]
	at org.junit.jupiter.engine.execution.InvocationInterceptorChain$ValidatingInvocation.proceed(InvocationInterceptorChain.java:125) ~[org.junit.jupiter.engine_5.5.1.v20190826-0900.jar:5.5.1]
	at org.junit.jupiter.engine.extension.TimeoutExtension.intercept(TimeoutExtension.java:132) ~[org.junit.jupiter.engine_5.5.1.v20190826-0900.jar:5.5.1]
	at org.junit.jupiter.engine.extension.TimeoutExtension.interceptTestableMethod(TimeoutExtension.java:124) ~[org.junit.jupiter.engine_5.5.1.v20190826-0900.jar:5.5.1]
	at org.junit.jupiter.engine.extension.TimeoutExtension.interceptTestMethod(TimeoutExtension.java:74) ~[org.junit.jupiter.engine_5.5.1.v20190826-0900.jar:5.5.1]
	at org.junit.jupiter.engine.execution.ExecutableInvoker$ReflectiveInterceptorCall.lambda$ofVoidMethod$0(ExecutableInvoker.java:115) ~[org.junit.jupiter.engine_5.5.1.v20190826-0900.jar:5.5.1]
	at org.junit.jupiter.engine.execution.ExecutableInvoker.lambda$invoke$0(ExecutableInvoker.java:105) ~[org.junit.jupiter.engine_5.5.1.v20190826-0900.jar:5.5.1]
	at org.junit.jupiter.engine.execution.InvocationInterceptorChain$InterceptedInvocation.proceed(InvocationInterceptorChain.java:104) ~[org.junit.jupiter.engine_5.5.1.v20190826-0900.jar:5.5.1]
	at org.junit.jupiter.engine.execution.InvocationInterceptorChain.proceed(InvocationInterceptorChain.java:62) ~[org.junit.jupiter.engine_5.5.1.v20190826-0900.jar:5.5.1]
	at org.junit.jupiter.engine.execution.InvocationInterceptorChain.chainAndInvoke(InvocationInterceptorChain.java:43) ~[org.junit.jupiter.engine_5.5.1.v20190826-0900.jar:5.5.1]
	at org.junit.jupiter.engine.execution.InvocationInterceptorChain.invoke(InvocationInterceptorChain.java:35) ~[org.junit.jupiter.engine_5.5.1.v20190826-0900.jar:5.5.1]
	at org.junit.jupiter.engine.execution.ExecutableInvoker.invoke(ExecutableInvoker.java:104) ~[org.junit.jupiter.engine_5.5.1.v20190826-0900.jar:5.5.1]
	at org.junit.jupiter.engine.execution.ExecutableInvoker.invoke(ExecutableInvoker.java:98) ~[org.junit.jupiter.engine_5.5.1.v20190826-0900.jar:5.5.1]
	at org.junit.jupiter.engine.descriptor.TestMethodTestDescriptor.lambda$invokeTestMethod$6(TestMethodTestDescriptor.java:202) ~[org.junit.jupiter.engine_5.5.1.v20190826-0900.jar:5.5.1]
	at org.junit.platform.engine.support.hierarchical.ThrowableCollector.execute(ThrowableCollector.java:73) ~[org.junit.platform.engine_1.5.1.v20190826-0900.jar:1.5.1]
	at org.junit.jupiter.engine.descriptor.TestMethodTestDescriptor.invokeTestMethod(TestMethodTestDescriptor.java:198) ~[org.junit.jupiter.engine_5.5.1.v20190826-0900.jar:5.5.1]
	at org.junit.jupiter.engine.descriptor.TestMethodTestDescriptor.execute(TestMethodTestDescriptor.java:135) ~[org.junit.jupiter.engine_5.5.1.v20190826-0900.jar:5.5.1]
	at org.junit.jupiter.engine.descriptor.TestMethodTestDescriptor.execute(TestMethodTestDescriptor.java:69) ~[org.junit.jupiter.engine_5.5.1.v20190826-0900.jar:5.5.1]
	at org.junit.platform.engine.support.hierarchical.NodeTestTask.lambda$executeRecursively$5(NodeTestTask.java:135) ~[org.junit.platform.engine_1.5.1.v20190826-0900.jar:1.5.1]
	at org.junit.platform.engine.support.hierarchical.ThrowableCollector.execute(ThrowableCollector.java:73) ~[org.junit.platform.engine_1.5.1.v20190826-0900.jar:1.5.1]
	at org.junit.platform.engine.support.hierarchical.NodeTestTask.lambda$executeRecursively$7(NodeTestTask.java:125) ~[org.junit.platform.engine_1.5.1.v20190826-0900.jar:1.5.1]
	at org.junit.platform.engine.support.hierarchical.Node.around(Node.java:135) ~[org.junit.platform.engine_1.5.1.v20190826-0900.jar:1.5.1]
	at org.junit.platform.engine.support.hierarchical.NodeTestTask.lambda$executeRecursively$8(NodeTestTask.java:123) ~[org.junit.platform.engine_1.5.1.v20190826-0900.jar:1.5.1]
	at org.junit.platform.engine.support.hierarchical.ThrowableCollector.execute(ThrowableCollector.java:73) ~[org.junit.platform.engine_1.5.1.v20190826-0900.jar:1.5.1]
	at org.junit.platform.engine.support.hierarchical.NodeTestTask.executeRecursively(NodeTestTask.java:122) ~[org.junit.platform.engine_1.5.1.v20190826-0900.jar:1.5.1]
	at org.junit.platform.engine.support.hierarchical.NodeTestTask.execute(NodeTestTask.java:80) ~[org.junit.platform.engine_1.5.1.v20190826-0900.jar:1.5.1]
	at java.util.ArrayList.forEach(ArrayList.java:1257) ~[?:1.8.0_242]
	at org.junit.platform.engine.support.hierarchical.SameThreadHierarchicalTestExecutorService.invokeAll(SameThreadHierarchicalTestExecutorService.java:38) ~[org.junit.platform.engine_1.5.1.v20190826-0900.jar:1.5.1]
	at org.junit.platform.engine.support.hierarchical.NodeTestTask.lambda$executeRecursively$5(NodeTestTask.java:139) ~[org.junit.platform.engine_1.5.1.v20190826-0900.jar:1.5.1]
	at org.junit.platform.engine.support.hierarchical.ThrowableCollector.execute(ThrowableCollector.java:73) ~[org.junit.platform.engine_1.5.1.v20190826-0900.jar:1.5.1]
	at org.junit.platform.engine.support.hierarchical.NodeTestTask.lambda$executeRecursively$7(NodeTestTask.java:125) ~[org.junit.platform.engine_1.5.1.v20190826-0900.jar:1.5.1]
	at org.junit.platform.engine.support.hierarchical.Node.around(Node.java:135) ~[org.junit.platform.engine_1.5.1.v20190826-0900.jar:1.5.1]
	at org.junit.platform.engine.support.hierarchical.NodeTestTask.lambda$executeRecursively$8(NodeTestTask.java:123) ~[org.junit.platform.engine_1.5.1.v20190826-0900.jar:1.5.1]
	at org.junit.platform.engine.support.hierarchical.ThrowableCollector.execute(ThrowableCollector.java:73) ~[org.junit.platform.engine_1.5.1.v20190826-0900.jar:1.5.1]
	at org.junit.platform.engine.support.hierarchical.NodeTestTask.executeRecursively(NodeTestTask.java:122) ~[org.junit.platform.engine_1.5.1.v20190826-0900.jar:1.5.1]
	at org.junit.platform.engine.support.hierarchical.NodeTestTask.execute(NodeTestTask.java:80) ~[org.junit.platform.engine_1.5.1.v20190826-0900.jar:1.5.1]
	at java.util.ArrayList.forEach(ArrayList.java:1257) ~[?:1.8.0_242]
	at org.junit.platform.engine.support.hierarchical.SameThreadHierarchicalTestExecutorService.invokeAll(SameThreadHierarchicalTestExecutorService.java:38) ~[org.junit.platform.engine_1.5.1.v20190826-0900.jar:1.5.1]
	at org.junit.platform.engine.support.hierarchical.NodeTestTask.lambda$executeRecursively$5(NodeTestTask.java:139) ~[org.junit.platform.engine_1.5.1.v20190826-0900.jar:1.5.1]
	at org.junit.platform.engine.support.hierarchical.ThrowableCollector.execute(ThrowableCollector.java:73) ~[org.junit.platform.engine_1.5.1.v20190826-0900.jar:1.5.1]
	at org.junit.platform.engine.support.hierarchical.NodeTestTask.lambda$executeRecursively$7(NodeTestTask.java:125) ~[org.junit.platform.engine_1.5.1.v20190826-0900.jar:1.5.1]
	at org.junit.platform.engine.support.hierarchical.Node.around(Node.java:135) ~[org.junit.platform.engine_1.5.1.v20190826-0900.jar:1.5.1]
	at org.junit.platform.engine.support.hierarchical.NodeTestTask.lambda$executeRecursively$8(NodeTestTask.java:123) ~[org.junit.platform.engine_1.5.1.v20190826-0900.jar:1.5.1]
	at org.junit.platform.engine.support.hierarchical.ThrowableCollector.execute(ThrowableCollector.java:73) ~[org.junit.platform.engine_1.5.1.v20190826-0900.jar:1.5.1]
	at org.junit.platform.engine.support.hierarchical.NodeTestTask.executeRecursively(NodeTestTask.java:122) ~[org.junit.platform.engine_1.5.1.v20190826-0900.jar:1.5.1]
	at org.junit.platform.engine.support.hierarchical.NodeTestTask.execute(NodeTestTask.java:80) ~[org.junit.platform.engine_1.5.1.v20190826-0900.jar:1.5.1]
	at org.junit.platform.engine.support.hierarchical.SameThreadHierarchicalTestExecutorService.submit(SameThreadHierarchicalTestExecutorService.java:32) ~[org.junit.platform.engine_1.5.1.v20190826-0900.jar:1.5.1]
	at org.junit.platform.engine.support.hierarchical.HierarchicalTestExecutor.execute(HierarchicalTestExecutor.java:57) ~[org.junit.platform.engine_1.5.1.v20190826-0900.jar:1.5.1]
	at org.junit.platform.engine.support.hierarchical.HierarchicalTestEngine.execute(HierarchicalTestEngine.java:51) ~[org.junit.platform.engine_1.5.1.v20190826-0900.jar:1.5.1]
	at org.junit.platform.launcher.core.DefaultLauncher.execute(DefaultLauncher.java:229) ~[org.junit.platform.launcher_1.5.1.v20190826-0900.jar:1.5.1]
	at org.junit.platform.launcher.core.DefaultLauncher.lambda$execute$6(DefaultLauncher.java:197) ~[org.junit.platform.launcher_1.5.1.v20190826-0900.jar:1.5.1]
	at org.junit.platform.launcher.core.DefaultLauncher.withInterceptedStreams(DefaultLauncher.java:211) [org.junit.platform.launcher_1.5.1.v20190826-0900.jar:1.5.1]
	at org.junit.platform.launcher.core.DefaultLauncher.execute(DefaultLauncher.java:191) [org.junit.platform.launcher_1.5.1.v20190826-0900.jar:1.5.1]
	at org.junit.platform.launcher.core.DefaultLauncher.execute(DefaultLauncher.java:137) [org.junit.platform.launcher_1.5.1.v20190826-0900.jar:1.5.1]
	at org.eclipse.jdt.internal.junit5.runner.JUnit5TestReference.run(JUnit5TestReference.java:89) [.cp/:?]
	at org.eclipse.jdt.internal.junit.runner.TestExecution.run(TestExecution.java:41) [.cp/:?]
	at org.eclipse.jdt.internal.junit.runner.RemoteTestRunner.runTests(RemoteTestRunner.java:542) [.cp/:?]
	at org.eclipse.jdt.internal.junit.runner.RemoteTestRunner.runTests(RemoteTestRunner.java:770) [.cp/:?]
	at org.eclipse.jdt.internal.junit.runner.RemoteTestRunner.run(RemoteTestRunner.java:464) [.cp/:?]
	at org.eclipse.jdt.internal.junit.runner.RemoteTestRunner.main(RemoteTestRunner.java:210) [.cp/:?]
2020-03-27 12:26:32 [main] ERROR InputReaderUtil:32 - Error while reading user input from Shell
java.util.NoSuchElementException: No line found
	at java.util.Scanner.nextLine(Scanner.java:1540) ~[?:1.8.0_242]
	at com.parkit.parkingsystem.util.InputReaderUtil.readVehicleRegistrationNumber(InputReaderUtil.java:26) ~[classes/:?]
	at com.parkit.parkingsystem.InuptReaderUtilTest.lambda$0(InuptReaderUtilTest.java:52) ~[test-classes/:?]
	at org.junit.jupiter.api.AssertThrows.assertThrows(AssertThrows.java:55) ~[org.junit.jupiter.api_5.5.1.v20190826-0900.jar:5.5.1]
	at org.junit.jupiter.api.AssertThrows.assertThrows(AssertThrows.java:37) ~[org.junit.jupiter.api_5.5.1.v20190826-0900.jar:5.5.1]
	at org.junit.jupiter.api.Assertions.assertThrows(Assertions.java:2952) ~[org.junit.jupiter.api_5.5.1.v20190826-0900.jar:5.5.1]
	at com.parkit.parkingsystem.InuptReaderUtilTest.readVehicleRegistrationNumberExceptionTest(InuptReaderUtilTest.java:52) ~[test-classes/:?]
	at sun.reflect.NativeMethodAccessorImpl.invoke0(Native Method) ~[?:1.8.0_242]
	at sun.reflect.NativeMethodAccessorImpl.invoke(NativeMethodAccessorImpl.java:62) ~[?:1.8.0_242]
	at sun.reflect.DelegatingMethodAccessorImpl.invoke(DelegatingMethodAccessorImpl.java:43) ~[?:1.8.0_242]
	at java.lang.reflect.Method.invoke(Method.java:498) ~[?:1.8.0_242]
	at org.junit.platform.commons.util.ReflectionUtils.invokeMethod(ReflectionUtils.java:675) ~[org.junit.platform.commons_1.5.1.v20190826-0900.jar:1.5.1]
	at org.junit.jupiter.engine.execution.MethodInvocation.proceed(MethodInvocation.java:60) ~[org.junit.jupiter.engine_5.5.1.v20190826-0900.jar:5.5.1]
	at org.junit.jupiter.engine.execution.InvocationInterceptorChain$ValidatingInvocation.proceed(InvocationInterceptorChain.java:125) ~[org.junit.jupiter.engine_5.5.1.v20190826-0900.jar:5.5.1]
	at org.junit.jupiter.engine.extension.TimeoutExtension.intercept(TimeoutExtension.java:132) ~[org.junit.jupiter.engine_5.5.1.v20190826-0900.jar:5.5.1]
	at org.junit.jupiter.engine.extension.TimeoutExtension.interceptTestableMethod(TimeoutExtension.java:124) ~[org.junit.jupiter.engine_5.5.1.v20190826-0900.jar:5.5.1]
	at org.junit.jupiter.engine.extension.TimeoutExtension.interceptTestMethod(TimeoutExtension.java:74) ~[org.junit.jupiter.engine_5.5.1.v20190826-0900.jar:5.5.1]
	at org.junit.jupiter.engine.execution.ExecutableInvoker$ReflectiveInterceptorCall.lambda$ofVoidMethod$0(ExecutableInvoker.java:115) ~[org.junit.jupiter.engine_5.5.1.v20190826-0900.jar:5.5.1]
	at org.junit.jupiter.engine.execution.ExecutableInvoker.lambda$invoke$0(ExecutableInvoker.java:105) ~[org.junit.jupiter.engine_5.5.1.v20190826-0900.jar:5.5.1]
	at org.junit.jupiter.engine.execution.InvocationInterceptorChain$InterceptedInvocation.proceed(InvocationInterceptorChain.java:104) ~[org.junit.jupiter.engine_5.5.1.v20190826-0900.jar:5.5.1]
	at org.junit.jupiter.engine.execution.InvocationInterceptorChain.proceed(InvocationInterceptorChain.java:62) ~[org.junit.jupiter.engine_5.5.1.v20190826-0900.jar:5.5.1]
	at org.junit.jupiter.engine.execution.InvocationInterceptorChain.chainAndInvoke(InvocationInterceptorChain.java:43) ~[org.junit.jupiter.engine_5.5.1.v20190826-0900.jar:5.5.1]
	at org.junit.jupiter.engine.execution.InvocationInterceptorChain.invoke(InvocationInterceptorChain.java:35) ~[org.junit.jupiter.engine_5.5.1.v20190826-0900.jar:5.5.1]
	at org.junit.jupiter.engine.execution.ExecutableInvoker.invoke(ExecutableInvoker.java:104) ~[org.junit.jupiter.engine_5.5.1.v20190826-0900.jar:5.5.1]
	at org.junit.jupiter.engine.execution.ExecutableInvoker.invoke(ExecutableInvoker.java:98) ~[org.junit.jupiter.engine_5.5.1.v20190826-0900.jar:5.5.1]
	at org.junit.jupiter.engine.descriptor.TestMethodTestDescriptor.lambda$invokeTestMethod$6(TestMethodTestDescriptor.java:202) ~[org.junit.jupiter.engine_5.5.1.v20190826-0900.jar:5.5.1]
	at org.junit.platform.engine.support.hierarchical.ThrowableCollector.execute(ThrowableCollector.java:73) ~[org.junit.platform.engine_1.5.1.v20190826-0900.jar:1.5.1]
	at org.junit.jupiter.engine.descriptor.TestMethodTestDescriptor.invokeTestMethod(TestMethodTestDescriptor.java:198) ~[org.junit.jupiter.engine_5.5.1.v20190826-0900.jar:5.5.1]
	at org.junit.jupiter.engine.descriptor.TestMethodTestDescriptor.execute(TestMethodTestDescriptor.java:135) ~[org.junit.jupiter.engine_5.5.1.v20190826-0900.jar:5.5.1]
	at org.junit.jupiter.engine.descriptor.TestMethodTestDescriptor.execute(TestMethodTestDescriptor.java:69) ~[org.junit.jupiter.engine_5.5.1.v20190826-0900.jar:5.5.1]
	at org.junit.platform.engine.support.hierarchical.NodeTestTask.lambda$executeRecursively$5(NodeTestTask.java:135) ~[org.junit.platform.engine_1.5.1.v20190826-0900.jar:1.5.1]
	at org.junit.platform.engine.support.hierarchical.ThrowableCollector.execute(ThrowableCollector.java:73) ~[org.junit.platform.engine_1.5.1.v20190826-0900.jar:1.5.1]
	at org.junit.platform.engine.support.hierarchical.NodeTestTask.lambda$executeRecursively$7(NodeTestTask.java:125) ~[org.junit.platform.engine_1.5.1.v20190826-0900.jar:1.5.1]
	at org.junit.platform.engine.support.hierarchical.Node.around(Node.java:135) ~[org.junit.platform.engine_1.5.1.v20190826-0900.jar:1.5.1]
	at org.junit.platform.engine.support.hierarchical.NodeTestTask.lambda$executeRecursively$8(NodeTestTask.java:123) ~[org.junit.platform.engine_1.5.1.v20190826-0900.jar:1.5.1]
	at org.junit.platform.engine.support.hierarchical.ThrowableCollector.execute(ThrowableCollector.java:73) ~[org.junit.platform.engine_1.5.1.v20190826-0900.jar:1.5.1]
	at org.junit.platform.engine.support.hierarchical.NodeTestTask.executeRecursively(NodeTestTask.java:122) ~[org.junit.platform.engine_1.5.1.v20190826-0900.jar:1.5.1]
	at org.junit.platform.engine.support.hierarchical.NodeTestTask.execute(NodeTestTask.java:80) ~[org.junit.platform.engine_1.5.1.v20190826-0900.jar:1.5.1]
	at java.util.ArrayList.forEach(ArrayList.java:1257) ~[?:1.8.0_242]
	at org.junit.platform.engine.support.hierarchical.SameThreadHierarchicalTestExecutorService.invokeAll(SameThreadHierarchicalTestExecutorService.java:38) ~[org.junit.platform.engine_1.5.1.v20190826-0900.jar:1.5.1]
	at org.junit.platform.engine.support.hierarchical.NodeTestTask.lambda$executeRecursively$5(NodeTestTask.java:139) ~[org.junit.platform.engine_1.5.1.v20190826-0900.jar:1.5.1]
	at org.junit.platform.engine.support.hierarchical.ThrowableCollector.execute(ThrowableCollector.java:73) ~[org.junit.platform.engine_1.5.1.v20190826-0900.jar:1.5.1]
	at org.junit.platform.engine.support.hierarchical.NodeTestTask.lambda$executeRecursively$7(NodeTestTask.java:125) ~[org.junit.platform.engine_1.5.1.v20190826-0900.jar:1.5.1]
	at org.junit.platform.engine.support.hierarchical.Node.around(Node.java:135) ~[org.junit.platform.engine_1.5.1.v20190826-0900.jar:1.5.1]
	at org.junit.platform.engine.support.hierarchical.NodeTestTask.lambda$executeRecursively$8(NodeTestTask.java:123) ~[org.junit.platform.engine_1.5.1.v20190826-0900.jar:1.5.1]
	at org.junit.platform.engine.support.hierarchical.ThrowableCollector.execute(ThrowableCollector.java:73) ~[org.junit.platform.engine_1.5.1.v20190826-0900.jar:1.5.1]
	at org.junit.platform.engine.support.hierarchical.NodeTestTask.executeRecursively(NodeTestTask.java:122) ~[org.junit.platform.engine_1.5.1.v20190826-0900.jar:1.5.1]
	at org.junit.platform.engine.support.hierarchical.NodeTestTask.execute(NodeTestTask.java:80) ~[org.junit.platform.engine_1.5.1.v20190826-0900.jar:1.5.1]
	at java.util.ArrayList.forEach(ArrayList.java:1257) ~[?:1.8.0_242]
	at org.junit.platform.engine.support.hierarchical.SameThreadHierarchicalTestExecutorService.invokeAll(SameThreadHierarchicalTestExecutorService.java:38) ~[org.junit.platform.engine_1.5.1.v20190826-0900.jar:1.5.1]
	at org.junit.platform.engine.support.hierarchical.NodeTestTask.lambda$executeRecursively$5(NodeTestTask.java:139) ~[org.junit.platform.engine_1.5.1.v20190826-0900.jar:1.5.1]
	at org.junit.platform.engine.support.hierarchical.ThrowableCollector.execute(ThrowableCollector.java:73) ~[org.junit.platform.engine_1.5.1.v20190826-0900.jar:1.5.1]
	at org.junit.platform.engine.support.hierarchical.NodeTestTask.lambda$executeRecursively$7(NodeTestTask.java:125) ~[org.junit.platform.engine_1.5.1.v20190826-0900.jar:1.5.1]
	at org.junit.platform.engine.support.hierarchical.Node.around(Node.java:135) ~[org.junit.platform.engine_1.5.1.v20190826-0900.jar:1.5.1]
	at org.junit.platform.engine.support.hierarchical.NodeTestTask.lambda$executeRecursively$8(NodeTestTask.java:123) ~[org.junit.platform.engine_1.5.1.v20190826-0900.jar:1.5.1]
	at org.junit.platform.engine.support.hierarchical.ThrowableCollector.execute(ThrowableCollector.java:73) ~[org.junit.platform.engine_1.5.1.v20190826-0900.jar:1.5.1]
	at org.junit.platform.engine.support.hierarchical.NodeTestTask.executeRecursively(NodeTestTask.java:122) ~[org.junit.platform.engine_1.5.1.v20190826-0900.jar:1.5.1]
	at org.junit.platform.engine.support.hierarchical.NodeTestTask.execute(NodeTestTask.java:80) ~[org.junit.platform.engine_1.5.1.v20190826-0900.jar:1.5.1]
	at org.junit.platform.engine.support.hierarchical.SameThreadHierarchicalTestExecutorService.submit(SameThreadHierarchicalTestExecutorService.java:32) ~[org.junit.platform.engine_1.5.1.v20190826-0900.jar:1.5.1]
	at org.junit.platform.engine.support.hierarchical.HierarchicalTestExecutor.execute(HierarchicalTestExecutor.java:57) ~[org.junit.platform.engine_1.5.1.v20190826-0900.jar:1.5.1]
	at org.junit.platform.engine.support.hierarchical.HierarchicalTestEngine.execute(HierarchicalTestEngine.java:51) ~[org.junit.platform.engine_1.5.1.v20190826-0900.jar:1.5.1]
	at org.junit.platform.launcher.core.DefaultLauncher.execute(DefaultLauncher.java:229) ~[org.junit.platform.launcher_1.5.1.v20190826-0900.jar:1.5.1]
	at org.junit.platform.launcher.core.DefaultLauncher.lambda$execute$6(DefaultLauncher.java:197) ~[org.junit.platform.launcher_1.5.1.v20190826-0900.jar:1.5.1]
	at org.junit.platform.launcher.core.DefaultLauncher.withInterceptedStreams(DefaultLauncher.java:211) [org.junit.platform.launcher_1.5.1.v20190826-0900.jar:1.5.1]
	at org.junit.platform.launcher.core.DefaultLauncher.execute(DefaultLauncher.java:191) [org.junit.platform.launcher_1.5.1.v20190826-0900.jar:1.5.1]
	at org.junit.platform.launcher.core.DefaultLauncher.execute(DefaultLauncher.java:137) [org.junit.platform.launcher_1.5.1.v20190826-0900.jar:1.5.1]
	at org.eclipse.jdt.internal.junit5.runner.JUnit5TestReference.run(JUnit5TestReference.java:89) [.cp/:?]
	at org.eclipse.jdt.internal.junit.runner.TestExecution.run(TestExecution.java:41) [.cp/:?]
	at org.eclipse.jdt.internal.junit.runner.RemoteTestRunner.runTests(RemoteTestRunner.java:542) [.cp/:?]
	at org.eclipse.jdt.internal.junit.runner.RemoteTestRunner.runTests(RemoteTestRunner.java:770) [.cp/:?]
	at org.eclipse.jdt.internal.junit.runner.RemoteTestRunner.run(RemoteTestRunner.java:464) [.cp/:?]
	at org.eclipse.jdt.internal.junit.runner.RemoteTestRunner.main(RemoteTestRunner.java:210) [.cp/:?]
2020-03-27 12:26:32 [main] ERROR InputReaderUtil:18 - Error while reading user input from Shell
java.util.NoSuchElementException: No line found
	at java.util.Scanner.nextLine(Scanner.java:1540) ~[?:1.8.0_242]
	at com.parkit.parkingsystem.util.InputReaderUtil.readSelection(InputReaderUtil.java:15) ~[classes/:?]
	at com.parkit.parkingsystem.InuptReaderUtilTest.readSelectionExceptionTest(InuptReaderUtilTest.java:64) ~[test-classes/:?]
	at sun.reflect.NativeMethodAccessorImpl.invoke0(Native Method) ~[?:1.8.0_242]
	at sun.reflect.NativeMethodAccessorImpl.invoke(NativeMethodAccessorImpl.java:62) ~[?:1.8.0_242]
	at sun.reflect.DelegatingMethodAccessorImpl.invoke(DelegatingMethodAccessorImpl.java:43) ~[?:1.8.0_242]
	at java.lang.reflect.Method.invoke(Method.java:498) ~[?:1.8.0_242]
	at org.junit.platform.commons.util.ReflectionUtils.invokeMethod(ReflectionUtils.java:675) ~[org.junit.platform.commons_1.5.1.v20190826-0900.jar:1.5.1]
	at org.junit.jupiter.engine.execution.MethodInvocation.proceed(MethodInvocation.java:60) ~[org.junit.jupiter.engine_5.5.1.v20190826-0900.jar:5.5.1]
	at org.junit.jupiter.engine.execution.InvocationInterceptorChain$ValidatingInvocation.proceed(InvocationInterceptorChain.java:125) ~[org.junit.jupiter.engine_5.5.1.v20190826-0900.jar:5.5.1]
	at org.junit.jupiter.engine.extension.TimeoutExtension.intercept(TimeoutExtension.java:132) ~[org.junit.jupiter.engine_5.5.1.v20190826-0900.jar:5.5.1]
	at org.junit.jupiter.engine.extension.TimeoutExtension.interceptTestableMethod(TimeoutExtension.java:124) ~[org.junit.jupiter.engine_5.5.1.v20190826-0900.jar:5.5.1]
	at org.junit.jupiter.engine.extension.TimeoutExtension.interceptTestMethod(TimeoutExtension.java:74) ~[org.junit.jupiter.engine_5.5.1.v20190826-0900.jar:5.5.1]
	at org.junit.jupiter.engine.execution.ExecutableInvoker$ReflectiveInterceptorCall.lambda$ofVoidMethod$0(ExecutableInvoker.java:115) ~[org.junit.jupiter.engine_5.5.1.v20190826-0900.jar:5.5.1]
	at org.junit.jupiter.engine.execution.ExecutableInvoker.lambda$invoke$0(ExecutableInvoker.java:105) ~[org.junit.jupiter.engine_5.5.1.v20190826-0900.jar:5.5.1]
	at org.junit.jupiter.engine.execution.InvocationInterceptorChain$InterceptedInvocation.proceed(InvocationInterceptorChain.java:104) ~[org.junit.jupiter.engine_5.5.1.v20190826-0900.jar:5.5.1]
	at org.junit.jupiter.engine.execution.InvocationInterceptorChain.proceed(InvocationInterceptorChain.java:62) ~[org.junit.jupiter.engine_5.5.1.v20190826-0900.jar:5.5.1]
	at org.junit.jupiter.engine.execution.InvocationInterceptorChain.chainAndInvoke(InvocationInterceptorChain.java:43) ~[org.junit.jupiter.engine_5.5.1.v20190826-0900.jar:5.5.1]
	at org.junit.jupiter.engine.execution.InvocationInterceptorChain.invoke(InvocationInterceptorChain.java:35) ~[org.junit.jupiter.engine_5.5.1.v20190826-0900.jar:5.5.1]
	at org.junit.jupiter.engine.execution.ExecutableInvoker.invoke(ExecutableInvoker.java:104) ~[org.junit.jupiter.engine_5.5.1.v20190826-0900.jar:5.5.1]
	at org.junit.jupiter.engine.execution.ExecutableInvoker.invoke(ExecutableInvoker.java:98) ~[org.junit.jupiter.engine_5.5.1.v20190826-0900.jar:5.5.1]
	at org.junit.jupiter.engine.descriptor.TestMethodTestDescriptor.lambda$invokeTestMethod$6(TestMethodTestDescriptor.java:202) ~[org.junit.jupiter.engine_5.5.1.v20190826-0900.jar:5.5.1]
	at org.junit.platform.engine.support.hierarchical.ThrowableCollector.execute(ThrowableCollector.java:73) ~[org.junit.platform.engine_1.5.1.v20190826-0900.jar:1.5.1]
	at org.junit.jupiter.engine.descriptor.TestMethodTestDescriptor.invokeTestMethod(TestMethodTestDescriptor.java:198) ~[org.junit.jupiter.engine_5.5.1.v20190826-0900.jar:5.5.1]
	at org.junit.jupiter.engine.descriptor.TestMethodTestDescriptor.execute(TestMethodTestDescriptor.java:135) ~[org.junit.jupiter.engine_5.5.1.v20190826-0900.jar:5.5.1]
	at org.junit.jupiter.engine.descriptor.TestMethodTestDescriptor.execute(TestMethodTestDescriptor.java:69) ~[org.junit.jupiter.engine_5.5.1.v20190826-0900.jar:5.5.1]
	at org.junit.platform.engine.support.hierarchical.NodeTestTask.lambda$executeRecursively$5(NodeTestTask.java:135) ~[org.junit.platform.engine_1.5.1.v20190826-0900.jar:1.5.1]
	at org.junit.platform.engine.support.hierarchical.ThrowableCollector.execute(ThrowableCollector.java:73) ~[org.junit.platform.engine_1.5.1.v20190826-0900.jar:1.5.1]
	at org.junit.platform.engine.support.hierarchical.NodeTestTask.lambda$executeRecursively$7(NodeTestTask.java:125) ~[org.junit.platform.engine_1.5.1.v20190826-0900.jar:1.5.1]
	at org.junit.platform.engine.support.hierarchical.Node.around(Node.java:135) ~[org.junit.platform.engine_1.5.1.v20190826-0900.jar:1.5.1]
	at org.junit.platform.engine.support.hierarchical.NodeTestTask.lambda$executeRecursively$8(NodeTestTask.java:123) ~[org.junit.platform.engine_1.5.1.v20190826-0900.jar:1.5.1]
	at org.junit.platform.engine.support.hierarchical.ThrowableCollector.execute(ThrowableCollector.java:73) ~[org.junit.platform.engine_1.5.1.v20190826-0900.jar:1.5.1]
	at org.junit.platform.engine.support.hierarchical.NodeTestTask.executeRecursively(NodeTestTask.java:122) ~[org.junit.platform.engine_1.5.1.v20190826-0900.jar:1.5.1]
	at org.junit.platform.engine.support.hierarchical.NodeTestTask.execute(NodeTestTask.java:80) ~[org.junit.platform.engine_1.5.1.v20190826-0900.jar:1.5.1]
	at java.util.ArrayList.forEach(ArrayList.java:1257) ~[?:1.8.0_242]
	at org.junit.platform.engine.support.hierarchical.SameThreadHierarchicalTestExecutorService.invokeAll(SameThreadHierarchicalTestExecutorService.java:38) ~[org.junit.platform.engine_1.5.1.v20190826-0900.jar:1.5.1]
	at org.junit.platform.engine.support.hierarchical.NodeTestTask.lambda$executeRecursively$5(NodeTestTask.java:139) ~[org.junit.platform.engine_1.5.1.v20190826-0900.jar:1.5.1]
	at org.junit.platform.engine.support.hierarchical.ThrowableCollector.execute(ThrowableCollector.java:73) ~[org.junit.platform.engine_1.5.1.v20190826-0900.jar:1.5.1]
	at org.junit.platform.engine.support.hierarchical.NodeTestTask.lambda$executeRecursively$7(NodeTestTask.java:125) ~[org.junit.platform.engine_1.5.1.v20190826-0900.jar:1.5.1]
	at org.junit.platform.engine.support.hierarchical.Node.around(Node.java:135) ~[org.junit.platform.engine_1.5.1.v20190826-0900.jar:1.5.1]
	at org.junit.platform.engine.support.hierarchical.NodeTestTask.lambda$executeRecursively$8(NodeTestTask.java:123) ~[org.junit.platform.engine_1.5.1.v20190826-0900.jar:1.5.1]
	at org.junit.platform.engine.support.hierarchical.ThrowableCollector.execute(ThrowableCollector.java:73) ~[org.junit.platform.engine_1.5.1.v20190826-0900.jar:1.5.1]
	at org.junit.platform.engine.support.hierarchical.NodeTestTask.executeRecursively(NodeTestTask.java:122) ~[org.junit.platform.engine_1.5.1.v20190826-0900.jar:1.5.1]
	at org.junit.platform.engine.support.hierarchical.NodeTestTask.execute(NodeTestTask.java:80) ~[org.junit.platform.engine_1.5.1.v20190826-0900.jar:1.5.1]
	at java.util.ArrayList.forEach(ArrayList.java:1257) ~[?:1.8.0_242]
	at org.junit.platform.engine.support.hierarchical.SameThreadHierarchicalTestExecutorService.invokeAll(SameThreadHierarchicalTestExecutorService.java:38) ~[org.junit.platform.engine_1.5.1.v20190826-0900.jar:1.5.1]
	at org.junit.platform.engine.support.hierarchical.NodeTestTask.lambda$executeRecursively$5(NodeTestTask.java:139) ~[org.junit.platform.engine_1.5.1.v20190826-0900.jar:1.5.1]
	at org.junit.platform.engine.support.hierarchical.ThrowableCollector.execute(ThrowableCollector.java:73) ~[org.junit.platform.engine_1.5.1.v20190826-0900.jar:1.5.1]
	at org.junit.platform.engine.support.hierarchical.NodeTestTask.lambda$executeRecursively$7(NodeTestTask.java:125) ~[org.junit.platform.engine_1.5.1.v20190826-0900.jar:1.5.1]
	at org.junit.platform.engine.support.hierarchical.Node.around(Node.java:135) ~[org.junit.platform.engine_1.5.1.v20190826-0900.jar:1.5.1]
	at org.junit.platform.engine.support.hierarchical.NodeTestTask.lambda$executeRecursively$8(NodeTestTask.java:123) ~[org.junit.platform.engine_1.5.1.v20190826-0900.jar:1.5.1]
	at org.junit.platform.engine.support.hierarchical.ThrowableCollector.execute(ThrowableCollector.java:73) ~[org.junit.platform.engine_1.5.1.v20190826-0900.jar:1.5.1]
	at org.junit.platform.engine.support.hierarchical.NodeTestTask.executeRecursively(NodeTestTask.java:122) ~[org.junit.platform.engine_1.5.1.v20190826-0900.jar:1.5.1]
	at org.junit.platform.engine.support.hierarchical.NodeTestTask.execute(NodeTestTask.java:80) ~[org.junit.platform.engine_1.5.1.v20190826-0900.jar:1.5.1]
	at org.junit.platform.engine.support.hierarchical.SameThreadHierarchicalTestExecutorService.submit(SameThreadHierarchicalTestExecutorService.java:32) ~[org.junit.platform.engine_1.5.1.v20190826-0900.jar:1.5.1]
	at org.junit.platform.engine.support.hierarchical.HierarchicalTestExecutor.execute(HierarchicalTestExecutor.java:57) ~[org.junit.platform.engine_1.5.1.v20190826-0900.jar:1.5.1]
	at org.junit.platform.engine.support.hierarchical.HierarchicalTestEngine.execute(HierarchicalTestEngine.java:51) ~[org.junit.platform.engine_1.5.1.v20190826-0900.jar:1.5.1]
	at org.junit.platform.launcher.core.DefaultLauncher.execute(DefaultLauncher.java:229) ~[org.junit.platform.launcher_1.5.1.v20190826-0900.jar:1.5.1]
	at org.junit.platform.launcher.core.DefaultLauncher.lambda$execute$6(DefaultLauncher.java:197) ~[org.junit.platform.launcher_1.5.1.v20190826-0900.jar:1.5.1]
	at org.junit.platform.launcher.core.DefaultLauncher.withInterceptedStreams(DefaultLauncher.java:211) [org.junit.platform.launcher_1.5.1.v20190826-0900.jar:1.5.1]
	at org.junit.platform.launcher.core.DefaultLauncher.execute(DefaultLauncher.java:191) [org.junit.platform.launcher_1.5.1.v20190826-0900.jar:1.5.1]
	at org.junit.platform.launcher.core.DefaultLauncher.execute(DefaultLauncher.java:137) [org.junit.platform.launcher_1.5.1.v20190826-0900.jar:1.5.1]
	at org.eclipse.jdt.internal.junit5.runner.JUnit5TestReference.run(JUnit5TestReference.java:89) [.cp/:?]
	at org.eclipse.jdt.internal.junit.runner.TestExecution.run(TestExecution.java:41) [.cp/:?]
	at org.eclipse.jdt.internal.junit.runner.RemoteTestRunner.runTests(RemoteTestRunner.java:542) [.cp/:?]
	at org.eclipse.jdt.internal.junit.runner.RemoteTestRunner.runTests(RemoteTestRunner.java:770) [.cp/:?]
	at org.eclipse.jdt.internal.junit.runner.RemoteTestRunner.run(RemoteTestRunner.java:464) [.cp/:?]
	at org.eclipse.jdt.internal.junit.runner.RemoteTestRunner.main(RemoteTestRunner.java:210) [.cp/:?]
